This is pdfTeX, Version 3.1415926-1.40.10 (TeX Live 2009/Debian) (format=pdflatex 2013.8.7)  14 NOV 2015 15:00
entering extended mode
 %&-line parsing enabled.
**mcca_final.tex
(./mcca_final.tex
LaTeX2e <2009/09/24>
Babel <v3.8l> and hyphenation patterns for english, usenglishmax, dumylang, noh
yphenation, loaded.
(./IEEEtran.cls
Document Class: IEEEtran 2007/03/05 V1.7a by Michael Shell
-- See the "IEEEtran_HOWTO" manual for usage information.
-- http://www.michaelshell.org/tex/ieeetran/
\@IEEEtrantmpdimenA=\dimen102
\@IEEEtrantmpdimenB=\dimen103
\@IEEEtrantmpcountA=\count79
\@IEEEtrantmpcountB=\count80
\@IEEEtrantmptoksA=\toks14
LaTeX Font Info:    Try loading font information for OT1+ptm on input line 366.

(/usr/share/texmf-texlive/tex/latex/psnfss/ot1ptm.fd
File: ot1ptm.fd 2001/06/04 font definitions for OT1/ptm.
)
-- Using 8.5in x 11in (letter) paper.
-- Using PDF output.
\@IEEEnormalsizeunitybaselineskip=\dimen104
-- This is a 10 point document.
\CLASSINFOnormalsizebaselineskip=\dimen105
\CLASSINFOnormalsizeunitybaselineskip=\dimen106
\IEEEnormaljot=\dimen107
LaTeX Font Info:    Font shape `OT1/ptm/bx/n' in size <5> not available
(Font)              Font shape `OT1/ptm/b/n' tried instead on input line 724.
LaTeX Font Info:    Font shape `OT1/ptm/bx/it' in size <5> not available
(Font)              Font shape `OT1/ptm/b/it' tried instead on input line 724.
LaTeX Font Info:    Font shape `OT1/ptm/bx/n' in size <7> not available
(Font)              Font shape `OT1/ptm/b/n' tried instead on input line 724.
LaTeX Font Info:    Font shape `OT1/ptm/bx/it' in size <7> not available
(Font)              Font shape `OT1/ptm/b/it' tried instead on input line 724.
LaTeX Font Info:    Font shape `OT1/ptm/bx/n' in size <8> not available
(Font)              Font shape `OT1/ptm/b/n' tried instead on input line 724.
LaTeX Font Info:    Font shape `OT1/ptm/bx/it' in size <8> not available
(Font)              Font shape `OT1/ptm/b/it' tried instead on input line 724.
LaTeX Font Info:    Font shape `OT1/ptm/bx/n' in size <9> not available
(Font)              Font shape `OT1/ptm/b/n' tried instead on input line 724.
LaTeX Font Info:    Font shape `OT1/ptm/bx/it' in size <9> not available
(Font)              Font shape `OT1/ptm/b/it' tried instead on input line 724.
LaTeX Font Info:    Font shape `OT1/ptm/bx/n' in size <10> not available
(Font)              Font shape `OT1/ptm/b/n' tried instead on input line 724.
LaTeX Font Info:    Font shape `OT1/ptm/bx/it' in size <10> not available
(Font)              Font shape `OT1/ptm/b/it' tried instead on input line 724.
LaTeX Font Info:    Font shape `OT1/ptm/bx/n' in size <11> not available
(Font)              Font shape `OT1/ptm/b/n' tried instead on input line 724.
LaTeX Font Info:    Font shape `OT1/ptm/bx/it' in size <11> not available
(Font)              Font shape `OT1/ptm/b/it' tried instead on input line 724.
LaTeX Font Info:    Font shape `OT1/ptm/bx/n' in size <12> not available
(Font)              Font shape `OT1/ptm/b/n' tried instead on input line 724.
LaTeX Font Info:    Font shape `OT1/ptm/bx/it' in size <12> not available
(Font)              Font shape `OT1/ptm/b/it' tried instead on input line 724.
LaTeX Font Info:    Font shape `OT1/ptm/bx/n' in size <17> not available
(Font)              Font shape `OT1/ptm/b/n' tried instead on input line 724.
LaTeX Font Info:    Font shape `OT1/ptm/bx/it' in size <17> not available
(Font)              Font shape `OT1/ptm/b/it' tried instead on input line 724.
LaTeX Font Info:    Font shape `OT1/ptm/bx/n' in size <20> not available
(Font)              Font shape `OT1/ptm/b/n' tried instead on input line 724.
LaTeX Font Info:    Font shape `OT1/ptm/bx/it' in size <20> not available
(Font)              Font shape `OT1/ptm/b/it' tried instead on input line 724.
LaTeX Font Info:    Font shape `OT1/ptm/bx/n' in size <24> not available
(Font)              Font shape `OT1/ptm/b/n' tried instead on input line 724.
LaTeX Font Info:    Font shape `OT1/ptm/bx/it' in size <24> not available
(Font)              Font shape `OT1/ptm/b/it' tried instead on input line 724.
\IEEEilabelindentA=\dimen108
\IEEEilabelindentB=\dimen109
\IEEEilabelindent=\dimen110
\IEEEelabelindent=\dimen111
\IEEEdlabelindent=\dimen112
\IEEElabelindent=\dimen113
\IEEEiednormlabelsep=\dimen114
\IEEEiedmathlabelsep=\dimen115
\IEEEiedtopsep=\skip41
\c@section=\count81
\c@subsection=\count82
\c@subsubsection=\count83
\c@paragraph=\count84
\c@IEEEsubequation=\count85
\abovecaptionskip=\skip42
\belowcaptionskip=\skip43
\c@figure=\count86
\c@table=\count87
\@IEEEeqnnumcols=\count88
\@IEEEeqncolcnt=\count89
\@IEEEtmpitemindent=\dimen116
\c@IEEEbiography=\count90
\@IEEEtranrubishbin=\box26
)
\@input{my_header.aux}
\openout2 = `my_header.aux'.

(/home/asendorf/texmf/tex/latex/my_header.tex
(/usr/share/texmf-texlive/tex/latex/amsmath/amstext.sty
Package: amstext 2000/06/29 v2.01

(/usr/share/texmf-texlive/tex/latex/amsmath/amsgen.sty
File: amsgen.sty 1999/11/30 v2.0
\@emptytoks=\toks15
\ex@=\dimen117
))
(/usr/share/texmf-texlive/tex/latex/amsmath/amsmath.sty
Package: amsmath 2000/07/18 v2.13 AMS math features
\@mathmargin=\skip44

For additional information on amsmath, use the `?' option.
(/usr/share/texmf-texlive/tex/latex/amsmath/amsbsy.sty
Package: amsbsy 1999/11/29 v1.2d
\pmbraise@=\dimen118
)
(/usr/share/texmf-texlive/tex/latex/amsmath/amsopn.sty
Package: amsopn 1999/12/14 v2.01 operator names
)
\inf@bad=\count91
LaTeX Info: Redefining \frac on input line 211.
\uproot@=\count92
\leftroot@=\count93
LaTeX Info: Redefining \overline on input line 307.
\classnum@=\count94
\DOTSCASE@=\count95
LaTeX Info: Redefining \ldots on input line 379.
LaTeX Info: Redefining \dots on input line 382.
LaTeX Info: Redefining \cdots on input line 467.
\Mathstrutbox@=\box27
\strutbox@=\box28
\big@size=\dimen119
LaTeX Font Info:    Redeclaring font encoding OML on input line 567.
LaTeX Font Info:    Redeclaring font encoding OMS on input line 568.
\macc@depth=\count96
\c@MaxMatrixCols=\count97
\dotsspace@=\muskip10
\c@parentequation=\count98
\dspbrk@lvl=\count99
\tag@help=\toks16
\row@=\count100
\column@=\count101
\maxfields@=\count102
\andhelp@=\toks17
\eqnshift@=\dimen120
\alignsep@=\dimen121
\tagshift@=\dimen122
\tagwidth@=\dimen123
\totwidth@=\dimen124
\lineht@=\dimen125
\@envbody=\toks18
\multlinegap=\skip45
\multlinetaggap=\skip46
\mathdisplay@stack=\toks19
LaTeX Info: Redefining \[ on input line 2666.
LaTeX Info: Redefining \] on input line 2667.
)
(/usr/share/texmf-texlive/tex/latex/amsfonts/amssymb.sty
Package: amssymb 2009/06/22 v3.00

(/usr/share/texmf-texlive/tex/latex/amsfonts/amsfonts.sty
Package: amsfonts 2009/06/22 v3.00 Basic AMSFonts support
\symAMSa=\mathgroup4
\symAMSb=\mathgroup5
LaTeX Font Info:    Overwriting math alphabet `\mathfrak' in version `bold'
(Font)                  U/euf/m/n --> U/euf/b/n on input line 96.
))
(/usr/share/texmf-texlive/tex/latex/cite/cite.sty
LaTeX Info: Redefining \cite on input line 285.
LaTeX Info: Redefining \nocite on input line 356.
Package: cite 2009/08/29  v 5.2
)
(/usr/share/texmf-texlive/tex/latex/amscls/amsthm.sty
Package: amsthm 2004/08/06 v2.20
\thm@style=\toks20
\thm@bodyfont=\toks21
\thm@headfont=\toks22
\thm@notefont=\toks23
\thm@headpunct=\toks24
\thm@preskip=\skip47
\thm@postskip=\skip48
\thm@headsep=\skip49
\dth@everypar=\toks25
)
(/usr/share/texmf-texlive/tex/latex/graphics/graphicx.sty
Package: graphicx 1999/02/16 v1.0f Enhanced LaTeX Graphics (DPC,SPQR)

(/usr/share/texmf-texlive/tex/latex/graphics/keyval.sty
Package: keyval 1999/03/16 v1.13 key=value parser (DPC)
\KV@toks@=\toks26
)
(/usr/share/texmf-texlive/tex/latex/graphics/graphics.sty
Package: graphics 2009/02/05 v1.0o Standard LaTeX Graphics (DPC,SPQR)

(/usr/share/texmf-texlive/tex/latex/graphics/trig.sty
Package: trig 1999/03/16 v1.09 sin cos tan (DPC)
)
(/etc/texmf/tex/latex/config/graphics.cfg
File: graphics.cfg 2009/08/28 v1.8 graphics configuration of TeX Live
)
Package graphics Info: Driver file: pdftex.def on input line 91.

(/usr/share/texmf-texlive/tex/latex/pdftex-def/pdftex.def
File: pdftex.def 2010/03/12 v0.04p Graphics/color for pdfTeX
\Gread@gobject=\count103
))
\Gin@req@height=\dimen126
\Gin@req@width=\dimen127
)
(/usr/share/texmf-texlive/tex/latex/algorithm2e/algorithm2e.sty
Package: algorithm2e 2005/10/04 v3.9 algorithms environments
\c@AlgoLine=\count104

(/usr/share/texmf-texlive/tex/latex/base/ifthen.sty
Package: ifthen 2001/05/26 v1.1c Standard LaTeX ifthen package (DPC)
)
(/usr/share/texmf-texlive/tex/latex/tools/xspace.sty
Package: xspace 2006/05/08 v1.12 Space after command names (DPC,MH)
)
********************************************************
Package `algorithm2e' Release 3.9 -- october 04 2005 --
- algorithm2e-announce@lirmm.fr mailing list for announcement about releases
- algorithm2e-discussion@lirmm.fr mailing list for discussion about package
subscribe by emailing sympa@lirmm.fr with 'subscribe <list> <firstname name>'
- Author: Christophe Fiorio (fiorio@lirmm.fr)
********************************************************
\skiptotal=\skip50
\skiprule=\skip51
\skiphlne=\skip52
\skiptext=\skip53
\skiplength=\skip54
\algomargin=\skip55
\skipalgocfslide=\skip56
\algowidth=\dimen128
\inoutsize=\dimen129
\inoutline=\dimen130
\algocf@inoutbox=\box29
\algocf@inputbox=\box30
\AlCapSkip=\skip57
\AlCapHSkip=\skip58
\algocf@capbox=\box31
\c@algocfline=\count105
\c@algocf=\count106
\algocf@algoframe=\box32
\algocf@algobox=\box33
) (/usr/share/texmf-texlive/tex/latex/booktabs/booktabs.sty
Package: booktabs 2005/04/14 v1.61803 publication quality tables
\heavyrulewidth=\dimen131
\lightrulewidth=\dimen132
\cmidrulewidth=\dimen133
\belowrulesep=\dimen134
\belowbottomsep=\dimen135
\aboverulesep=\dimen136
\abovetopsep=\dimen137
\cmidrulesep=\dimen138
\cmidrulekern=\dimen139
\defaultaddspace=\dimen140
\@cmidla=\count107
\@cmidlb=\count108
\@aboverulesep=\dimen141
\@belowrulesep=\dimen142
\@thisruleclass=\count109
\@lastruleclass=\count110
\@thisrulewidth=\dimen143
)
(/usr/share/texmf-texlive/tex/latex/subfigure/subfigure.sty
Package: subfigure 2002/03/15 v2.1.5 subfigure package
\subfigtopskip=\skip59
\subfigcapskip=\skip60
\subfigcaptopadj=\dimen144
\subfigbottomskip=\skip61
\subfigcapmargin=\dimen145
\subfiglabelskip=\skip62
\c@subfigure=\count111
\c@lofdepth=\count112
\c@subtable=\count113
\c@lotdepth=\count114

****************************************
* Local config file subfigure.cfg used *
****************************************
(/usr/share/texmf-texlive/tex/latex/subfigure/subfigure.cfg)
\subfig@top=\skip63
\subfig@bottom=\skip64
)
(/usr/share/texmf-texlive/tex/latex/comment/comment.sty
\CommentStream=\write3

Excluding comment 'comment')
(/usr/share/texmf-texlive/tex/latex/graphics/color.sty
Package: color 2005/11/14 v1.0j Standard LaTeX Color (DPC)

(/etc/texmf/tex/latex/config/color.cfg
File: color.cfg 2007/01/18 v1.5 color configuration of teTeX/TeXLive
)
Package color Info: Driver file: pdftex.def on input line 130.
)
(/usr/share/texmf/tex/latex/xcolor/xcolor.sty
Package: xcolor 2007/01/21 v2.11 LaTeX color extensions (UK)

(/etc/texmf/tex/latex/config/color.cfg
File: color.cfg 2007/01/18 v1.5 color configuration of teTeX/TeXLive
)
Package xcolor Info: Driver file: pdftex.def on input line 225.
LaTeX Info: Redefining \color on input line 702.
Package xcolor Info: Model `cmy' substituted by `cmy0' on input line 1337.
Package xcolor Info: Model `hsb' substituted by `rgb' on input line 1341.
Package xcolor Info: Model `RGB' extended on input line 1353.
Package xcolor Info: Model `HTML' substituted by `rgb' on input line 1355.
Package xcolor Info: Model `Hsb' substituted by `hsb' on input line 1356.
Package xcolor Info: Model `tHsb' substituted by `hsb' on input line 1357.
Package xcolor Info: Model `HSB' substituted by `hsb' on input line 1358.
Package xcolor Info: Model `Gray' substituted by `gray' on input line 1359.
Package xcolor Info: Model `wave' substituted by `hsb' on input line 1360.
)
(/usr/share/texmf-texlive/tex/latex/psnfss/helvet.sty
Package: helvet 2005/04/12 PSNFSS-v9.2a (WaS) 
)
(/home/asendorf/texmf/tex/latex/UMcolors.sty)
(/usr/share/texmf-texlive/tex/latex/ltxmisc/framed.sty
Package: framed 2007/10/04 v 0.95: framed or shaded text with page breaks
\fb@frw=\dimen146
\fb@frh=\dimen147
\FrameRule=\dimen148
\FrameSep=\dimen149
)
(/usr/share/texmf-texlive/tex/latex/bbm-macros/bbm.sty
Package: bbm 1999/03/15 V 1.2 provides fonts for set symbols - TH
LaTeX Font Info:    Overwriting math alphabet `\mathbbm' in version `bold'
(Font)                  U/bbm/m/n --> U/bbm/bx/n on input line 33.
LaTeX Font Info:    Overwriting math alphabet `\mathbbmss' in version `bold'
(Font)                  U/bbmss/m/n --> U/bbmss/bx/n on input line 35.
)
\mytemplen=\skip65
\mytempbox=\box34
\c@prop=\count115
\c@conj=\count116
\c@Th=\count117
\c@Assum=\count118
\c@Corr=\count119
\c@Def=\count120
\c@Conj=\count121
\c@Remark=\count122
\c@Lem=\count123
)
(/usr/share/texmf-texlive/tex/latex/bezos/accents.sty
Package: accents 2006/05/12 v1.3 Math Accent Tools
\cc@skew=\dimen150
\cc@wd=\dimen151
\cc@code=\count124
\cc@group=\count125
\cc@skewchar=\count126
) (./mcca_final.aux)
\openout1 = `mcca_final.aux'.

LaTeX Font Info:    Checking defaults for OML/cmm/m/it on input line 111.
LaTeX Font Info:    ... okay on input line 111.
LaTeX Font Info:    Checking defaults for T1/cmr/m/n on input line 111.
LaTeX Font Info:    ... okay on input line 111.
LaTeX Font Info:    Checking defaults for OT1/cmr/m/n on input line 111.
LaTeX Font Info:    ... okay on input line 111.
LaTeX Font Info:    Checking defaults for OMS/cmsy/m/n on input line 111.
LaTeX Font Info:    ... okay on input line 111.
LaTeX Font Info:    Checking defaults for OMX/cmex/m/n on input line 111.
LaTeX Font Info:    ... okay on input line 111.
LaTeX Font Info:    Checking defaults for U/cmr/m/n on input line 111.
LaTeX Font Info:    ... okay on input line 111.

(/usr/share/texmf-texlive/tex/context/base/supp-pdf.mkii
[Loading MPS to PDF converter (version 2006.09.02).]
\scratchcounter=\count127
\scratchdimen=\dimen152
\scratchbox=\box35
\nofMPsegments=\count128
\nofMParguments=\count129
\everyMPshowfont=\toks27
\MPscratchCnt=\count130
\MPscratchDim=\dimen153
\MPnumerator=\count131
\everyMPtoPDFconversion=\toks28
) (./nips_mcca.tex
LaTeX Font Info:    Try loading font information for U+msa on input line 51.
 (/usr/share/texmf-texlive/tex/latex/amsfonts/umsa.fd
File: umsa.fd 2009/06/22 v3.00 AMS symbols A
)
LaTeX Font Info:    Try loading font information for U+msb on input line 51.

(/usr/share/texmf-texlive/tex/latex/amsfonts/umsb.fd
File: umsb.fd 2009/06/22 v3.00 AMS symbols B
)
Underfull \hbox (badness 10000) in paragraph at lines 57--60
\OT1/ptm/m/n/10 and the block di-ag-o-nal ma-trix $\OML/cmm/m/it/10 R[] \OT1/cm
r/m/n/10 =
 []


Underfull \hbox (badness 2393) in paragraph at lines 57--60
[]\OT1/cmr/m/n/10 (\OML/cmm/m/it/10 R[]; R[]; [] ; R[]\OT1/cmr/m/n/10 )$\OT1/pt
m/m/n/10 . Both $\OML/cmm/m/it/10 R$ \OT1/ptm/m/n/10 and $\OML/cmm/m/it/10 R[]$
 \OT1/ptm/m/n/10 are of
 []

[1{/var/lib/texmf/fonts/map/pdftex/updmap/pdftex.map}




]
Underfull \hbox (badness 1975) in paragraph at lines 146--153
\OT1/ptm/m/n/10 block ma-tri-ces $[] \OT1/cmr/m/n/10 = []([]\OML/cmm/m/it/10 ; 
[] ; []\OT1/cmr/m/n/10 ) \OMS/cmsy/m/n/10 2 \U/msb/m/n/10 C[]$\OT1/ptm/m/n/10 ,

 []


Underfull \hbox (badness 3128) in paragraph at lines 146--153
[] \OT1/cmr/m/n/10 = []([]\OML/cmm/m/it/10 ; [] ; []\OT1/cmr/m/n/10 ) \OMS/cmsy
/m/n/10 2 \U/msb/m/n/10 C[]$\OT1/ptm/m/n/10 , and $[] \OT1/cmr/m/n/10 =
 []


LaTeX Font Warning: Command \small invalid in math mode on input line 165.

[2] <chpt10_mcca/figs/mcca_pt.pdf, id=30, 563.10374pt x 463.7325pt>
File: chpt10_mcca/figs/mcca_pt.pdf Graphic file (type pdf)

<use chpt10_mcca/figs/mcca_pt.pdf>
<chpt10_mcca/figs/imcca_pt.pdf, id=31, 563.10374pt x 463.7325pt>
File: chpt10_mcca/figs/imcca_pt.pdf Graphic file (type pdf)

<use chpt10_mcca/figs/imcca_pt.pdf>
<chpt10_mcca/figs/mcca_left_man.png, id=32, 240.9pt x 135.50626pt>
File: chpt10_mcca/figs/mcca_left_man.png Graphic file (type png)

<use chpt10_mcca/figs/mcca_left_man.png>
<chpt10_mcca/figs/mcca_mid_man.png, id=33, 240.9pt x 135.50626pt>
File: chpt10_mcca/figs/mcca_mid_man.png Graphic file (type png)

<use chpt10_mcca/figs/mcca_mid_man.png>
<chpt10_mcca/figs/mcca_right_man.png, id=34, 240.9pt x 135.50626pt>
File: chpt10_mcca/figs/mcca_right_man.png Graphic file (type png)

<use chpt10_mcca/figs/mcca_right_man.png> [3 <./chpt10_mcca/figs/mcca_pt.pdf> <
./chpt10_mcca/figs/imcca_pt.pdf>]
<chpt10_mcca/figs/mcca_corrs.pdf, id=66, 562.1pt x 463.7325pt>
File: chpt10_mcca/figs/mcca_corrs.pdf Graphic file (type pdf)

<use chpt10_mcca/figs/mcca_corrs.pdf>
<chpt10_mcca/figs/imcca_corrs.pdf, id=67, 562.1pt x 463.7325pt>
File: chpt10_mcca/figs/imcca_corrs.pdf Graphic file (type pdf)

<use chpt10_mcca/figs/imcca_corrs.pdf>
<chpt10_mcca/figs/mcca_ul1.pdf, id=68, 805.0075pt x 490.83376pt>
File: chpt10_mcca/figs/mcca_ul1.pdf Graphic file (type pdf)

<use chpt10_mcca/figs/mcca_ul1.pdf>
<chpt10_mcca/figs/mcca_um1.pdf, id=69, 805.0075pt x 490.83376pt>
File: chpt10_mcca/figs/mcca_um1.pdf Graphic file (type pdf)

<use chpt10_mcca/figs/mcca_um1.pdf>
<chpt10_mcca/figs/mcca_ur1.pdf, id=70, 805.0075pt x 492.84125pt>
File: chpt10_mcca/figs/mcca_ur1.pdf Graphic file (type pdf)

<use chpt10_mcca/figs/mcca_ur1.pdf>
<chpt10_mcca/figs/mcca_ul2.pdf, id=71, 805.0075pt x 490.83376pt>
File: chpt10_mcca/figs/mcca_ul2.pdf Graphic file (type pdf)

<use chpt10_mcca/figs/mcca_ul2.pdf>
<chpt10_mcca/figs/mcca_um2.pdf, id=72, 805.0075pt x 490.83376pt>
File: chpt10_mcca/figs/mcca_um2.pdf Graphic file (type pdf)

<use chpt10_mcca/figs/mcca_um2.pdf>
<chpt10_mcca/figs/mcca_ur2.pdf, id=73, 805.0075pt x 492.84125pt>
File: chpt10_mcca/figs/mcca_ur2.pdf Graphic file (type pdf)

<use chpt10_mcca/figs/mcca_ur2.pdf>
<chpt10_mcca/figs/imcca_ul1.pdf, id=74, 815.045pt x 490.83376pt>
File: chpt10_mcca/figs/imcca_ul1.pdf Graphic file (type pdf)

<use chpt10_mcca/figs/imcca_ul1.pdf>
<chpt10_mcca/figs/imcca_um1.pdf, id=75, 815.045pt x 490.83376pt>
File: chpt10_mcca/figs/imcca_um1.pdf Graphic file (type pdf)

<use chpt10_mcca/figs/imcca_um1.pdf>
<chpt10_mcca/figs/imcca_ur1.pdf, id=76, 815.045pt x 492.84125pt>
File: chpt10_mcca/figs/imcca_ur1.pdf Graphic file (type pdf)

<use chpt10_mcca/figs/imcca_ur1.pdf>
<chpt10_mcca/figs/imcca_ul2.pdf, id=77, 815.045pt x 490.83376pt>
File: chpt10_mcca/figs/imcca_ul2.pdf Graphic file (type pdf)

<use chpt10_mcca/figs/imcca_ul2.pdf>
<chpt10_mcca/figs/imcca_ur2.pdf, id=78, 815.045pt x 492.84125pt>
File: chpt10_mcca/figs/imcca_ur2.pdf Graphic file (type pdf)

<use chpt10_mcca/figs/imcca_ur2.pdf>)
Underfull \hbox (badness 1584) in paragraph at lines 157--160
\OT1/ptm/m/n/10 Award N000141110660, ONR Award N00014-15-1-2141,
 []

(./mcca_final.bbl [4 <./chpt10_mcca/figs/mcca_left_man.png (PNG copy)> <./chpt1
0_mcca/figs/mcca_mid_man.png (PNG copy)> <./chpt10_mcca/figs/mcca_right_man.png
 (PNG copy)> <./chpt10_mcca/figs/mcca_corrs.pdf> <./chpt10_mcca/figs/imcca_corr
s.pdf>]
Underfull \vbox (badness 2856) has occurred while \output is active []


Underfull \hbox (badness 2229) in paragraph at lines 93--95
[]\OT1/ptm/m/n/8 J. Ket-ten-ring, ``Canon-i-cal anal-y-sis of sev-eral sets of 
vari-ables,''
 []

)

** Conference Paper **
Before submitting the final camera ready copy, remember to:

 1. Manually equalize the lengths of two columns on the last page
 of your paper;

 2. Ensure that any PostScript and/or PDF output post-processing
 uses only Type 1 fonts and that every step in the generation
 process uses the appropriate paper size.

[5 <./chpt10_mcca/figs/mcca_ul1.pdf> <./chpt10_mcca/figs/mcca_um1.pdf> <./chpt1
0_mcca/figs/mcca_ur1.pdf> <./chpt10_mcca/figs/mcca_ul2.pdf> <./chpt10_mcca/figs
/mcca_um2.pdf> <./chpt10_mcca/figs/mcca_ur2.pdf> <./chpt10_mcca/figs/imcca_ul1.
pdf> <./chpt10_mcca/figs/imcca_um1.pdf> <./chpt10_mcca/figs/imcca_ur1.pdf> <./c
hpt10_mcca/figs/imcca_ul2.pdf> <./chpt10_mcca/figs/imcca_ur2.pdf>]
(./mcca_final.aux) ) 
Here is how much of TeX's memory you used:
 4948 strings out of 495061
 66295 string characters out of 1182622
 161545 words of memory out of 3000000
 8025 multiletter control sequences out of 15000+50000
 47249 words of font info for 100 fonts, out of 3000000 for 9000
 28 hyphenation exceptions out of 8191
 29i,15n,37p,1262b,305s stack positions out of 5000i,500n,10000p,200000b,50000s
{/usr/share/texmf-texlive/fonts/enc/dvips/base/8r.enc}</usr
/share/texmf-texlive/fonts/type1/public/amsfonts/cm/cmbx10.pfb></usr/share/texm
f-texlive/fonts/type1/public/amsfonts/cm/cmbx9.pfb></usr/share/texmf-texlive/fo
nts/type1/public/amsfonts/cm/cmex10.pfb></usr/share/texmf-texlive/fonts/type1/p
ublic/amsfonts/cmextra/cmex7.pfb></usr/share/texmf-texlive/fonts/type1/public/a
msfonts/cmextra/cmex8.pfb></usr/share/texmf-texlive/fonts/type1/public/amsfonts
/cmextra/cmex9.pfb></usr/share/texmf-texlive/fonts/type1/public/amsfonts/cm/cmm
i10.pfb></usr/share/texmf-texlive/fonts/type1/public/amsfonts/cm/cmmi5.pfb></us
r/share/texmf-texlive/fonts/type1/public/amsfonts/cm/cmmi6.pfb></usr/share/texm
f-texlive/fonts/type1/public/amsfonts/cm/cmmi7.pfb></usr/share/texmf-texlive/fo
nts/type1/public/amsfonts/cm/cmmi8.pfb></usr/share/texmf-texlive/fonts/type1/pu
blic/amsfonts/cm/cmmi9.pfb></usr/share/texmf-texlive/fonts/type1/public/amsfont
s/cm/cmr10.pfb></usr/share/texmf-texlive/fonts/type1/public/amsfonts/cm/cmr5.pf
b></usr/share/texmf-texlive/fonts/type1/public/amsfonts/cm/cmr6.pfb></usr/share
/texmf-texlive/fonts/type1/public/amsfonts/cm/cmr7.pfb></usr/share/texmf-texliv
e/fonts/type1/public/amsfonts/cm/cmr8.pfb></usr/share/texmf-texlive/fonts/type1
/public/amsfonts/cm/cmr9.pfb></usr/share/texmf-texlive/fonts/type1/public/amsfo
nts/cm/cmsy10.pfb></usr/share/texmf-texlive/fonts/type1/public/amsfonts/cm/cmsy
5.pfb></usr/share/texmf-texlive/fonts/type1/public/amsfonts/cm/cmsy7.pfb></usr/
share/texmf-texlive/fonts/type1/public/amsfonts/symbols/msbm10.pfb></usr/share/
texmf-texlive/fonts/type1/urw/times/utmb8a.pfb></usr/share/texmf-texlive/fonts/
type1/urw/times/utmbi8a.pfb></usr/share/texmf-texlive/fonts/type1/urw/times/utm
r8a.pfb></usr/share/texmf-texlive/fonts/type1/urw/times/utmri8a.pfb>
Output written on mcca_final.pdf (5 pages, 814762 bytes).
PDF statistics:
 272 PDF objects out of 1000 (max. 8388607)
 0 named destinations out of 1000 (max. 500000)
 91 words of extra memory for PDF output out of 10000 (max. 10000000)

