This is pdfTeX, Version 3.1415926-1.40.10 (TeX Live 2009/Debian) (format=pdflatex 2013.5.28)  7 APR 2015 15:54
entering extended mode
 %&-line parsing enabled.
**presentation.tex
(./presentation.tex
LaTeX2e <2009/09/24>
Babel <v3.8l> and hyphenation patterns for english, usenglishmax, dumylang, noh
yphenation, loaded.
(/usr/share/texmf/tex/latex/beamer/base/beamer.cls
(/usr/share/texmf/tex/latex/beamer/base/beamerbasercs.sty
Package: beamerbasercs 2010/06/12 (rcs-revision c3821710bb40)
)
Document Class: beamer 2010/06/21 development version 3.10 A class for typesett
ing presentations (rcs-revision a6b1a8434d30)
(/usr/share/texmf/tex/latex/beamer/base/beamerbasemodes.sty
Package: beamerbasemodes 2010/05/01 (rcs-revision efa082c6111d)
\beamer@tempbox=\box26
\beamer@tempcount=\count79
\c@beamerpauses=\count80

(/usr/share/texmf/tex/latex/beamer/base/beamerbasedecode.sty
Package: beamerbasedecode 2010/05/01 (rcs-revision efa082c6111d)
\beamer@slideinframe=\count81
\beamer@minimum=\count82
)
\beamer@commentbox=\box27
\beamer@modecount=\count83
)
\headheight=\dimen102
\headdp=\dimen103
\footheight=\dimen104
\sidebarheight=\dimen105
\beamer@tempdim=\dimen106
\beamer@finalheight=\dimen107
\beamer@animht=\dimen108
\beamer@animdp=\dimen109
\beamer@animwd=\dimen110
\beamer@leftmargin=\dimen111
\beamer@rightmargin=\dimen112
\beamer@leftsidebar=\dimen113
\beamer@rightsidebar=\dimen114
\beamer@boxsize=\dimen115
\beamer@vboxoffset=\dimen116
\beamer@descdefault=\dimen117
\beamer@descriptionwidth=\dimen118
\beamer@lastskip=\skip41
\beamer@areabox=\box28
\beamer@animcurrent=\box29
\beamer@animshowbox=\box30
\beamer@sectionbox=\box31
\beamer@logobox=\box32
\beamer@linebox=\box33
\beamer@sectioncount=\count84
\beamer@subsubsectionmax=\count85
\beamer@subsectionmax=\count86
\beamer@sectionmax=\count87
\beamer@totalheads=\count88
\beamer@headcounter=\count89
\beamer@partstartpage=\count90
\beamer@sectionstartpage=\count91
\beamer@subsectionstartpage=\count92
\beamer@animationtempa=\count93
\beamer@animationtempb=\count94
\beamer@xpos=\count95
\beamer@ypos=\count96
\beamer@showpartnumber=\count97
\beamer@currentsubsection=\count98
\beamer@coveringdepth=\count99
\beamer@sectionadjust=\count100
\beamer@tocsectionnumber=\count101

(/usr/share/texmf/tex/latex/beamer/base/beamerbaseoptions.sty
Package: beamerbaseoptions 2010/04/27 (rcs-revision 982469101dd6)

(/usr/share/texmf-texlive/tex/latex/graphics/keyval.sty
Package: keyval 1999/03/16 v1.13 key=value parser (DPC)
\KV@toks@=\toks14
))
\beamer@paperwidth=\skip42
\beamer@paperheight=\skip43

(/usr/share/texmf-texlive/tex/latex/geometry/geometry.sty
Package: geometry 2008/12/21 v4.2 Page Geometry

(/usr/share/texmf-texlive/tex/generic/oberdiek/ifpdf.sty
Package: ifpdf 2009/04/10 v2.0 Provides the ifpdf switch (HO)
Package ifpdf Info: pdfTeX in pdf mode detected.
)
(/usr/share/texmf-texlive/tex/generic/oberdiek/ifvtex.sty
Package: ifvtex 2008/11/04 v1.4 Switches for detecting VTeX and its modes (HO)
Package ifvtex Info: VTeX not detected.
)
\Gm@cnth=\count102
\Gm@cntv=\count103
\c@Gm@tempcnt=\count104
\Gm@bindingoffset=\dimen119
\Gm@wd@mp=\dimen120
\Gm@odd@mp=\dimen121
\Gm@even@mp=\dimen122
\Gm@dimlist=\toks15
)
(/usr/share/texmf-texlive/tex/latex/extsizes/size8.clo
File: size8.clo 1999/11/11 v1.4a NON-Standard LaTeX file (size option)
)
(/usr/share/texmf/tex/latex/pgf/basiclayer/pgfcore.sty
(/usr/share/texmf-texlive/tex/latex/graphics/graphicx.sty
Package: graphicx 1999/02/16 v1.0f Enhanced LaTeX Graphics (DPC,SPQR)

(/usr/share/texmf-texlive/tex/latex/graphics/graphics.sty
Package: graphics 2009/02/05 v1.0o Standard LaTeX Graphics (DPC,SPQR)

(/usr/share/texmf-texlive/tex/latex/graphics/trig.sty
Package: trig 1999/03/16 v1.09 sin cos tan (DPC)
)
(/etc/texmf/tex/latex/config/graphics.cfg
File: graphics.cfg 2009/08/28 v1.8 graphics configuration of TeX Live
)
Package graphics Info: Driver file: pdftex.def on input line 91.

(/usr/share/texmf-texlive/tex/latex/pdftex-def/pdftex.def
File: pdftex.def 2010/03/12 v0.04p Graphics/color for pdfTeX
\Gread@gobject=\count105
))
\Gin@req@height=\dimen123
\Gin@req@width=\dimen124
)
(/usr/share/texmf/tex/latex/pgf/systemlayer/pgfsys.sty
(/usr/share/texmf/tex/latex/pgf/utilities/pgfrcs.sty
(/usr/share/texmf/tex/generic/pgf/utilities/pgfutil-common.tex
\pgfutil@everybye=\toks16
)
(/usr/share/texmf/tex/generic/pgf/utilities/pgfutil-latex.def
\pgfutil@abb=\box34

(/usr/share/texmf-texlive/tex/latex/ms/everyshi.sty
Package: everyshi 2001/05/15 v3.00 EveryShipout Package (MS)
))
(/usr/share/texmf/tex/generic/pgf/utilities/pgfrcs.code.tex
Package: pgfrcs 2010/10/25 v2.10 (rcs-revision 1.24)
))
(/usr/share/texmf/tex/generic/pgf/systemlayer/pgfsys.code.tex
Package: pgfsys 2010/06/30 v2.10 (rcs-revision 1.37)

(/usr/share/texmf/tex/generic/pgf/utilities/pgfkeys.code.tex
\pgfkeys@pathtoks=\toks17
\pgfkeys@temptoks=\toks18

(/usr/share/texmf/tex/generic/pgf/utilities/pgfkeysfiltered.code.tex
\pgfkeys@tmptoks=\toks19
))
\pgf@x=\dimen125
\pgf@y=\dimen126
\pgf@xa=\dimen127
\pgf@ya=\dimen128
\pgf@xb=\dimen129
\pgf@yb=\dimen130
\pgf@xc=\dimen131
\pgf@yc=\dimen132
\w@pgf@writea=\write3
\r@pgf@reada=\read1
\c@pgf@counta=\count106
\c@pgf@countb=\count107
\c@pgf@countc=\count108
\c@pgf@countd=\count109

(/usr/share/texmf/tex/generic/pgf/systemlayer/pgf.cfg
File: pgf.cfg 2008/05/14  (rcs-revision 1.7)
)
Package pgfsys Info: Driver file for pgf: pgfsys-pdftex.def on input line 900.

(/usr/share/texmf/tex/generic/pgf/systemlayer/pgfsys-pdftex.def
File: pgfsys-pdftex.def 2009/05/22  (rcs-revision 1.26)

(/usr/share/texmf/tex/generic/pgf/systemlayer/pgfsys-common-pdf.def
File: pgfsys-common-pdf.def 2008/05/19  (rcs-revision 1.10)
)))
(/usr/share/texmf/tex/generic/pgf/systemlayer/pgfsyssoftpath.code.tex
File: pgfsyssoftpath.code.tex 2008/07/18  (rcs-revision 1.7)
\pgfsyssoftpath@smallbuffer@items=\count110
\pgfsyssoftpath@bigbuffer@items=\count111
)
(/usr/share/texmf/tex/generic/pgf/systemlayer/pgfsysprotocol.code.tex
File: pgfsysprotocol.code.tex 2006/10/16  (rcs-revision 1.4)
))
(/usr/share/texmf/tex/latex/xcolor/xcolor.sty
Package: xcolor 2007/01/21 v2.11 LaTeX color extensions (UK)

(/etc/texmf/tex/latex/config/color.cfg
File: color.cfg 2007/01/18 v1.5 color configuration of teTeX/TeXLive
)
Package xcolor Info: Driver file: pdftex.def on input line 225.
Package xcolor Info: Model `cmy' substituted by `cmy0' on input line 1337.
Package xcolor Info: Model `hsb' substituted by `rgb' on input line 1341.
Package xcolor Info: Model `RGB' extended on input line 1353.
Package xcolor Info: Model `HTML' substituted by `rgb' on input line 1355.
Package xcolor Info: Model `Hsb' substituted by `hsb' on input line 1356.
Package xcolor Info: Model `tHsb' substituted by `hsb' on input line 1357.
Package xcolor Info: Model `HSB' substituted by `hsb' on input line 1358.
Package xcolor Info: Model `Gray' substituted by `gray' on input line 1359.
Package xcolor Info: Model `wave' substituted by `hsb' on input line 1360.
)
(/usr/share/texmf/tex/generic/pgf/basiclayer/pgfcore.code.tex
Package: pgfcore 2010/04/11 v2.10 (rcs-revision 1.7)

(/usr/share/texmf/tex/generic/pgf/math/pgfmath.code.tex
(/usr/share/texmf/tex/generic/pgf/math/pgfmathcalc.code.tex
(/usr/share/texmf/tex/generic/pgf/math/pgfmathutil.code.tex)
(/usr/share/texmf/tex/generic/pgf/math/pgfmathparser.code.tex
\pgfmath@dimen=\dimen133
\pgfmath@count=\count112
\pgfmath@box=\box35
\pgfmath@toks=\toks20
\pgfmath@stack@operand=\toks21
\pgfmath@stack@operation=\toks22
)
(/usr/share/texmf/tex/generic/pgf/math/pgfmathfunctions.code.tex
(/usr/share/texmf/tex/generic/pgf/math/pgfmathfunctions.basic.code.tex)
(/usr/share/texmf/tex/generic/pgf/math/pgfmathfunctions.trigonometric.code.tex)
(/usr/share/texmf/tex/generic/pgf/math/pgfmathfunctions.random.code.tex)
(/usr/share/texmf/tex/generic/pgf/math/pgfmathfunctions.comparison.code.tex)
(/usr/share/texmf/tex/generic/pgf/math/pgfmathfunctions.base.code.tex)
(/usr/share/texmf/tex/generic/pgf/math/pgfmathfunctions.round.code.tex)
(/usr/share/texmf/tex/generic/pgf/math/pgfmathfunctions.misc.code.tex)))
(/usr/share/texmf/tex/generic/pgf/math/pgfmathfloat.code.tex
\c@pgfmathroundto@lastzeros=\count113
))
(/usr/share/texmf/tex/generic/pgf/basiclayer/pgfcorepoints.code.tex
File: pgfcorepoints.code.tex 2010/04/09  (rcs-revision 1.20)
\pgf@picminx=\dimen134
\pgf@picmaxx=\dimen135
\pgf@picminy=\dimen136
\pgf@picmaxy=\dimen137
\pgf@pathminx=\dimen138
\pgf@pathmaxx=\dimen139
\pgf@pathminy=\dimen140
\pgf@pathmaxy=\dimen141
\pgf@xx=\dimen142
\pgf@xy=\dimen143
\pgf@yx=\dimen144
\pgf@yy=\dimen145
\pgf@zx=\dimen146
\pgf@zy=\dimen147
)
(/usr/share/texmf/tex/generic/pgf/basiclayer/pgfcorepathconstruct.code.tex
File: pgfcorepathconstruct.code.tex 2010/08/03  (rcs-revision 1.24)
\pgf@path@lastx=\dimen148
\pgf@path@lasty=\dimen149
)
(/usr/share/texmf/tex/generic/pgf/basiclayer/pgfcorepathusage.code.tex
File: pgfcorepathusage.code.tex 2008/04/22  (rcs-revision 1.12)
\pgf@shorten@end@additional=\dimen150
\pgf@shorten@start@additional=\dimen151
)
(/usr/share/texmf/tex/generic/pgf/basiclayer/pgfcorescopes.code.tex
File: pgfcorescopes.code.tex 2010/09/08  (rcs-revision 1.34)
\pgfpic=\box36
\pgf@hbox=\box37
\pgf@layerbox@main=\box38
\pgf@picture@serial@count=\count114
)
(/usr/share/texmf/tex/generic/pgf/basiclayer/pgfcoregraphicstate.code.tex
File: pgfcoregraphicstate.code.tex 2008/04/22  (rcs-revision 1.9)
\pgflinewidth=\dimen152
)
(/usr/share/texmf/tex/generic/pgf/basiclayer/pgfcoretransformations.code.tex
File: pgfcoretransformations.code.tex 2009/06/10  (rcs-revision 1.11)
\pgf@pt@x=\dimen153
\pgf@pt@y=\dimen154
\pgf@pt@temp=\dimen155
)
(/usr/share/texmf/tex/generic/pgf/basiclayer/pgfcorequick.code.tex
File: pgfcorequick.code.tex 2008/10/09  (rcs-revision 1.3)
)
(/usr/share/texmf/tex/generic/pgf/basiclayer/pgfcoreobjects.code.tex
File: pgfcoreobjects.code.tex 2006/10/11  (rcs-revision 1.2)
)
(/usr/share/texmf/tex/generic/pgf/basiclayer/pgfcorepathprocessing.code.tex
File: pgfcorepathprocessing.code.tex 2008/10/09  (rcs-revision 1.8)
)
(/usr/share/texmf/tex/generic/pgf/basiclayer/pgfcorearrows.code.tex
File: pgfcorearrows.code.tex 2008/04/23  (rcs-revision 1.11)
)
(/usr/share/texmf/tex/generic/pgf/basiclayer/pgfcoreshade.code.tex
File: pgfcoreshade.code.tex 2008/11/23  (rcs-revision 1.13)
\pgf@max=\dimen156
\pgf@sys@shading@range@num=\count115
)
(/usr/share/texmf/tex/generic/pgf/basiclayer/pgfcoreimage.code.tex
File: pgfcoreimage.code.tex 2010/03/25  (rcs-revision 1.16)

(/usr/share/texmf/tex/generic/pgf/basiclayer/pgfcoreexternal.code.tex
File: pgfcoreexternal.code.tex 2010/09/01  (rcs-revision 1.17)
\pgfexternal@startupbox=\box39
))
(/usr/share/texmf/tex/generic/pgf/basiclayer/pgfcorelayers.code.tex
File: pgfcorelayers.code.tex 2010/08/27  (rcs-revision 1.2)
)
(/usr/share/texmf/tex/generic/pgf/basiclayer/pgfcoretransparency.code.tex
File: pgfcoretransparency.code.tex 2008/01/17  (rcs-revision 1.2)
)
(/usr/share/texmf/tex/generic/pgf/basiclayer/pgfcorepatterns.code.tex
File: pgfcorepatterns.code.tex 2009/07/02  (rcs-revision 1.3)
)))
(/usr/share/texmf/tex/latex/pgf/utilities/xxcolor.sty
Package: xxcolor 2003/10/24 ver 0.1
\XC@nummixins=\count116
\XC@countmixins=\count117
)
(/usr/share/texmf-texlive/tex/latex/hyperref/hyperref.sty
Package: hyperref 2009/10/09 v6.79a Hypertext links for LaTeX

(/usr/share/texmf-texlive/tex/generic/ifxetex/ifxetex.sty
Package: ifxetex 2009/01/23 v0.5 Provides ifxetex conditional
)
(/usr/share/texmf-texlive/tex/latex/oberdiek/hycolor.sty
Package: hycolor 2009/10/02 v1.5 Code for color options of hyperref/bookmark (H
O)

(/usr/share/texmf-texlive/tex/latex/oberdiek/xcolor-patch.sty
Package: xcolor-patch 2009/10/02 xcolor patch
))
\@linkdim=\dimen157
\Hy@linkcounter=\count118
\Hy@pagecounter=\count119

(/usr/share/texmf-texlive/tex/latex/hyperref/pd1enc.def
File: pd1enc.def 2009/10/09 v6.79a Hyperref: PDFDocEncoding definition (HO)
)
(/usr/share/texmf-texlive/tex/generic/oberdiek/etexcmds.sty
Package: etexcmds 2007/12/12 v1.2 Prefix for e-TeX command names (HO)

(/usr/share/texmf-texlive/tex/generic/oberdiek/infwarerr.sty
Package: infwarerr 2007/09/09 v1.2 Providing info/warning/message (HO)
)
Package etexcmds Info: Could not find \expanded.
(etexcmds)             That can mean that you are not using pdfTeX 1.50 or
(etexcmds)             that some package has redefined \expanded.
(etexcmds)             In the latter case, load this package earlier.
)
(/usr/share/texmf-texlive/tex/latex/latexconfig/hyperref.cfg
File: hyperref.cfg 2002/06/06 v1.2 hyperref configuration of TeXLive
)
(/usr/share/texmf-texlive/tex/latex/oberdiek/kvoptions.sty
Package: kvoptions 2009/08/13 v3.4 Keyval support for LaTeX options (HO)

(/usr/share/texmf-texlive/tex/generic/oberdiek/kvsetkeys.sty
Package: kvsetkeys 2009/07/30 v1.5 Key value parser with default handler suppor
t (HO)
))
Package hyperref Info: Option `bookmarks' set `true' on input line 2864.
Package hyperref Info: Option `bookmarksopen' set `true' on input line 2864.
Package hyperref Info: Option `implicit' set `false' on input line 2864.
Package hyperref Info: Hyper figures OFF on input line 2975.
Package hyperref Info: Link nesting OFF on input line 2980.
Package hyperref Info: Hyper index ON on input line 2983.
Package hyperref Info: Plain pages OFF on input line 2990.
Package hyperref Info: Backreferencing OFF on input line 2995.

Implicit mode OFF; no redefinition of LaTeX internals
Package hyperref Info: Bookmarks ON on input line 3191.
(/usr/share/texmf-texlive/tex/latex/ltxmisc/url.sty
\Urlmuskip=\muskip10
Package: url 2006/04/12  ver 3.3  Verb mode for urls, etc.
)
LaTeX Info: Redefining \url on input line 3428.

(/usr/share/texmf-texlive/tex/generic/oberdiek/bitset.sty
Package: bitset 2007/09/28 v1.0 Data type bit set (HO)

(/usr/share/texmf-texlive/tex/generic/oberdiek/intcalc.sty
Package: intcalc 2007/09/27 v1.1 Expandable integer calculations (HO)
)
(/usr/share/texmf-texlive/tex/generic/oberdiek/bigintcalc.sty
Package: bigintcalc 2007/11/11 v1.1 Expandable big integer calculations (HO)

(/usr/share/texmf-texlive/tex/generic/oberdiek/pdftexcmds.sty
Package: pdftexcmds 2009/09/23 v0.6 LuaTeX support for pdfTeX utility functions
 (HO)

(/usr/share/texmf-texlive/tex/generic/oberdiek/ifluatex.sty
Package: ifluatex 2009/04/17 v1.2 Provides the ifluatex switch (HO)
Package ifluatex Info: LuaTeX not detected.
)
(/usr/share/texmf-texlive/tex/generic/oberdiek/ltxcmds.sty
Package: ltxcmds 2009/08/05 v1.0 Some LaTeX kernel commands for general use (HO
)
)
Package pdftexcmds Info: LuaTeX not detected.
Package pdftexcmds Info: \pdf@primitive is available.
Package pdftexcmds Info: \pdf@ifprimitive is available.
)))
\Fld@menulength=\count120
\Field@Width=\dimen158
\Fld@charsize=\dimen159
\Field@toks=\toks23
Package hyperref Info: Hyper figures OFF on input line 4377.
Package hyperref Info: Link nesting OFF on input line 4382.
Package hyperref Info: Hyper index ON on input line 4385.
Package hyperref Info: backreferencing OFF on input line 4392.
Package hyperref Info: Link coloring OFF on input line 4397.
Package hyperref Info: Link coloring with OCG OFF on input line 4402.
Package hyperref Info: PDF/A mode OFF on input line 4407.

(/usr/share/texmf-texlive/tex/generic/oberdiek/atbegshi.sty
Package: atbegshi 2008/07/31 v1.9 At begin shipout hook (HO)
)
\Hy@abspage=\count121

Hyperref stopped early
)
*hyperref using default driver hpdftex*
(/usr/share/texmf-texlive/tex/latex/hyperref/hpdftex.def
File: hpdftex.def 2009/10/09 v6.79a Hyperref driver for pdfTeX
\Fld@listcount=\count122
)
(/usr/share/texmf/tex/latex/beamer/base/beamerbaserequires.sty
Package: beamerbaserequires 2010/05/01  (rcs-revision efa082c6111d)

(/usr/share/texmf/tex/latex/beamer/base/beamerbasecompatibility.sty
Package: beamerbasecompatibility 2010/07/12  (rcs-revision 6648c3177e4e)
)
(/usr/share/texmf/tex/latex/beamer/base/beamerbasefont.sty
Package: beamerbasefont 2010/05/10  (rcs-revision cd36e8a33c6b)

(/usr/share/texmf-texlive/tex/latex/amsfonts/amssymb.sty
Package: amssymb 2009/06/22 v3.00

(/usr/share/texmf-texlive/tex/latex/amsfonts/amsfonts.sty
Package: amsfonts 2009/06/22 v3.00 Basic AMSFonts support
\@emptytoks=\toks24
\symAMSa=\mathgroup4
\symAMSb=\mathgroup5
LaTeX Font Info:    Overwriting math alphabet `\mathfrak' in version `bold'
(Font)                  U/euf/m/n --> U/euf/b/n on input line 96.
)))
(/usr/share/texmf/tex/latex/beamer/base/beamerbasetranslator.sty
Package: beamerbasetranslator 2010/06/11  (rcs-revision 85fd1cc7fc42)

(/usr/share/texmf/tex/latex/beamer/base/translator/translator.sty
Package: translator 2010/06/12 ver 1.10

(/usr/share/texmf/tex/latex/beamer/base/translator/translator-language-mappings
.tex))) (/usr/share/texmf/tex/latex/beamer/base/beamerbasemisc.sty
Package: beamerbasemisc 2010/06/06  (rcs-revision bff0a9294b45)
)
(/usr/share/texmf/tex/latex/beamer/base/beamerbasetwoscreens.sty
Package: beamerbasetwoscreens 2010/05/01  (rcs-revision efa082c6111d)
)
(/usr/share/texmf/tex/latex/beamer/base/beamerbaseoverlay.sty
Package: beamerbaseoverlay 2010/05/07  (rcs-revision 5584dad462a9)
\beamer@argscount=\count123
\beamer@lastskipcover=\skip44
\beamer@trivlistdepth=\count124
)
(/usr/share/texmf/tex/latex/beamer/base/beamerbasetitle.sty
Package: beamerbasetitle 2010/06/12  (rcs-revision 717e481ca47a)
)
(/usr/share/texmf/tex/latex/beamer/base/beamerbasesection.sty
Package: beamerbasesection 2010/06/17  (rcs-revision e0d9401bb743)
\c@lecture=\count125
\c@part=\count126
\c@section=\count127
\c@subsection=\count128
\c@subsubsection=\count129
)
(/usr/share/texmf/tex/latex/beamer/base/beamerbaseframe.sty
Package: beamerbaseframe 2010/06/06  (rcs-revision bff0a9294b45)
\beamer@framebox=\box40
\beamer@frametitlebox=\box41
\beamer@zoombox=\box42
\beamer@zoomcount=\count130
\beamer@zoomframecount=\count131
\beamer@frametextheight=\dimen160
\c@subsectionslide=\count132
\beamer@frametopskip=\skip45
\beamer@framebottomskip=\skip46
\beamer@frametopskipautobreak=\skip47
\beamer@framebottomskipautobreak=\skip48
\beamer@envbody=\toks25
\c@framenumber=\count133
)
(/usr/share/texmf/tex/latex/beamer/base/beamerbaseverbatim.sty
Package: beamerbaseverbatim 2010/05/01  (rcs-revision efa082c6111d)
\beamer@verbatimfileout=\write4
)
(/usr/share/texmf/tex/latex/beamer/base/beamerbaseframesize.sty
Package: beamerbaseframesize 2010/06/27  (rcs-revision 6baa2d92e6f1)
\beamer@splitbox=\box43
\beamer@autobreakcount=\count134
\beamer@autobreaklastheight=\dimen161
\beamer@frametitletoks=\toks26
\beamer@framesubtitletoks=\toks27
)
(/usr/share/texmf/tex/latex/beamer/base/beamerbaseframecomponents.sty
Package: beamerbaseframecomponents 2010/07/12  (rcs-revision 09e82992d9b1)
\beamer@footins=\box44
)
(/usr/share/texmf/tex/latex/beamer/base/beamerbasecolor.sty
Package: beamerbasecolor 2010/06/06  (rcs-revision d1a9b48be06d)
)
(/usr/share/texmf/tex/latex/beamer/base/beamerbasenotes.sty
Package: beamerbasenotes 2010/05/01  (rcs-revision efa082c6111d)
\beamer@frameboxcopy=\box45
)
(/usr/share/texmf/tex/latex/beamer/base/beamerbasetoc.sty
Package: beamerbasetoc 2010/06/11  (rcs-revision 242ecaa6783b)
)
(/usr/share/texmf/tex/latex/beamer/base/beamerbasetemplates.sty
Package: beamerbasetemplates 2010/05/01  (rcs-revision efa082c6111d)
\beamer@sbttoks=\toks28

(/usr/share/texmf/tex/latex/beamer/base/beamerbaseauxtemplates.sty
Package: beamerbaseauxtemplates 2010/05/01  (rcs-revision efa082c6111d)

(/usr/share/texmf/tex/latex/beamer/base/beamerbaseboxes.sty
Package: beamerbaseboxes 2010/05/01  (rcs-revision efa082c6111d)
\bmb@box=\box46
\bmb@colorbox=\box47
\bmb@boxshadow=\box48
\bmb@boxshadowball=\box49
\bmb@boxshadowballlarge=\box50
\bmb@temp=\dimen162
\bmb@dima=\dimen163
\bmb@dimb=\dimen164
\bmb@prevheight=\dimen165
)
\beamer@blockheadheight=\dimen166
))
(/usr/share/texmf/tex/latex/beamer/base/beamerbaselocalstructure.sty
Package: beamerbaselocalstructure 2010/06/01  (rcs-revision 81f9e33f7cc2)

(/usr/share/texmf-texlive/tex/latex/tools/enumerate.sty
Package: enumerate 1999/03/05 v3.00 enumerate extensions (DPC)
\@enLab=\toks29
)
\c@figure=\count135
\c@table=\count136
\abovecaptionskip=\skip49
\belowcaptionskip=\skip50
)
(/usr/share/texmf/tex/latex/beamer/base/beamerbasenavigation.sty
Package: beamerbasenavigation 2010/05/01  (rcs-revision efa082c6111d)
)
(/usr/share/texmf/tex/latex/beamer/base/beamerbasetheorems.sty
Package: beamerbasetheorems 2010/06/06  (rcs-revision 7e7cc5e53e9d)

(/usr/share/texmf-texlive/tex/latex/amsmath/amsmath.sty
Package: amsmath 2000/07/18 v2.13 AMS math features
\@mathmargin=\skip51

For additional information on amsmath, use the `?' option.
(/usr/share/texmf-texlive/tex/latex/amsmath/amstext.sty
Package: amstext 2000/06/29 v2.01

(/usr/share/texmf-texlive/tex/latex/amsmath/amsgen.sty
File: amsgen.sty 1999/11/30 v2.0
\@emptytoks=\toks30
\ex@=\dimen167
))
(/usr/share/texmf-texlive/tex/latex/amsmath/amsbsy.sty
Package: amsbsy 1999/11/29 v1.2d
\pmbraise@=\dimen168
)
(/usr/share/texmf-texlive/tex/latex/amsmath/amsopn.sty
Package: amsopn 1999/12/14 v2.01 operator names
)
\inf@bad=\count137
LaTeX Info: Redefining \frac on input line 211.
\uproot@=\count138
\leftroot@=\count139
LaTeX Info: Redefining \overline on input line 307.
\classnum@=\count140
\DOTSCASE@=\count141
LaTeX Info: Redefining \ldots on input line 379.
LaTeX Info: Redefining \dots on input line 382.
LaTeX Info: Redefining \cdots on input line 467.
\Mathstrutbox@=\box51
\strutbox@=\box52
\big@size=\dimen169
LaTeX Font Info:    Redeclaring font encoding OML on input line 567.
LaTeX Font Info:    Redeclaring font encoding OMS on input line 568.
\macc@depth=\count142
\c@MaxMatrixCols=\count143
\dotsspace@=\muskip11
\c@parentequation=\count144
\dspbrk@lvl=\count145
\tag@help=\toks31
\row@=\count146
\column@=\count147
\maxfields@=\count148
\andhelp@=\toks32
\eqnshift@=\dimen170
\alignsep@=\dimen171
\tagshift@=\dimen172
\tagwidth@=\dimen173
\totwidth@=\dimen174
\lineht@=\dimen175
\@envbody=\toks33
\multlinegap=\skip52
\multlinetaggap=\skip53
\mathdisplay@stack=\toks34
LaTeX Info: Redefining \[ on input line 2666.
LaTeX Info: Redefining \] on input line 2667.
)
(/usr/share/texmf-texlive/tex/latex/amscls/amsthm.sty
Package: amsthm 2004/08/06 v2.20
\thm@style=\toks35
\thm@bodyfont=\toks36
\thm@headfont=\toks37
\thm@notefont=\toks38
\thm@headpunct=\toks39
\thm@preskip=\skip54
\thm@postskip=\skip55
\thm@headsep=\skip56
\dth@everypar=\toks40
)
\c@theorem=\count149
)
(/usr/share/texmf/tex/latex/beamer/base/beamerbasethemes.sty
Package: beamerbasethemes 2010/05/01  (rcs-revision efa082c6111d)
))
(/usr/share/texmf/tex/latex/beamer/base/themes/theme/beamerthemedefault.sty
Package: beamerthemedefault 2010/06/17  (rcs-revision d02a7cf4d8ae)

(/usr/share/texmf/tex/latex/beamer/base/themes/font/beamerfontthemedefault.sty
Package: beamerfontthemedefault 2010/06/17  (rcs-revision d02a7cf4d8ae)
)
(/usr/share/texmf/tex/latex/beamer/base/themes/color/beamercolorthemedefault.st
y
Package: beamercolorthemedefault 2010/06/17  (rcs-revision d02a7cf4d8ae)
)
(/usr/share/texmf/tex/latex/beamer/base/themes/inner/beamerinnerthemedefault.st
y
Package: beamerinnerthemedefault 2010/06/17  (rcs-revision d02a7cf4d8ae)
\beamer@dima=\dimen176
\beamer@dimb=\dimen177
)
(/usr/share/texmf/tex/latex/beamer/base/themes/outer/beamerouterthemedefault.st
y
Package: beamerouterthemedefault 2010/06/17  (rcs-revision d02a7cf4d8ae)
))) (/home/user/texmf/tex/latex/my_pres.sty
Package: my_pres 

(/home/user/texmf/tex/latex/UMcolors.sty))
(/usr/share/texmf/tex/latex/pgf/frontendlayer/tikz.sty
(/usr/share/texmf/tex/latex/pgf/basiclayer/pgf.sty
Package: pgf 2008/01/15 v2.10 (rcs-revision 1.12)

(/usr/share/texmf/tex/generic/pgf/modules/pgfmoduleshapes.code.tex
File: pgfmoduleshapes.code.tex 2010/09/09  (rcs-revision 1.13)
\pgfnodeparttextbox=\box53
)
(/usr/share/texmf/tex/generic/pgf/modules/pgfmoduleplot.code.tex
File: pgfmoduleplot.code.tex 2010/10/22  (rcs-revision 1.8)
)
(/usr/share/texmf/tex/latex/pgf/compatibility/pgfcomp-version-0-65.sty
Package: pgfcomp-version-0-65 2007/07/03 v2.10 (rcs-revision 1.7)
\pgf@nodesepstart=\dimen178
\pgf@nodesepend=\dimen179
)
(/usr/share/texmf/tex/latex/pgf/compatibility/pgfcomp-version-1-18.sty
Package: pgfcomp-version-1-18 2007/07/23 v2.10 (rcs-revision 1.1)
))
(/usr/share/texmf/tex/latex/pgf/utilities/pgffor.sty
(/usr/share/texmf/tex/latex/pgf/utilities/pgfkeys.sty
(/usr/share/texmf/tex/generic/pgf/utilities/pgfkeys.code.tex))
(/usr/share/texmf/tex/generic/pgf/utilities/pgffor.code.tex
Package: pgffor 2010/03/23 v2.10 (rcs-revision 1.18)
\pgffor@iter=\dimen180
\pgffor@skip=\dimen181
\pgffor@stack=\toks41
\pgffor@toks=\toks42
))
(/usr/share/texmf/tex/generic/pgf/frontendlayer/tikz/tikz.code.tex
Package: tikz 2010/10/13 v2.10 (rcs-revision 1.76)

(/usr/share/texmf/tex/generic/pgf/libraries/pgflibraryplothandlers.code.tex
File: pgflibraryplothandlers.code.tex 2010/05/31 v2.10 (rcs-revision 1.15)
\pgf@plot@mark@count=\count150
\pgfplotmarksize=\dimen182
)
\tikz@lastx=\dimen183
\tikz@lasty=\dimen184
\tikz@lastxsaved=\dimen185
\tikz@lastysaved=\dimen186
\tikzleveldistance=\dimen187
\tikzsiblingdistance=\dimen188
\tikz@figbox=\box54
\tikz@tempbox=\box55
\tikztreelevel=\count151
\tikznumberofchildren=\count152
\tikznumberofcurrentchild=\count153
\tikz@fig@count=\count154

(/usr/share/texmf/tex/generic/pgf/modules/pgfmodulematrix.code.tex
File: pgfmodulematrix.code.tex 2010/08/24  (rcs-revision 1.4)
\pgfmatrixcurrentrow=\count155
\pgfmatrixcurrentcolumn=\count156
\pgf@matrix@numberofcolumns=\count157
)
\tikz@expandcount=\count158

(/usr/share/texmf/tex/generic/pgf/frontendlayer/tikz/libraries/tikzlibrarytopat
hs.code.tex
File: tikzlibrarytopaths.code.tex 2008/06/17 v2.10 (rcs-revision 1.2)
))) (/usr/share/texmf-texlive/tex/latex/mh/empheq.sty
Package: empheq 2007/12/03 v2.12 Emphasizing equations (MH)

(/usr/share/texmf-texlive/tex/latex/mh/mhsetup.sty
Package: mhsetup 2007/12/03 v1.2 programming setup (MH)
)
(/usr/share/texmf-texlive/tex/latex/mh/mathtools.sty
Package: mathtools 2008/08/01 v1.06 mathematical typesetting tools (MH)

(/usr/share/texmf-texlive/tex/latex/tools/calc.sty
Package: calc 2007/08/22 v4.3 Infix arithmetic (KKT,FJ)
\calc@Acount=\count159
\calc@Bcount=\count160
\calc@Adimen=\dimen189
\calc@Bdimen=\dimen190
\calc@Askip=\skip57
\calc@Bskip=\skip58
LaTeX Info: Redefining \setlength on input line 76.
LaTeX Info: Redefining \addtolength on input line 77.
\calc@Ccount=\count161
\calc@Cskip=\skip59
)
\g_MT_multlinerow_int=\count162
\l_MT_multwidth_dim=\dimen191
)
\l_EQ_equationtype_int=\count163
\l_EQ_alignmentmode_int=\count164
\l_EQ_totalwidth_dim=\dimen192
\l_EQ_displaywidth_dim=\dimen193
\l_EQ_temp_linewidth_dim=\dimen194
\EmphEqdelimitershortfall=\dimen195
\EmphEqdelimiterfactor=\count165
\g_EQ_toptag_height_dim=\dimen196
\g_EQ_bottomtag_depth_dim=\dimen197
\g_EQ_toprow_height_dim=\dimen198
\g_EQ_bottomrow_depth_dim=\dimen199
\g_EQ_widesttag_dim=\dimen200
\EQ_mathdisplay_box=\box56
\EQ_tag_box=\box57
\g_EQ_temprow_int=\count166
)
(/usr/share/texmf-texlive/tex/latex/bezos/accents.sty
Package: accents 2006/05/12 v1.3 Math Accent Tools
\cc@skew=\dimen201
\cc@wd=\dimen202
\cc@code=\count167
\cc@group=\count168
\cc@skewchar=\count169
)
(/usr/share/texmf-texlive/tex/latex/psnfss/pifont.sty
Package: pifont 2005/04/12 PSNFSS-v9.2a Pi font support (SPQR) 
LaTeX Font Info:    Try loading font information for U+pzd on input line 63.

(/usr/share/texmf-texlive/tex/latex/psnfss/upzd.fd
File: upzd.fd 2001/06/04 font definitions for U/pzd.
)
LaTeX Font Info:    Try loading font information for U+psy on input line 64.

(/usr/share/texmf-texlive/tex/latex/psnfss/upsy.fd
File: upsy.fd 2001/06/04 font definitions for U/psy.
))
(/usr/share/texmf/tex/generic/pgf/frontendlayer/tikz/libraries/tikzlibraryarrow
s.code.tex
File: tikzlibraryarrows.code.tex 2008/01/09 v2.10 (rcs-revision 1.1)

(/usr/share/texmf/tex/generic/pgf/libraries/pgflibraryarrows.code.tex
File: pgflibraryarrows.code.tex 2008/10/27 v2.10 (rcs-revision 1.9)
\arrowsize=\dimen203
))
\@input{my_header.aux}
\openout2 = `my_header.aux'.

(/home/user/texmf/tex/latex/my_header.tex
(/usr/share/texmf-texlive/tex/latex/cite/cite.sty
LaTeX Info: Redefining \cite on input line 285.
LaTeX Info: Redefining \nocite on input line 356.
Package: cite 2009/08/29  v 5.2
)
(/usr/share/texmf-texlive/tex/latex/algorithm2e/algorithm2e.sty
Package: algorithm2e 2005/10/04 v3.9 algorithms environments
\c@AlgoLine=\count170

(/usr/share/texmf-texlive/tex/latex/base/ifthen.sty
Package: ifthen 2001/05/26 v1.1c Standard LaTeX ifthen package (DPC)
)
(/usr/share/texmf-texlive/tex/latex/tools/xspace.sty
Package: xspace 2006/05/08 v1.12 Space after command names (DPC,MH)
)
********************************************************
Package `algorithm2e' Release 3.9 -- october 04 2005 --
- algorithm2e-announce@lirmm.fr mailing list for announcement about releases
- algorithm2e-discussion@lirmm.fr mailing list for discussion about package
subscribe by emailing sympa@lirmm.fr with 'subscribe <list> <firstname name>'
- Author: Christophe Fiorio (fiorio@lirmm.fr)
********************************************************
\skiptotal=\skip60
\skiprule=\skip61
\skiphlne=\skip62
\skiptext=\skip63
\skiplength=\skip64
\algomargin=\skip65
\skipalgocfslide=\skip66
\algowidth=\dimen204
\inoutsize=\dimen205
\inoutline=\dimen206
\algocf@inoutbox=\box58
\algocf@inputbox=\box59
\AlCapSkip=\skip67
\AlCapHSkip=\skip68
\algocf@capbox=\box60
\c@algocfline=\count171
\c@algocf=\count172
\algocf@algoframe=\box61
\algocf@algobox=\box62
) (/usr/share/texmf-texlive/tex/latex/booktabs/booktabs.sty
Package: booktabs 2005/04/14 v1.61803 publication quality tables
\heavyrulewidth=\dimen207
\lightrulewidth=\dimen208
\cmidrulewidth=\dimen209
\belowrulesep=\dimen210
\belowbottomsep=\dimen211
\aboverulesep=\dimen212
\abovetopsep=\dimen213
\cmidrulesep=\dimen214
\cmidrulekern=\dimen215
\defaultaddspace=\dimen216
\@cmidla=\count173
\@cmidlb=\count174
\@aboverulesep=\dimen217
\@belowrulesep=\dimen218
\@thisruleclass=\count175
\@lastruleclass=\count176
\@thisrulewidth=\dimen219
)
(/usr/share/texmf-texlive/tex/latex/subfigure/subfigure.sty
Package: subfigure 2002/03/15 v2.1.5 subfigure package
\subfigtopskip=\skip69
\subfigcapskip=\skip70
\subfigcaptopadj=\dimen220
\subfigbottomskip=\skip71
\subfigcapmargin=\dimen221
\subfiglabelskip=\skip72
\c@subfigure=\count177
\c@lofdepth=\count178
\c@subtable=\count179
\c@lotdepth=\count180

****************************************
* Local config file subfigure.cfg used *
****************************************
(/usr/share/texmf-texlive/tex/latex/subfigure/subfigure.cfg)
\subfig@top=\skip73
\subfig@bottom=\skip74
)
(/usr/share/texmf-texlive/tex/latex/comment/comment.sty
\CommentStream=\write5

Excluding comment 'comment')
(/usr/share/texmf-texlive/tex/latex/psnfss/helvet.sty
Package: helvet 2005/04/12 PSNFSS-v9.2a (WaS) 
)
(/usr/share/texmf-texlive/tex/latex/ltxmisc/framed.sty
Package: framed 2007/10/04 v 0.95: framed or shaded text with page breaks
\fb@frw=\dimen222
\fb@frh=\dimen223
\FrameRule=\dimen224
\FrameSep=\dimen225
)
(/usr/share/texmf-texlive/tex/latex/bbm-macros/bbm.sty
Package: bbm 1999/03/15 V 1.2 provides fonts for set symbols - TH
LaTeX Font Info:    Overwriting math alphabet `\mathbbm' in version `bold'
(Font)                  U/bbm/m/n --> U/bbm/bx/n on input line 33.
LaTeX Font Info:    Overwriting math alphabet `\mathbbmss' in version `bold'
(Font)                  U/bbmss/m/n --> U/bbmss/bx/n on input line 35.
)
\mytemplen=\skip75
\mytempbox=\box63
\c@prop=\count181
\c@conj=\count182
\c@Th=\count183
\c@Assum=\count184
\c@Corr=\count185
\c@Def=\count186
\c@Conj=\count187
\c@Remark=\count188
\c@Lem=\count189
) (./presentation.aux

LaTeX Warning: Label `th:khat_lims' multiply defined.

)
\openout1 = `presentation.aux'.

LaTeX Font Info:    Checking defaults for OML/cmm/m/it on input line 129.
LaTeX Font Info:    ... okay on input line 129.
LaTeX Font Info:    Checking defaults for T1/cmr/m/n on input line 129.
LaTeX Font Info:    ... okay on input line 129.
LaTeX Font Info:    Checking defaults for OT1/cmr/m/n on input line 129.
LaTeX Font Info:    ... okay on input line 129.
LaTeX Font Info:    Checking defaults for OMS/cmsy/m/n on input line 129.
LaTeX Font Info:    ... okay on input line 129.
LaTeX Font Info:    Checking defaults for OMX/cmex/m/n on input line 129.
LaTeX Font Info:    ... okay on input line 129.
LaTeX Font Info:    Checking defaults for U/cmr/m/n on input line 129.
LaTeX Font Info:    ... okay on input line 129.
LaTeX Font Info:    Checking defaults for PD1/pdf/m/n on input line 129.
LaTeX Font Info:    ... okay on input line 129.
LaTeX Font Info:    Try loading font information for OT1+phv on input line 129.

 (/usr/share/texmf-texlive/tex/latex/psnfss/ot1phv.fd
File: ot1phv.fd 2001/06/04 scalable font definitions for OT1/phv.
)
*geometry auto-detecting driver*
*geometry detected driver: pdftex*
-------------------- Geometry parameters
paper: user defined
landscape: --
twocolumn: --
twoside: --
asymmetric: --
h-parts: 28.45274pt, 307.28987pt, 28.45274pt
v-parts: 0.0pt, 273.14662pt, 0.0pt
hmarginratio: --
vmarginratio: --
lines: --
heightrounded: --
bindingoffset: 0.0pt
truedimen: --
includehead: true
includefoot: true
includemp: --
driver: pdftex
-------------------- Page layout dimensions and switches
\paperwidth  364.19536pt
\paperheight 273.14662pt
\textwidth  307.28987pt
\textheight 244.6939pt
\oddsidemargin  -43.81725pt
\evensidemargin -43.81725pt
\topmargin  -72.26999pt
\headheight 14.22636pt
\headsep    0.0pt
\footskip   14.22636pt
\marginparwidth 4.0pt
\marginparsep   10.0pt
\columnsep  10.0pt
\skip\footins  7.0pt plus 4.0pt minus 2.0pt
\hoffset 0.0pt
\voffset 0.0pt
\mag 1000

(1in=72.27pt, 1cm=28.45pt)
-----------------------
(/usr/share/texmf-texlive/tex/context/base/supp-pdf.mkii
[Loading MPS to PDF converter (version 2006.09.02).]
\scratchcounter=\count190
\scratchdimen=\dimen226
\scratchbox=\box64
\nofMPsegments=\count191
\nofMParguments=\count192
\everyMPshowfont=\toks43
\MPscratchCnt=\count193
\MPscratchDim=\dimen227
\MPnumerator=\count194
\everyMPtoPDFconversion=\toks44
) ABD: EveryShipout initializing macros
Package hyperref Info: Link coloring OFF on input line 129.

(/usr/share/texmf-texlive/tex/latex/hyperref/nameref.sty
Package: nameref 2007/05/29 v2.31 Cross-referencing by name of section

(/usr/share/texmf-texlive/tex/latex/oberdiek/refcount.sty
Package: refcount 2008/08/11 v3.1 Data extraction from references (HO)
)
\c@section@level=\count195
)
LaTeX Info: Redefining \ref on input line 129.
LaTeX Info: Redefining \pageref on input line 129.
 (./presentation.out) (./presentation.out)
\@outlinefile=\write6
\openout6 = `presentation.out'.

\AtBeginShipoutBox=\box65
LaTeX Font Info:    Overwriting symbol font `operators' in version `normal'
(Font)                  OT1/cmr/m/n --> OT1/cmss/m/n on input line 129.
LaTeX Font Info:    Overwriting symbol font `operators' in version `bold'
(Font)                  OT1/cmr/bx/n --> OT1/cmss/bx/n on input line 129.
\symnumbers=\mathgroup6
\sympureletters=\mathgroup7
LaTeX Font Info:    Overwriting math alphabet `\mathrm' in version `normal'
(Font)                  OT1/cmss/m/n --> OT1/cmr/m/n on input line 129.
LaTeX Font Info:    Redeclaring math alphabet \mathbf on input line 129.
LaTeX Font Info:    Overwriting math alphabet `\mathbf' in version `normal'
(Font)                  OT1/cmr/bx/n --> OT1/phv/bx/n on input line 129.
LaTeX Font Info:    Overwriting math alphabet `\mathbf' in version `bold'
(Font)                  OT1/cmr/bx/n --> OT1/phv/bx/n on input line 129.
LaTeX Font Info:    Redeclaring math alphabet \mathsf on input line 129.
LaTeX Font Info:    Overwriting math alphabet `\mathsf' in version `normal'
(Font)                  OT1/cmss/m/n --> OT1/phv/m/n on input line 129.
LaTeX Font Info:    Overwriting math alphabet `\mathsf' in version `bold'
(Font)                  OT1/cmss/bx/n --> OT1/phv/m/n on input line 129.
LaTeX Font Info:    Redeclaring math alphabet \mathit on input line 129.
LaTeX Font Info:    Overwriting math alphabet `\mathit' in version `normal'
(Font)                  OT1/cmr/m/it --> OT1/phv/m/it on input line 129.
LaTeX Font Info:    Overwriting math alphabet `\mathit' in version `bold'
(Font)                  OT1/cmr/bx/it --> OT1/phv/m/it on input line 129.
LaTeX Font Info:    Redeclaring math alphabet \mathtt on input line 129.
LaTeX Font Info:    Overwriting math alphabet `\mathtt' in version `normal'
(Font)                  OT1/cmtt/m/n --> OT1/cmtt/m/n on input line 129.
LaTeX Font Info:    Overwriting math alphabet `\mathtt' in version `bold'
(Font)                  OT1/cmtt/m/n --> OT1/cmtt/m/n on input line 129.
LaTeX Font Info:    Overwriting symbol font `numbers' in version `bold'
(Font)                  OT1/phv/m/n --> OT1/phv/bx/n on input line 129.
LaTeX Font Info:    Overwriting symbol font `pureletters' in version `bold'
(Font)                  OT1/phv/m/it --> OT1/phv/bx/it on input line 129.
LaTeX Font Info:    Overwriting math alphabet `\mathrm' in version `bold'
(Font)                  OT1/cmss/bx/n --> OT1/cmr/bx/n on input line 129.
LaTeX Font Info:    Overwriting math alphabet `\mathbf' in version `bold'
(Font)                  OT1/phv/bx/n --> OT1/phv/bx/n on input line 129.
LaTeX Font Info:    Overwriting math alphabet `\mathsf' in version `bold'
(Font)                  OT1/phv/m/n --> OT1/phv/bx/n on input line 129.
LaTeX Font Info:    Overwriting math alphabet `\mathit' in version `bold'
(Font)                  OT1/phv/m/it --> OT1/phv/bx/it on input line 129.
LaTeX Font Info:    Overwriting math alphabet `\mathtt' in version `bold'
(Font)                  OT1/cmtt/m/n --> OT1/cmtt/bx/n on input line 129.

(/usr/share/texmf/tex/latex/beamer/base/translator/dicts/translator-basic-dicti
onary/translator-basic-dictionary-English.dict
Dictionary: translator-basic-dictionary, Language: English 
)
(/usr/share/texmf/tex/latex/beamer/base/translator/dicts/translator-bibliograph
y-dictionary/translator-bibliography-dictionary-English.dict
Dictionary: translator-bibliography-dictionary, Language: English 
)
(/usr/share/texmf/tex/latex/beamer/base/translator/dicts/translator-environment
-dictionary/translator-environment-dictionary-English.dict
Dictionary: translator-environment-dictionary, Language: English 
)
(/usr/share/texmf/tex/latex/beamer/base/translator/dicts/translator-months-dict
ionary/translator-months-dictionary-English.dict
Dictionary: translator-months-dictionary, Language: English 
)
(/usr/share/texmf/tex/latex/beamer/base/translator/dicts/translator-numbers-dic
tionary/translator-numbers-dictionary-English.dict
Dictionary: translator-numbers-dictionary, Language: English 
)
(/usr/share/texmf/tex/latex/beamer/base/translator/dicts/translator-theorem-dic
tionary/translator-theorem-dictionary-English.dict
Dictionary: translator-theorem-dictionary, Language: English 
) (./presentation.nav)
[1



{/var/lib/texmf/fonts/map/pdftex/updmap/pdftex.map}]
LaTeX Font Info:    Font shape `OT1/phv/bx/n' in size <8> not available
(Font)              Font shape `OT1/phv/b/n' tried instead on input line 178.
LaTeX Font Info:    Try loading font information for U+msa on input line 178.

(/usr/share/texmf-texlive/tex/latex/amsfonts/umsa.fd
File: umsa.fd 2009/06/22 v3.00 AMS symbols A
)
LaTeX Font Info:    Try loading font information for U+msb on input line 178.

(/usr/share/texmf-texlive/tex/latex/amsfonts/umsb.fd
File: umsb.fd 2009/06/22 v3.00 AMS symbols B
)
LaTeX Font Info:    Font shape `OT1/phv/m/it' in size <8> not available
(Font)              Font shape `OT1/phv/m/sl' tried instead on input line 178.
LaTeX Font Info:    Font shape `OT1/phv/m/it' in size <6> not available
(Font)              Font shape `OT1/phv/m/sl' tried instead on input line 178.
LaTeX Font Info:    Font shape `OT1/phv/m/it' in size <5> not available
(Font)              Font shape `OT1/phv/m/sl' tried instead on input line 178.
 [2

] [3

] [4

]
LaTeX Font Info:    Font shape `OT1/phv/bx/n' in size <6> not available
(Font)              Font shape `OT1/phv/b/n' tried instead on input line 252.
LaTeX Font Info:    Font shape `OT1/phv/bx/n' in size <5> not available
(Font)              Font shape `OT1/phv/b/n' tried instead on input line 252.
 [5

] [6

]
Overfull \hbox (11.47792pt too wide) in paragraph at lines 358--358
[] 
 []


Overfull \hbox (34.27791pt too wide) detected at line 358
[][]
 []

[7

] [8

]
LaTeX Font Info:    Try loading font information for U+bbm on input line 438.
 (/usr/share/texmf-texlive/tex/latex/bbm-macros/ubbm.fd
File: ubbm.fd 1999/03/15 V 1.2 Font definition for bbm font - TH
)
<figures/tw.pdf, id=64, 555.07375pt x 463.7325pt>
File: figures/tw.pdf Graphic file (type pdf)
 <use figures/tw.pdf> [9

 <./figures/tw.pdf>] [10

]
LaTeX Font Info:    Font shape `OT1/phv/bx/it' in size <8> not available
(Font)              Font shape `OT1/phv/b/it' tried instead on input line 491.
LaTeX Font Info:    Font shape `OT1/phv/b/it' in size <8> not available
(Font)              Font shape `OT1/phv/b/sl' tried instead on input line 491.
LaTeX Font Info:    Font shape `OT1/phv/bx/it' in size <6> not available
(Font)              Font shape `OT1/phv/b/it' tried instead on input line 491.
LaTeX Font Info:    Font shape `OT1/phv/b/it' in size <6> not available
(Font)              Font shape `OT1/phv/b/sl' tried instead on input line 491.
LaTeX Font Info:    Font shape `OT1/phv/bx/it' in size <5> not available
(Font)              Font shape `OT1/phv/b/it' tried instead on input line 491.
LaTeX Font Info:    Font shape `OT1/phv/b/it' in size <5> not available
(Font)              Font shape `OT1/phv/b/sl' tried instead on input line 491.
 <figures/cca_rho5.pdf, id=95, 563.10374pt x 463.7325pt>
File: figures/cca_rho5.pdf Graphic file (type pdf)

<use figures/cca_rho5.pdf>
<figures/cca_rho9.pdf, id=96, 563.10374pt x 463.7325pt>
File: figures/cca_rho9.pdf Graphic file (type pdf)

<use figures/cca_rho9.pdf> [11

 <./figures/cca_rho5.pdf> <./figures/cca_rho9.pdf>]
LaTeX Font Info:    Font shape `OT1/phv/bx/n' in size <7> not available
(Font)              Font shape `OT1/phv/b/n' tried instead on input line 522.
LaTeX Font Info:    Font shape `OT1/phv/m/it' in size <7> not available
(Font)              Font shape `OT1/phv/m/sl' tried instead on input line 522.
 [12

]pdfTeX warning (ext4): destination with the same identifier (name{th:khat_lims
}) has been already used, duplicate ignored
<to be read again> 
                   \relax 
l.554 \end{frame}
                  [13

]
Overfull \hbox (14.25671pt too wide) in paragraph at lines 584--584
\OT1/phv/b/n/8 CCA  
 []


Overfull \hbox (16.48064pt too wide) in paragraph at lines 584--584
[]\OT1/phv/b/n/8 ICCA  
 []

File: figures/cca_rho5.pdf Graphic file (type pdf)
<use figures/cca_rho5.pdf>
File: figures/cca_rho9.pdf Graphic file (type pdf)
 <use figures/cca_rho9.pdf>
<figures/icca_rho5.pdf, id=141, 563.10374pt x 463.7325pt>
File: figures/icca_rho5.pdf Graphic file (type pdf)

<use figures/icca_rho5.pdf>
<figures/icca_rho9.pdf, id=142, 563.10374pt x 463.7325pt>
File: figures/icca_rho9.pdf Graphic file (type pdf)

<use figures/icca_rho9.pdf> [14

 <./figures/icca_rho5.pdf> <./figures/icca_rho9.pdf>] [15

]
<figures/flashing_icca_corrs.pdf, id=177, 563.10374pt x 456.70625pt>
File: figures/flashing_icca_corrs.pdf Graphic file (type pdf)

<use figures/flashing_icca_corrs.pdf>
<figures/av_icca_corrs.pdf, id=178, 545.03625pt x 456.70625pt>
File: figures/av_icca_corrs.pdf Graphic file (type pdf)

<use figures/av_icca_corrs.pdf>
<figures/aa_icca_corrs.pdf, id=179, 545.03625pt x 456.70625pt>
File: figures/aa_icca_corrs.pdf Graphic file (type pdf)

<use figures/aa_icca_corrs.pdf>
<figures/flashing_icca_sig_zoom.pdf, id=180, 555.07375pt x 456.70625pt>
File: figures/flashing_icca_sig_zoom.pdf Graphic file (type pdf)

<use figures/flashing_icca_sig_zoom.pdf>
<figures/av_icca_sig_zoom.pdf, id=181, 544.0325pt x 456.70625pt>
File: figures/av_icca_sig_zoom.pdf Graphic file (type pdf)

<use figures/av_icca_sig_zoom.pdf>
<figures/aa_icca_sig_zoom.pdf, id=182, 544.0325pt x 456.70625pt>
File: figures/aa_icca_sig_zoom.pdf Graphic file (type pdf)

<use figures/aa_icca_sig_zoom.pdf> [16

 <./figures/flashing_icca_corrs.pdf> <./figures/av_icca_corrs.pdf> <./figures/a
a_icca_corrs.pdf> <./figures/flashing_icca_sig_zoom.pdf> <./figures/av_icca_sig
_zoom.pdf> <./figures/aa_icca_sig_zoom.pdf>] [17

] [18

]
<figures/cca_missing_5_1200.pdf, id=253, 563.10374pt x 463.7325pt>
File: figures/cca_missing_5_1200.pdf Graphic file (type pdf)

<use figures/cca_missing_5_1200.pdf>
<figures/cca_missing_9_1200.pdf, id=254, 563.10374pt x 463.7325pt>
File: figures/cca_missing_9_1200.pdf Graphic file (type pdf)

<use figures/cca_missing_9_1200.pdf>
<figures/icca_missing_5_1200.pdf, id=255, 563.10374pt x 463.7325pt>
File: figures/icca_missing_5_1200.pdf Graphic file (type pdf)

<use figures/icca_missing_5_1200.pdf>
<figures/icca_missing_9_1200.pdf, id=256, 563.10374pt x 463.7325pt>
File: figures/icca_missing_9_1200.pdf Graphic file (type pdf)

<use figures/icca_missing_9_1200.pdf>
Overfull \vbox (2.95334pt too high) detected at line 699
 []

[19

 <./figures/cca_missing_5_1200.pdf> <./figures/cca_missing_9_1200.pdf> <./figur
es/icca_missing_5_1200.pdf> <./figures/icca_missing_9_1200.pdf>] [20

]
<figures/eta1_auc.pdf, id=320, 559.08875pt x 463.7325pt>
File: figures/eta1_auc.pdf Graphic file (type pdf)

<use figures/eta1_auc.pdf>
<figures/eta2_auc.pdf, id=321, 559.08875pt x 463.7325pt>
File: figures/eta2_auc.pdf Graphic file (type pdf)

<use figures/eta2_auc.pdf>
<figures/eta3_auc.pdf, id=322, 559.08875pt x 463.7325pt>
File: figures/eta3_auc.pdf Graphic file (type pdf)

<use figures/eta3_auc.pdf>
<figures/eta4_auc.pdf, id=323, 559.08875pt x 463.7325pt>
File: figures/eta4_auc.pdf Graphic file (type pdf)

<use figures/eta4_auc.pdf>
Overfull \vbox (3.72307pt too high) detected at line 754
 []

[21

 <./figures/eta1_auc.pdf> <./figures/eta2_auc.pdf> <./figures/eta3_auc.pdf> <./
figures/eta4_auc.pdf>]
<figures/xy_motiv_all.pdf, id=377, 563.10374pt x 463.7325pt>
File: figures/xy_motiv_all.pdf Graphic file (type pdf)

<use figures/xy_motiv_all.pdf> [22

 <./figures/xy_motiv_all.pdf>]
LaTeX Font Info:    Font shape `OT1/phv/bx/n' in size <10.95> not available
(Font)              Font shape `OT1/phv/b/n' tried instead on input line 798.
LaTeX Font Info:    Font shape `OT1/phv/m/it' in size <10.95> not available
(Font)              Font shape `OT1/phv/m/sl' tried instead on input line 798.
 [23

]
<figures/sigma_pred.pdf, id=398, 549.05125pt x 485.815pt>
File: figures/sigma_pred.pdf Graphic file (type pdf)

<use figures/sigma_pred.pdf> [24

 <./figures/sigma_pred.pdf>]
Overfull \hbox (6.79999pt too wide) in paragraph at lines 849--849
[][][][]  
 []

<figures/rho_0_theta.pdf, id=413, 579.16376pt x 463.7325pt>
File: figures/rho_0_theta.pdf Graphic file (type pdf)

<use figures/rho_0_theta.pdf>
<figures/rho_6_theta.pdf, id=414, 579.16376pt x 463.7325pt>
File: figures/rho_6_theta.pdf Graphic file (type pdf)

<use figures/rho_6_theta.pdf>
<figures/rho_10_theta.pdf, id=415, 579.16376pt x 463.7325pt>
File: figures/rho_10_theta.pdf Graphic file (type pdf)

<use figures/rho_10_theta.pdf> [25

 <./figures/rho_0_theta.pdf> <./figures/rho_6_theta.pdf> <./figures/rho_10_thet
a.pdf>]
File: figures/xy_motiv_all.pdf Graphic file (type pdf)
 <use figures/xy_motiv_all.pdf>
[26

] [27

] [28

] [29

] [30

] <figures/ks11.pdf, id=484, 544.0325pt x 463.7325pt>
File: figures/ks11.pdf Graphic file (type pdf)

<use figures/ks11.pdf> <figures/ks21.pdf, id=485, 544.0325pt x 463.7325pt>
File: figures/ks21.pdf Graphic file (type pdf)

<use figures/ks21.pdf> <figures/ks12.pdf, id=486, 544.0325pt x 463.7325pt>
File: figures/ks12.pdf Graphic file (type pdf)

<use figures/ks12.pdf> <figures/ks22.pdf, id=487, 544.0325pt x 463.7325pt>
File: figures/ks22.pdf Graphic file (type pdf)

<use figures/ks22.pdf> [31

 <./figures/ks11.pdf> <./figures/ks21.pdf> <./figures/ks12.pdf> <./figures/ks22
.pdf>]
<figures/img_145.jpg, id=542, 379.4175pt x 252.945pt>
File: figures/img_145.jpg Graphic file (type jpg)

<use figures/img_145.jpg>
<figures/img_245.jpg, id=543, 379.4175pt x 252.945pt>
File: figures/img_245.jpg Graphic file (type jpg)

<use figures/img_245.jpg>
<figures/img_1049.jpg, id=544, 758.835pt x 503.8825pt>
File: figures/img_1049.jpg Graphic file (type jpg)

<use figures/img_1049.jpg>
Overfull \hbox (2.8222pt too wide) in paragraph at lines 1087--1087
 [] 
 []

LaTeX Font Info:    Font shape `OT1/phv/bx/n' in size <17.28> not available
(Font)              Font shape `OT1/phv/b/n' tried instead on input line 1087.
LaTeX Font Info:    Font shape `OT1/phv/bx/n' in size <12> not available
(Font)              Font shape `OT1/phv/b/n' tried instead on input line 1087.
LaTeX Font Info:    Font shape `OT1/phv/bx/n' in size <10> not available
(Font)              Font shape `OT1/phv/b/n' tried instead on input line 1087.
LaTeX Font Info:    Font shape `OT1/phv/m/it' in size <17.28> not available
(Font)              Font shape `OT1/phv/m/sl' tried instead on input line 1087.

LaTeX Font Info:    Font shape `OT1/phv/m/it' in size <12> not available
(Font)              Font shape `OT1/phv/m/sl' tried instead on input line 1087.

LaTeX Font Info:    Font shape `OT1/phv/m/it' in size <10> not available
(Font)              Font shape `OT1/phv/m/sl' tried instead on input line 1087.

File: figures/img_1049.jpg Graphic file (type jpg)
<use figures/img_1049.jpg> [32

 <./figures/img_145.jpg> <./figures/img_245.jpg> <./figures/img_1049.jpg>]
File: figures/img_145.jpg Graphic file (type jpg)
 <use figures/img_145.jpg>
File: figures/img_245.jpg Graphic file (type jpg)
 <use figures/img_245.jpg>
File: figures/img_1049.jpg Graphic file (type jpg)

<use figures/img_1049.jpg>
Overfull \hbox (2.8222pt too wide) in paragraph at lines 1149--1149
 [] 
 []

File: figures/img_1049.jpg Graphic file (type jpg)
<use figures/img_1049.jpg> [33

] [34

]
Missing character: There is no ; in font nullfont!
Missing character: There is no ; in font nullfont!
Missing character: There is no ; in font nullfont!
Missing character: There is no ; in font nullfont!
Missing character: There is no ; in font nullfont!
Missing character: There is no ; in font nullfont!
Missing character: There is no ; in font nullfont!
 [35

]
Missing character: There is no ; in font nullfont!
Missing character: There is no ; in font nullfont!
Missing character: There is no ; in font nullfont!
Missing character: There is no ; in font nullfont!
 [36

]
<figures/img_3.jpg, id=573, 501.875pt x 376.40625pt>
File: figures/img_3.jpg Graphic file (type jpg)
 <use figures/img_3.jpg>
[37

 <./figures/img_3.jpg>]
<figures/pascal_cca_ex.png, id=580, 586.8324pt x 442.2924pt>
File: figures/pascal_cca_ex.png Graphic file (type png)

<use figures/pascal_cca_ex.png>
<figures/pascal_icca_ex.png, id=582, 586.8324pt x 442.2924pt>
File: figures/pascal_icca_ex.png Graphic file (type png)

<use figures/pascal_icca_ex.png> [38

 <./figures/pascal_cca_ex.png> <./figures/pascal_icca_ex.png>] <figures/img_27.
jpg, id=592, 361.35pt x 240.6591pt>
File: figures/img_27.jpg Graphic file (type jpg)

<use figures/img_27.jpg> [39

 <./figures/img_27.jpg>]
<figures/img_137.jpg, id=598, 379.4175pt x 252.945pt>
File: figures/img_137.jpg Graphic file (type jpg)

<use figures/img_137.jpg>
File: figures/img_1049.jpg Graphic file (type jpg)
 <use figures/img_1049.jpg>
Overfull \hbox (9.83409pt too wide) in paragraph at lines 1425--1425
[][] 
 []


Overfull \hbox (9.83409pt too wide) in paragraph at lines 1425--1425
[]  
 []


Overfull \hbox (13.53973pt too wide) detected at line 1425
[][]
 []

[40

 <./figures/img_137.jpg>]
<figures/cca_rprec.png, id=604, 731.3724pt x 586.8324pt>
File: figures/cca_rprec.png Graphic file (type png)

<use figures/cca_rprec.png>
<figures/icca_rprec.png, id=605, 731.3724pt x 586.8324pt>
File: figures/icca_rprec.png Graphic file (type png)

<use figures/icca_rprec.png> [41

 <./figures/cca_rprec.png> <./figures/icca_rprec.png>] [42

] [43

] [44

] [45

] [46

] [47

] [48

] [49

]
<figures/mcca_cca_corrs.pdf, id=658, 563.10374pt x 463.7325pt>
File: figures/mcca_cca_corrs.pdf Graphic file (type pdf)

<use figures/mcca_cca_corrs.pdf>
<figures/mcca_icca_corrs.pdf, id=659, 563.10374pt x 463.7325pt>
File: figures/mcca_icca_corrs.pdf Graphic file (type pdf)

<use figures/mcca_icca_corrs.pdf> [50

 <./figures/mcca_cca_corrs.pdf> <./figures/mcca_icca_corrs.pdf>] [51

] [52

]
\tf@nav=\write7
\openout7 = `presentation.nav'.

\tf@toc=\write8
\openout8 = `presentation.toc'.

\tf@snm=\write9
\openout9 = `presentation.snm'.

 (./presentation.aux)

LaTeX Warning: There were multiply-defined labels.

 ) 
Here is how much of TeX's memory you used:
 20305 strings out of 495061
 374633 string characters out of 1182621
 465657 words of memory out of 3000000
 22777 multiletter control sequences out of 15000+50000
 54547 words of font info for 126 fonts, out of 3000000 for 9000
 28 hyphenation exceptions out of 8191
 49i,25n,70p,419b,1308s stack positions out of 5000i,500n,10000p,200000b,50000s
{/usr/share/texmf-texlive/fonts/enc/dvips/base/8r.enc} </home/user/.texmf-var
/fonts/pk/ljfour/public/bbm/bbm8.600pk></usr/share/texmf-texlive/fonts/type1/pu
blic/amsfonts/cmextra/cmex7.pfb></usr/share/texmf-texlive/fonts/type1/public/am
sfonts/cmextra/cmex8.pfb></usr/share/texmf-texlive/fonts/type1/public/amsfonts/
cm/cmmi5.pfb></usr/share/texmf-texlive/fonts/type1/public/amsfonts/cm/cmmi6.pfb
></usr/share/texmf-texlive/fonts/type1/public/amsfonts/cm/cmmi7.pfb></usr/share
/texmf-texlive/fonts/type1/public/amsfonts/cm/cmmi8.pfb></usr/share/texmf-texli
ve/fonts/type1/public/amsfonts/cmextra/cmmib8.pfb></usr/share/texmf-texlive/fon
ts/type1/public/amsfonts/cm/cmr8.pfb></usr/share/texmf-texlive/fonts/type1/publ
ic/amsfonts/cm/cmss8.pfb></usr/share/texmf-texlive/fonts/type1/public/amsfonts/
cm/cmssbx10.pfb></usr/share/texmf-texlive/fonts/type1/public/amsfonts/cm/cmsy10
.pfb></usr/share/texmf-texlive/fonts/type1/public/amsfonts/cm/cmsy5.pfb></usr/s
hare/texmf-texlive/fonts/type1/public/amsfonts/cm/cmsy6.pfb></usr/share/texmf-t
exlive/fonts/type1/public/amsfonts/cm/cmsy8.pfb></usr/share/texmf-texlive/fonts
/type1/public/amsfonts/cm/cmti7.pfb></usr/share/texmf-texlive/fonts/type1/publi
c/amsfonts/cm/cmtt8.pfb></usr/share/texmf-texlive/fonts/type1/public/amsfonts/s
ymbols/msbm10.pfb></usr/share/texmf-texlive/fonts/type1/public/amsfonts/symbols
/msbm7.pfb></usr/share/texmf-texlive/fonts/type1/urw/helvetic/uhvb8a.pfb></usr/
share/texmf-texlive/fonts/type1/urw/helvetic/uhvbo8a.pfb></usr/share/texmf-texl
ive/fonts/type1/urw/helvetic/uhvr8a.pfb></usr/share/texmf-texlive/fonts/type1/u
rw/helvetic/uhvro8a.pfb></usr/share/texmf-texlive/fonts/type1/urw/zapfding/uzdr
.pfb>
Output written on presentation.pdf (52 pages, 4289922 bytes).
PDF statistics:
 798 PDF objects out of 1000 (max. 8388607)
 122 named destinations out of 1000 (max. 500000)
 257 words of extra memory for PDF output out of 10000 (max. 10000000)

