This is pdfTeX, Version 3.1415926-2.3-1.40.12 (MiKTeX 2.9) (preloaded format=pdflatex 2011.8.30)  8 JAN 2012 16:47
entering extended mode
**C:/Users/asendorf/Dropbox/Research/Writeups_Papers_Conferences/Detection*Proo
fs/deterministic/deterministic_hypothesis.tex

("C:/Users/asendorf/Dropbox/Research/Writeups_Papers_Conferences/Detection Proo
fs/deterministic/deterministic_hypothesis.tex"
LaTeX2e <2011/06/27>
Babel <v3.8m> and hyphenation patterns for english, afrikaans, ancientgreek, ar
abic, armenian, assamese, basque, bengali, bokmal, bulgarian, catalan, coptic, 
croatian, czech, danish, dutch, esperanto, estonian, farsi, finnish, french, ga
lician, german, german-x-2009-06-19, greek, gujarati, hindi, hungarian, iceland
ic, indonesian, interlingua, irish, italian, kannada, kurmanji, lao, latin, lat
vian, lithuanian, malayalam, marathi, mongolian, mongolianlmc, monogreek, ngerm
an, ngerman-x-2009-06-19, nynorsk, oriya, panjabi, pinyin, polish, portuguese, 
romanian, russian, sanskrit, serbian, slovak, slovenian, spanish, swedish, swis
sgerman, tamil, telugu, turkish, turkmen, ukenglish, ukrainian, uppersorbian, u
senglishmax, welsh, loaded.
("C:\Program Files (x86)\MiKTeX 2.9\tex\latex\base\article.cls"
Document Class: article 2007/10/19 v1.4h Standard LaTeX document class
("C:\Program Files (x86)\MiKTeX 2.9\tex\latex\base\size10.clo"
File: size10.clo 2007/10/19 v1.4h Standard LaTeX file (size option)
)
\c@part=\count79
\c@section=\count80
\c@subsection=\count81
\c@subsubsection=\count82
\c@paragraph=\count83
\c@subparagraph=\count84
\c@figure=\count85
\c@table=\count86
\abovecaptionskip=\skip41
\belowcaptionskip=\skip42
\bibindent=\dimen102
)
("C:\Program Files (x86)\MiKTeX 2.9\tex\latex\base\fontenc.sty"
Package: fontenc 2005/09/27 v1.99g Standard LaTeX package

("C:\Program Files (x86)\MiKTeX 2.9\tex\latex\base\t1enc.def"
File: t1enc.def 2005/09/27 v1.99g Standard LaTeX file
LaTeX Font Info:    Redeclaring font encoding T1 on input line 43.
))
("C:\Program Files (x86)\MiKTeX 2.9\tex\latex\base\inputenc.sty"
Package: inputenc 2008/03/30 v1.1d Input encoding file
\inpenc@prehook=\toks14
\inpenc@posthook=\toks15

("C:\Program Files (x86)\MiKTeX 2.9\tex\latex\base\latin9.def"
File: latin9.def 2008/03/30 v1.1d Input encoding file
))
("C:\Program Files (x86)\MiKTeX 2.9\tex\latex\ams\math\amstext.sty"
Package: amstext 2000/06/29 v2.01

("C:\Program Files (x86)\MiKTeX 2.9\tex\latex\ams\math\amsgen.sty"
File: amsgen.sty 1999/11/30 v2.0
\@emptytoks=\toks16
\ex@=\dimen103
))
("C:\Program Files (x86)\MiKTeX 2.9\tex\generic\babel\babel.sty"
Package: babel 2008/07/08 v3.8m The Babel package

*************************************
* Local config file bblopts.cfg used
*
("C:\Program Files (x86)\MiKTeX 2.9\tex\latex\00miktex\bblopts.cfg"
File: bblopts.cfg 2006/07/31 v1.0 MiKTeX 'babel' configuration
)
("C:\Program Files (x86)\MiKTeX 2.9\tex\generic\babel\english.ldf"
Language: english 2005/03/30 v3.3o English support from the babel system

("C:\Program Files (x86)\MiKTeX 2.9\tex\generic\babel\babel.def"
File: babel.def 2008/07/08 v3.8m Babel common definitions
\babel@savecnt=\count87
\U@D=\dimen104
)
\l@canadian = a dialect from \language\l@american 
\l@australian = a dialect from \language\l@british 
\l@newzealand = a dialect from \language\l@british 
))
("C:\Program Files (x86)\MiKTeX 2.9\tex\latex\graphics\color.sty"
Package: color 2005/11/14 v1.0j Standard LaTeX Color (DPC)

("C:\Program Files (x86)\MiKTeX 2.9\tex\latex\00miktex\color.cfg"
File: color.cfg 2007/01/18 v1.5 color configuration of teTeX/TeXLive
)
Package color Info: Driver file: pdftex.def on input line 130.

("C:\Program Files (x86)\MiKTeX 2.9\tex\latex\pdftex-def\pdftex.def"
File: pdftex.def 2011/05/27 v0.06d Graphics/color for pdfTeX

("C:\Program Files (x86)\MiKTeX 2.9\tex\generic\oberdiek\infwarerr.sty"
Package: infwarerr 2010/04/08 v1.3 Providing info/warning/message (HO)
)
("C:\Program Files (x86)\MiKTeX 2.9\tex\generic\oberdiek\ltxcmds.sty"
Package: ltxcmds 2011/04/18 v1.20 LaTeX kernel commands for general use (HO)
)
\Gread@gobject=\count88
))
("C:\Program Files (x86)\MiKTeX 2.9\tex\latex\ams\math\amsmath.sty"
Package: amsmath 2000/07/18 v2.13 AMS math features
\@mathmargin=\skip43

For additional information on amsmath, use the `?' option.
("C:\Program Files (x86)\MiKTeX 2.9\tex\latex\ams\math\amsbsy.sty"
Package: amsbsy 1999/11/29 v1.2d
\pmbraise@=\dimen105
)
("C:\Program Files (x86)\MiKTeX 2.9\tex\latex\ams\math\amsopn.sty"
Package: amsopn 1999/12/14 v2.01 operator names
)
\inf@bad=\count89
LaTeX Info: Redefining \frac on input line 211.
\uproot@=\count90
\leftroot@=\count91
LaTeX Info: Redefining \overline on input line 307.
\classnum@=\count92
\DOTSCASE@=\count93
LaTeX Info: Redefining \ldots on input line 379.
LaTeX Info: Redefining \dots on input line 382.
LaTeX Info: Redefining \cdots on input line 467.
\Mathstrutbox@=\box26
\strutbox@=\box27
\big@size=\dimen106
LaTeX Font Info:    Redeclaring font encoding OML on input line 567.
LaTeX Font Info:    Redeclaring font encoding OMS on input line 568.
\macc@depth=\count94
\c@MaxMatrixCols=\count95
\dotsspace@=\muskip10
\c@parentequation=\count96
\dspbrk@lvl=\count97
\tag@help=\toks17
\row@=\count98
\column@=\count99
\maxfields@=\count100
\andhelp@=\toks18
\eqnshift@=\dimen107
\alignsep@=\dimen108
\tagshift@=\dimen109
\tagwidth@=\dimen110
\totwidth@=\dimen111
\lineht@=\dimen112
\@envbody=\toks19
\multlinegap=\skip44
\multlinetaggap=\skip45
\mathdisplay@stack=\toks20
LaTeX Info: Redefining \[ on input line 2666.
LaTeX Info: Redefining \] on input line 2667.
)
("C:\Program Files (x86)\MiKTeX 2.9\tex\latex\amsfonts\amssymb.sty"
Package: amssymb 2009/06/22 v3.00

("C:\Program Files (x86)\MiKTeX 2.9\tex\latex\amsfonts\amsfonts.sty"
Package: amsfonts 2009/06/22 v3.00 Basic AMSFonts support
\symAMSa=\mathgroup4
\symAMSb=\mathgroup5
LaTeX Font Info:    Overwriting math alphabet `\mathfrak' in version `bold'
(Font)                  U/euf/m/n --> U/euf/b/n on input line 96.
))
("C:\Program Files (x86)\MiKTeX 2.9\tex\latex\geometry\geometry.sty"
Package: geometry 2010/09/12 v5.6 Page Geometry

("C:\Program Files (x86)\MiKTeX 2.9\tex\latex\graphics\keyval.sty"
Package: keyval 1999/03/16 v1.13 key=value parser (DPC)
\KV@toks@=\toks21
)
("C:\Program Files (x86)\MiKTeX 2.9\tex\generic\oberdiek\ifpdf.sty"
Package: ifpdf 2011/01/30 v2.3 Provides the ifpdf switch (HO)
Package ifpdf Info: pdfTeX in PDF mode is detected.
)
("C:\Program Files (x86)\MiKTeX 2.9\tex\generic\oberdiek\ifvtex.sty"
Package: ifvtex 2010/03/01 v1.5 Switches for detecting VTeX and its modes (HO)
Package ifvtex Info: VTeX not detected.
)
("C:\Program Files (x86)\MiKTeX 2.9\tex\generic\ifxetex\ifxetex.sty"
Package: ifxetex 2010/09/12 v0.6 Provides ifxetex conditional
)
\Gm@cnth=\count101
\Gm@cntv=\count102
\c@Gm@tempcnt=\count103
\Gm@bindingoffset=\dimen113
\Gm@wd@mp=\dimen114
\Gm@odd@mp=\dimen115
\Gm@even@mp=\dimen116
\Gm@layoutwidth=\dimen117
\Gm@layoutheight=\dimen118
\Gm@layouthoffset=\dimen119
\Gm@layoutvoffset=\dimen120
\Gm@dimlist=\toks22

("C:\Program Files (x86)\MiKTeX 2.9\tex\latex\geometry\geometry.cfg"))
("C:\Program Files (x86)\MiKTeX 2.9\tex\latex\graphics\graphicx.sty"
Package: graphicx 1999/02/16 v1.0f Enhanced LaTeX Graphics (DPC,SPQR)

("C:\Program Files (x86)\MiKTeX 2.9\tex\latex\graphics\graphics.sty"
Package: graphics 2009/02/05 v1.0o Standard LaTeX Graphics (DPC,SPQR)

("C:\Program Files (x86)\MiKTeX 2.9\tex\latex\graphics\trig.sty"
Package: trig 1999/03/16 v1.09 sin cos tan (DPC)
)
("C:\Program Files (x86)\MiKTeX 2.9\tex\latex\00miktex\graphics.cfg"
File: graphics.cfg 2007/01/18 v1.5 graphics configuration of teTeX/TeXLive
)
Package graphics Info: Driver file: pdftex.def on input line 91.
)
\Gin@req@height=\dimen121
\Gin@req@width=\dimen122
)
("C:\Program Files (x86)\MiKTeX 2.9\tex\latex\oberdiek\epstopdf.sty"
Package: epstopdf 2010/02/09 v2.5 Conversion with epstopdf on the fly (HO)

("C:\Program Files (x86)\MiKTeX 2.9\tex\latex\oberdiek\epstopdf-base.sty"
Package: epstopdf-base 2010/02/09 v2.5 Base part for package epstopdf

("C:\Program Files (x86)\MiKTeX 2.9\tex\latex\oberdiek\grfext.sty"
Package: grfext 2010/08/19 v1.1 Managing graphics extensions (HO)

("C:\Program Files (x86)\MiKTeX 2.9\tex\generic\oberdiek\kvdefinekeys.sty"
Package: kvdefinekeys 2011/04/07 v1.3 Defining keys (HO)
))
("C:\Program Files (x86)\MiKTeX 2.9\tex\latex\oberdiek\kvoptions.sty"
Package: kvoptions 2010/12/23 v3.10 Keyval support for LaTeX options (HO)

("C:\Program Files (x86)\MiKTeX 2.9\tex\generic\oberdiek\kvsetkeys.sty"
Package: kvsetkeys 2011/04/07 v1.13 Key value parser (HO)

("C:\Program Files (x86)\MiKTeX 2.9\tex\generic\oberdiek\etexcmds.sty"
Package: etexcmds 2011/02/16 v1.5 Prefix for e-TeX command names (HO)

("C:\Program Files (x86)\MiKTeX 2.9\tex\generic\oberdiek\ifluatex.sty"
Package: ifluatex 2010/03/01 v1.3 Provides the ifluatex switch (HO)
Package ifluatex Info: LuaTeX not detected.
)
Package etexcmds Info: Could not find \expanded.
(etexcmds)             That can mean that you are not using pdfTeX 1.50 or
(etexcmds)             that some package has redefined \expanded.
(etexcmds)             In the latter case, load this package earlier.
)))
("C:\Program Files (x86)\MiKTeX 2.9\tex\generic\oberdiek\pdftexcmds.sty"
Package: pdftexcmds 2011/04/22 v0.16 Utilities of pdfTeX for LuaTeX (HO)
Package pdftexcmds Info: LuaTeX not detected.
Package pdftexcmds Info: \pdf@primitive is available.
Package pdftexcmds Info: \pdf@ifprimitive is available.
Package pdftexcmds Info: \pdfdraftmode found.
)
Package grfext Info: Graphics extension search list:
(grfext)             [.png,.pdf,.jpg,.mps,.jpeg,.jbig2,.jb2,.PNG,.PDF,.JPG,.JPE
G,.JBIG2,.JB2,.eps]
(grfext)             \AppendGraphicsExtensions on input line 452.
))
("C:\Program Files (x86)\MiKTeX 2.9\tex\latex\algorithms\algorithmic.sty"
Package: algorithmic 2009/08/24 v0.1 Document Style `algorithmic'

("C:\Program Files (x86)\MiKTeX 2.9\tex\latex\base\ifthen.sty"
Package: ifthen 2001/05/26 v1.1c Standard LaTeX ifthen package (DPC)
)
\c@ALC@unique=\count104
\c@ALC@line=\count105
\c@ALC@rem=\count106
\c@ALC@depth=\count107
\ALC@tlm=\skip46
\algorithmicindent=\skip47
)
("C:\Program Files (x86)\MiKTeX 2.9\tex\latex\ltxmisc\parskip.sty"
Package: parskip 2001/04/09 non-zero parskip adjustments
)
\c@theorem=\count108

("C:\Users\asendorf\Dropbox\Research\Writeups_Papers_Conferences\Detection Proo
fs\deterministic\my_header.tex")
("C:\Users\asendorf\Dropbox\Research\Writeups_Papers_Conferences\Detection Proo
fs\deterministic\deterministic_hypothesis.aux")
LaTeX Font Info:    Checking defaults for OML/cmm/m/it on input line 23.
LaTeX Font Info:    ... okay on input line 23.
LaTeX Font Info:    Checking defaults for T1/cmr/m/n on input line 23.
LaTeX Font Info:    ... okay on input line 23.
LaTeX Font Info:    Checking defaults for OT1/cmr/m/n on input line 23.
LaTeX Font Info:    ... okay on input line 23.
LaTeX Font Info:    Checking defaults for OMS/cmsy/m/n on input line 23.
LaTeX Font Info:    ... okay on input line 23.
LaTeX Font Info:    Checking defaults for OMX/cmex/m/n on input line 23.
LaTeX Font Info:    ... okay on input line 23.
LaTeX Font Info:    Checking defaults for U/cmr/m/n on input line 23.
LaTeX Font Info:    ... okay on input line 23.

("C:\Program Files (x86)\MiKTeX 2.9\tex\context\base\supp-pdf.mkii"
[Loading MPS to PDF converter (version 2006.09.02).]
\scratchcounter=\count109
\scratchdimen=\dimen123
\scratchbox=\box28
\nofMPsegments=\count110
\nofMParguments=\count111
\everyMPshowfont=\toks23
\MPscratchCnt=\count112
\MPscratchDim=\dimen124
\MPnumerator=\count113
\makeMPintoPDFobject=\count114
\everyMPtoPDFconversion=\toks24
)
*geometry* driver: auto-detecting
*geometry* detected driver: pdftex
*geometry* verbose mode - [ preamble ] result:
* driver: pdftex
* paper: letterpaper
* layout: <same size as paper>
* layoutoffset:(h,v)=(0.0pt,0.0pt)
* modes: 
* h-part:(L,W,R)=(72.26999pt, 469.75502pt, 72.26999pt)
* v-part:(T,H,B)=(72.26999pt, 650.43001pt, 72.26999pt)
* \paperwidth=614.295pt
* \paperheight=794.96999pt
* \textwidth=469.75502pt
* \textheight=650.43001pt
* \oddsidemargin=0.0pt
* \evensidemargin=0.0pt
* \topmargin=-37.0pt
* \headheight=12.0pt
* \headsep=25.0pt
* \topskip=10.0pt
* \footskip=30.0pt
* \marginparwidth=65.0pt
* \marginparsep=11.0pt
* \columnsep=10.0pt
* \skip\footins=9.0pt plus 4.0pt minus 2.0pt
* \hoffset=0.0pt
* \voffset=0.0pt
* \mag=1000
* \@twocolumnfalse
* \@twosidefalse
* \@mparswitchfalse
* \@reversemarginfalse
* (1in=72.27pt=25.4mm, 1cm=28.453pt)

LaTeX Font Info:    Try loading font information for U+msa on input line 24.
("C:\Program Files (x86)\MiKTeX 2.9\tex\latex\amsfonts\umsa.fd"
File: umsa.fd 2009/06/22 v3.00 AMS symbols A
)
LaTeX Font Info:    Try loading font information for U+msb on input line 24.

("C:\Program Files (x86)\MiKTeX 2.9\tex\latex\amsfonts\umsb.fd"
File: umsb.fd 2009/06/22 v3.00 AMS symbols B
) [1

{C:/ProgramData/MiKTeX/2.9/pdftex/config/pdftex.map}] [2] [3] [4]
Overfull \hbox (6.26724pt too wide) detected at line 232
\OML/cmm/m/it/10 L[] \OT1/cmr/m/n/10 = \OML/cmm/m/it/10 E\OT1/cmr/m/n/10 [\OMS/
cmsy/m/n/10 j\OML/cmm/m/it/10 w[]\OMS/cmsy/m/n/10 j j\OML/cmm/m/it/10 w[] \OMS/
cmsy/m/n/10 2 \OML/cmm/m/it/10 H[]\OT1/cmr/m/n/10 ] = 2 [][] \OML/cmm/m/it/10 w
 [] [] dw
 []

[5]
Overfull \hbox (50.37158pt too wide) detected at line 334
[] []
 []


Overfull \hbox (54.59705pt too wide) detected at line 340
\OML/cmm/m/it/10 H[] \OT1/cmr/m/n/10 = \OML/cmm/m/it/10 B[]E\OT1/cmr/m/n/10 [\O
MS/cmsy/m/n/10 j\OML/cmm/m/it/10 w[]\OMS/cmsy/m/n/10 jj\OML/cmm/m/it/10 w[] \OM
S/cmsy/m/n/10 2 \OML/cmm/m/it/10 H[]; \OMS/cmsy/m/n/10 j\OML/cmm/m/it/10 w[]\OM
S/cmsy/m/n/10 j \OML/cmm/m/it/10 > \OT1/cmr/m/n/10 ] = 2 [][] \OML/cmm/m/it/10
 h [] [] dh
 []

[6]
Overfull \hbox (51.97105pt too wide) detected at line 346
\OML/cmm/m/it/10 G[] \OT1/cmr/m/n/10 = \OML/cmm/m/it/10 B[]E\OT1/cmr/m/n/10 [\O
ML/cmm/m/it/10 w[]\OMS/cmsy/m/n/10 j\OML/cmm/m/it/10 w[] \OMS/cmsy/m/n/10 2 \OM
L/cmm/m/it/10 H[]; \OMS/cmsy/m/n/10 j\OML/cmm/m/it/10 w[]\OMS/cmsy/m/n/10 j \OM
L/cmm/m/it/10 > \OT1/cmr/m/n/10 ] = 2 [][] \OML/cmm/m/it/10 g[] [] [] dg
 []

[7] [8]
Overfull \hbox (78.39255pt too wide) detected at line 451
[] []
 []


Overfull \hbox (50.27118pt too wide) detected at line 465
[] []
 []

[9]
Overfull \hbox (183.04184pt too wide) detected at line 521
[] []
 []

[10]
Overfull \hbox (31.0328pt too wide) detected at line 532
[] []
 []

[11] [12] [13]
Overfull \hbox (27.56917pt too wide) detected at line 761
[] []
 []

[14]
Overfull \hbox (25.6445pt too wide) detected at line 767
\OML/cmm/m/it/10 L[] \OT1/cmr/m/n/10 = \OML/cmm/m/it/10 E\OT1/cmr/m/n/10 [\OML/
cmm/m/it/10 w[]\OMS/cmsy/m/n/10 j\OML/cmm/m/it/10 w[] \OMS/cmsy/m/n/10 2 \OML/c
mm/m/it/10 H[]; w[] > \OT1/cmr/m/n/10 0] = [][] \OML/cmm/m/it/10 w [] [] dw
 []


Overfull \hbox (7.07191pt too wide) detected at line 808
[] []
 []

[15] [16]
Overfull \hbox (44.81601pt too wide) detected at line 881
[] []
 []


Overfull \hbox (54.59705pt too wide) detected at line 887
\OML/cmm/m/it/10 H[] \OT1/cmr/m/n/10 = \OML/cmm/m/it/10 B[]E\OT1/cmr/m/n/10 [\O
MS/cmsy/m/n/10 j\OML/cmm/m/it/10 w[]\OMS/cmsy/m/n/10 jj\OML/cmm/m/it/10 w[] \OM
S/cmsy/m/n/10 2 \OML/cmm/m/it/10 H[]; \OMS/cmsy/m/n/10 j\OML/cmm/m/it/10 w[]\OM
S/cmsy/m/n/10 j \OML/cmm/m/it/10 > \OT1/cmr/m/n/10 ] = 2 [][] \OML/cmm/m/it/10
 h [] [] dh
 []


Overfull \hbox (51.97105pt too wide) detected at line 893
\OML/cmm/m/it/10 G[] \OT1/cmr/m/n/10 = \OML/cmm/m/it/10 B[]E\OT1/cmr/m/n/10 [\O
ML/cmm/m/it/10 w[]\OMS/cmsy/m/n/10 j\OML/cmm/m/it/10 w[] \OMS/cmsy/m/n/10 2 \OM
L/cmm/m/it/10 H[]; \OMS/cmsy/m/n/10 j\OML/cmm/m/it/10 w[]\OMS/cmsy/m/n/10 j \OM
L/cmm/m/it/10 > \OT1/cmr/m/n/10 ] = 2 [][] \OML/cmm/m/it/10 g[] [] [] dg
 []

[17]

Package amsmath Warning: Foreign command \atopwithdelims;
(amsmath)                \frac or \genfrac should be used instead
(amsmath)                 on input line 919.

[18]
Overfull \hbox (54.89351pt too wide) detected at line 971
[] []
 []

[19]
Overfull \hbox (109.42503pt too wide) detected at line 988
[] []
 []

<with_theory.png, id=85, 557.08125pt x 420.82219pt>
File: with_theory.png Graphic file (type png)
 <use with_theory.png>
Package pdftex.def Info: with_theory.png used on input line 995.
(pdftex.def)             Requested size: 361.34999pt x 272.97252pt.


LaTeX Warning: `!h' float specifier changed to `!ht'.

<mse_1.png, id=86, 421.575pt x 316.18124pt>
File: mse_1.png Graphic file (type png)
 <use mse_1.png>
Package pdftex.def Info: mse_1.png used on input line 1004.
(pdftex.def)             Requested size: 361.34999pt x 271.01802pt.


LaTeX Warning: `!h' float specifier changed to `!ht'.

<mse_2.png, id=87, 421.575pt x 316.18124pt>
File: mse_2.png Graphic file (type png)
 <use mse_2.png>
Package pdftex.def Info: mse_2.png used on input line 1011.
(pdftex.def)             Requested size: 361.34999pt x 271.01802pt.


LaTeX Warning: `!h' float specifier changed to `!ht'.

<mse_3.png, id=88, 421.575pt x 316.18124pt>
File: mse_3.png Graphic file (type png)
 <use mse_3.png>
Package pdftex.def Info: mse_3.png used on input line 1018.
(pdftex.def)             Requested size: 361.34999pt x 271.01802pt.


LaTeX Warning: `!h' float specifier changed to `!ht'.

<mse_4.png, id=89, 421.575pt x 316.18124pt>
File: mse_4.png Graphic file (type png)
 <use mse_4.png>
Package pdftex.def Info: mse_4.png used on input line 1025.
(pdftex.def)             Requested size: 361.34999pt x 271.01802pt.


LaTeX Warning: `!h' float specifier changed to `!ht'.

<auc_1.png, id=90, 421.575pt x 316.18124pt>
File: auc_1.png Graphic file (type png)
 <use auc_1.png>
Package pdftex.def Info: auc_1.png used on input line 1034.
(pdftex.def)             Requested size: 361.34999pt x 271.01802pt.


LaTeX Warning: `!h' float specifier changed to `!ht'.

<auc_2.png, id=91, 421.575pt x 316.18124pt>
File: auc_2.png Graphic file (type png)
 <use auc_2.png>
Package pdftex.def Info: auc_2.png used on input line 1041.
(pdftex.def)             Requested size: 361.34999pt x 271.01802pt.


LaTeX Warning: `!h' float specifier changed to `!ht'.

<auc_3.png, id=92, 421.575pt x 316.18124pt>
File: auc_3.png Graphic file (type png)
 <use auc_3.png>
Package pdftex.def Info: auc_3.png used on input line 1048.
(pdftex.def)             Requested size: 361.34999pt x 271.01802pt.


LaTeX Warning: `!h' float specifier changed to `!ht'.

<auc_4.png, id=93, 421.575pt x 316.18124pt>
File: auc_4.png Graphic file (type png)
 <use auc_4.png>
Package pdftex.def Info: auc_4.png used on input line 1055.
(pdftex.def)             Requested size: 361.34999pt x 271.01802pt.


LaTeX Warning: `!h' float specifier changed to `!ht'.

[20] [21 <C:/Users/asendorf/Dropbox/Research/Writeups_Papers_Conferences/Detect
ion Proofs/deterministic/with_theory.png (PNG copy)> <C:/Users/asendorf/Dropbox
/Research/Writeups_Papers_Conferences/Detection Proofs/deterministic/mse_1.png 
(PNG copy)>] [22 <C:/Users/asendorf/Dropbox/Research/Writeups_Papers_Conference
s/Detection Proofs/deterministic/mse_2.png (PNG copy)> <C:/Users/asendorf/Dropb
ox/Research/Writeups_Papers_Conferences/Detection Proofs/deterministic/mse_3.pn
g (PNG copy)>] [23 <C:/Users/asendorf/Dropbox/Research/Writeups_Papers_Conferen
ces/Detection Proofs/deterministic/mse_4.png (PNG copy)> <C:/Users/asendorf/Dro
pbox/Research/Writeups_Papers_Conferences/Detection Proofs/deterministic/auc_1.
png (PNG copy)>] [24 <C:/Users/asendorf/Dropbox/Research/Writeups_Papers_Confer
ences/Detection Proofs/deterministic/auc_2.png (PNG copy)> <C:/Users/asendorf/D
ropbox/Research/Writeups_Papers_Conferences/Detection Proofs/deterministic/auc_
3.png (PNG copy)>] [25 <C:/Users/asendorf/Dropbox/Research/Writeups_Papers_Conf
erences/Detection Proofs/deterministic/auc_4.png (PNG copy)>]
("C:\Users\asendorf\Dropbox\Research\Writeups_Papers_Conferences\Detection Proo
fs\deterministic\deterministic_hypothesis.aux") ) 
Here is how much of TeX's memory you used:
 3737 strings out of 494045
 49192 string characters out of 3145960
 131984 words of memory out of 3000000
 6930 multiletter control sequences out of 15000+200000
 19687 words of font info for 59 fonts, out of 3000000 for 9000
 715 hyphenation exceptions out of 8191
 42i,14n,24p,838b,237s stack positions out of 5000i,500n,10000p,200000b,50000s
 <C:\Users\asendorf\AppData\Lo
cal\MiKTeX\2.9\fonts\pk\ljfour\jknappen\ec\dpi600\ecrm0500.pk> <C:\Users\asendo
rf\AppData\Local\MiKTeX\2.9\fonts\pk\ljfour\jknappen\ec\dpi600\ecrm0700.pk> <C:
\Users\asendorf\AppData\Local\MiKTeX\2.9\fonts\pk\ljfour\jknappen\ec\dpi600\ecb
x1000.pk> <C:\Users\asendorf\AppData\Local\MiKTeX\2.9\fonts\pk\ljfour\jknappen\
ec\dpi600\ecbx1200.pk> <C:\Users\asendorf\AppData\Local\MiKTeX\2.9\fonts\pk\ljf
our\jknappen\ec\dpi600\ecrm1000.pk> <C:\Users\asendorf\AppData\Local\MiKTeX\2.9
\fonts\pk\ljfour\jknappen\ec\dpi600\ecbx1440.pk> <C:\Users\asendorf\AppData\Loc
al\MiKTeX\2.9\fonts\pk\ljfour\jknappen\ec\dpi600\ecrm1200.pk> <C:\Users\asendor
f\AppData\Local\MiKTeX\2.9\fonts\pk\ljfour\jknappen\ec\dpi600\ecrm1728.pk><C:/P
rogram Files (x86)/MiKTeX 2.9/fonts/type1/public/amsfonts/cm/cmbx10.pfb><C:/Pro
gram Files (x86)/MiKTeX 2.9/fonts/type1/public/amsfonts/cm/cmex10.pfb><C:/Progr
am Files (x86)/MiKTeX 2.9/fonts/type1/public/amsfonts/cmextra/cmex7.pfb><C:/Pro
gram Files (x86)/MiKTeX 2.9/fonts/type1/public/amsfonts/cm/cmmi10.pfb><C:/Progr
am Files (x86)/MiKTeX 2.9/fonts/type1/public/amsfonts/cm/cmmi12.pfb><C:/Program
 Files (x86)/MiKTeX 2.9/fonts/type1/public/amsfonts/cm/cmmi5.pfb><C:/Program Fi
les (x86)/MiKTeX 2.9/fonts/type1/public/amsfonts/cm/cmmi7.pfb><C:/Program Files
 (x86)/MiKTeX 2.9/fonts/type1/public/amsfonts/cm/cmr10.pfb><C:/Program Files (x
86)/MiKTeX 2.9/fonts/type1/public/amsfonts/cm/cmr12.pfb><C:/Program Files (x86)
/MiKTeX 2.9/fonts/type1/public/amsfonts/cm/cmr5.pfb><C:/Program Files (x86)/MiK
TeX 2.9/fonts/type1/public/amsfonts/cm/cmr7.pfb><C:/Program Files (x86)/MiKTeX 
2.9/fonts/type1/public/amsfonts/cm/cmsy10.pfb><C:/Program Files (x86)/MiKTeX 2.
9/fonts/type1/public/amsfonts/cm/cmsy7.pfb><C:/Program Files (x86)/MiKTeX 2.9/f
onts/type1/public/amsfonts/symbols/msam10.pfb><C:/Program Files (x86)/MiKTeX 2.
9/fonts/type1/public/amsfonts/symbols/msbm10.pfb>
Output written on deterministic_hypothesis.pdf (25 pages, 362191 bytes).
PDF statistics:
 392 PDF objects out of 1000 (max. 8388607)
 0 named destinations out of 1000 (max. 500000)
 46 words of extra memory for PDF output out of 10000 (max. 10000000)

