This is pdfTeX, Version 3.1415926-2.3-1.40.12 (MiKTeX 2.9) (preloaded format=pdflatex 2011.8.30)  29 MAY 2012 10:30
entering extended mode
**C:/Users/asendorf/Dropbox/Research/Writeups_Papers_Conferences/IEEE_Paper/IEE
E_RMT_MSD.tex

(C:/Users/asendorf/Dropbox/Research/Writeups_Papers_Conferences/IEEE_Paper/IEEE
_RMT_MSD.tex
LaTeX2e <2011/06/27>
Babel <v3.8m> and hyphenation patterns for english, afrikaans, ancientgreek, ar
abic, armenian, assamese, basque, bengali, bokmal, bulgarian, catalan, coptic, 
croatian, czech, danish, dutch, esperanto, estonian, farsi, finnish, french, ga
lician, german, german-x-2009-06-19, greek, gujarati, hindi, hungarian, iceland
ic, indonesian, interlingua, irish, italian, kannada, kurmanji, lao, latin, lat
vian, lithuanian, malayalam, marathi, mongolian, mongolianlmc, monogreek, ngerm
an, ngerman-x-2009-06-19, nynorsk, oriya, panjabi, pinyin, polish, portuguese, 
romanian, russian, sanskrit, serbian, slovak, slovenian, spanish, swedish, swis
sgerman, tamil, telugu, turkish, turkmen, ukenglish, ukrainian, uppersorbian, u
senglishmax, welsh, loaded.

(C:\Users\asendorf\Dropbox\Research\Writeups_Papers_Conferences\IEEE_Paper\IEEE
tran.cls
Document Class: IEEEtran 2007/03/05 V1.7a by Michael Shell
-- See the "IEEEtran_HOWTO" manual for usage information.
-- http://www.michaelshell.org/tex/ieeetran/
\@IEEEtrantmpdimenA=\dimen102
\@IEEEtrantmpdimenB=\dimen103
\@IEEEtrantmpcountA=\count79
\@IEEEtrantmpcountB=\count80
\@IEEEtrantmptoksA=\toks14
LaTeX Font Info:    Try loading font information for OT1+ptm on input line 366.

("C:\Program Files (x86)\MiKTeX 2.9\tex\latex\psnfss\ot1ptm.fd"
File: ot1ptm.fd 2001/06/04 font definitions for OT1/ptm.
)
-- Using 8.5in x 11in (letter) paper.
-- Using PDF output.
\@IEEEnormalsizeunitybaselineskip=\dimen104
-- This is a 10 point document.
\CLASSINFOnormalsizebaselineskip=\dimen105
\CLASSINFOnormalsizeunitybaselineskip=\dimen106
\IEEEnormaljot=\dimen107
LaTeX Font Info:    Font shape `OT1/ptm/bx/n' in size <5> not available
(Font)              Font shape `OT1/ptm/b/n' tried instead on input line 724.
LaTeX Font Info:    Font shape `OT1/ptm/bx/it' in size <5> not available
(Font)              Font shape `OT1/ptm/b/it' tried instead on input line 724.
LaTeX Font Info:    Font shape `OT1/ptm/bx/n' in size <7> not available
(Font)              Font shape `OT1/ptm/b/n' tried instead on input line 724.
LaTeX Font Info:    Font shape `OT1/ptm/bx/it' in size <7> not available
(Font)              Font shape `OT1/ptm/b/it' tried instead on input line 724.
LaTeX Font Info:    Font shape `OT1/ptm/bx/n' in size <8> not available
(Font)              Font shape `OT1/ptm/b/n' tried instead on input line 724.
LaTeX Font Info:    Font shape `OT1/ptm/bx/it' in size <8> not available
(Font)              Font shape `OT1/ptm/b/it' tried instead on input line 724.
LaTeX Font Info:    Font shape `OT1/ptm/bx/n' in size <9> not available
(Font)              Font shape `OT1/ptm/b/n' tried instead on input line 724.
LaTeX Font Info:    Font shape `OT1/ptm/bx/it' in size <9> not available
(Font)              Font shape `OT1/ptm/b/it' tried instead on input line 724.
LaTeX Font Info:    Font shape `OT1/ptm/bx/n' in size <10> not available
(Font)              Font shape `OT1/ptm/b/n' tried instead on input line 724.
LaTeX Font Info:    Font shape `OT1/ptm/bx/it' in size <10> not available
(Font)              Font shape `OT1/ptm/b/it' tried instead on input line 724.
LaTeX Font Info:    Font shape `OT1/ptm/bx/n' in size <11> not available
(Font)              Font shape `OT1/ptm/b/n' tried instead on input line 724.
LaTeX Font Info:    Font shape `OT1/ptm/bx/it' in size <11> not available
(Font)              Font shape `OT1/ptm/b/it' tried instead on input line 724.
LaTeX Font Info:    Font shape `OT1/ptm/bx/n' in size <12> not available
(Font)              Font shape `OT1/ptm/b/n' tried instead on input line 724.
LaTeX Font Info:    Font shape `OT1/ptm/bx/it' in size <12> not available
(Font)              Font shape `OT1/ptm/b/it' tried instead on input line 724.
LaTeX Font Info:    Font shape `OT1/ptm/bx/n' in size <17> not available
(Font)              Font shape `OT1/ptm/b/n' tried instead on input line 724.
LaTeX Font Info:    Font shape `OT1/ptm/bx/it' in size <17> not available
(Font)              Font shape `OT1/ptm/b/it' tried instead on input line 724.
LaTeX Font Info:    Font shape `OT1/ptm/bx/n' in size <20> not available
(Font)              Font shape `OT1/ptm/b/n' tried instead on input line 724.
LaTeX Font Info:    Font shape `OT1/ptm/bx/it' in size <20> not available
(Font)              Font shape `OT1/ptm/b/it' tried instead on input line 724.
LaTeX Font Info:    Font shape `OT1/ptm/bx/n' in size <24> not available
(Font)              Font shape `OT1/ptm/b/n' tried instead on input line 724.
LaTeX Font Info:    Font shape `OT1/ptm/bx/it' in size <24> not available
(Font)              Font shape `OT1/ptm/b/it' tried instead on input line 724.
\IEEEilabelindentA=\dimen108
\IEEEilabelindentB=\dimen109
\IEEEilabelindent=\dimen110
\IEEEelabelindent=\dimen111
\IEEEdlabelindent=\dimen112
\IEEElabelindent=\dimen113
\IEEEiednormlabelsep=\dimen114
\IEEEiedmathlabelsep=\dimen115
\IEEEiedtopsep=\skip41
\c@section=\count81
\c@subsection=\count82
\c@subsubsection=\count83
\c@paragraph=\count84
\c@IEEEsubequation=\count85
\abovecaptionskip=\skip42
\belowcaptionskip=\skip43
\c@figure=\count86
\c@table=\count87
\@IEEEeqnnumcols=\count88
\@IEEEeqncolcnt=\count89
\@IEEEtmpitemindent=\dimen116
\c@IEEEbiography=\count90
\@IEEEtranrubishbin=\box26
) ("C:\Program Files (x86)\MiKTeX 2.9\tex\latex\ams\math\amstext.sty"
Package: amstext 2000/06/29 v2.01

("C:\Program Files (x86)\MiKTeX 2.9\tex\latex\ams\math\amsgen.sty"
File: amsgen.sty 1999/11/30 v2.0
\@emptytoks=\toks15
\ex@=\dimen117
))
("C:\Program Files (x86)\MiKTeX 2.9\tex\latex\ams\math\amsmath.sty"
Package: amsmath 2000/07/18 v2.13 AMS math features
\@mathmargin=\skip44

For additional information on amsmath, use the `?' option.
("C:\Program Files (x86)\MiKTeX 2.9\tex\latex\ams\math\amsbsy.sty"
Package: amsbsy 1999/11/29 v1.2d
\pmbraise@=\dimen118
)
("C:\Program Files (x86)\MiKTeX 2.9\tex\latex\ams\math\amsopn.sty"
Package: amsopn 1999/12/14 v2.01 operator names
)
\inf@bad=\count91
LaTeX Info: Redefining \frac on input line 211.
\uproot@=\count92
\leftroot@=\count93
LaTeX Info: Redefining \overline on input line 307.
\classnum@=\count94
\DOTSCASE@=\count95
LaTeX Info: Redefining \ldots on input line 379.
LaTeX Info: Redefining \dots on input line 382.
LaTeX Info: Redefining \cdots on input line 467.
\Mathstrutbox@=\box27
\strutbox@=\box28
\big@size=\dimen119
LaTeX Font Info:    Redeclaring font encoding OML on input line 567.
LaTeX Font Info:    Redeclaring font encoding OMS on input line 568.
\macc@depth=\count96
\c@MaxMatrixCols=\count97
\dotsspace@=\muskip10
\c@parentequation=\count98
\dspbrk@lvl=\count99
\tag@help=\toks16
\row@=\count100
\column@=\count101
\maxfields@=\count102
\andhelp@=\toks17
\eqnshift@=\dimen120
\alignsep@=\dimen121
\tagshift@=\dimen122
\tagwidth@=\dimen123
\totwidth@=\dimen124
\lineht@=\dimen125
\@envbody=\toks18
\multlinegap=\skip45
\multlinetaggap=\skip46
\mathdisplay@stack=\toks19
LaTeX Info: Redefining \[ on input line 2666.
LaTeX Info: Redefining \] on input line 2667.
)
("C:\Program Files (x86)\MiKTeX 2.9\tex\latex\amsfonts\amssymb.sty"
Package: amssymb 2009/06/22 v3.00

("C:\Program Files (x86)\MiKTeX 2.9\tex\latex\amsfonts\amsfonts.sty"
Package: amsfonts 2009/06/22 v3.00 Basic AMSFonts support
\symAMSa=\mathgroup4
\symAMSb=\mathgroup5
LaTeX Font Info:    Overwriting math alphabet `\mathfrak' in version `bold'
(Font)                  U/euf/m/n --> U/euf/b/n on input line 96.
))
("C:\Program Files (x86)\MiKTeX 2.9\tex\latex\graphics\graphicx.sty"
Package: graphicx 1999/02/16 v1.0f Enhanced LaTeX Graphics (DPC,SPQR)

("C:\Program Files (x86)\MiKTeX 2.9\tex\latex\graphics\keyval.sty"
Package: keyval 1999/03/16 v1.13 key=value parser (DPC)
\KV@toks@=\toks20
)
("C:\Program Files (x86)\MiKTeX 2.9\tex\latex\graphics\graphics.sty"
Package: graphics 2009/02/05 v1.0o Standard LaTeX Graphics (DPC,SPQR)

("C:\Program Files (x86)\MiKTeX 2.9\tex\latex\graphics\trig.sty"
Package: trig 1999/03/16 v1.09 sin cos tan (DPC)
)
("C:\Program Files (x86)\MiKTeX 2.9\tex\latex\00miktex\graphics.cfg"
File: graphics.cfg 2007/01/18 v1.5 graphics configuration of teTeX/TeXLive
)
Package graphics Info: Driver file: pdftex.def on input line 91.

("C:\Program Files (x86)\MiKTeX 2.9\tex\latex\pdftex-def\pdftex.def"
File: pdftex.def 2011/05/27 v0.06d Graphics/color for pdfTeX

("C:\Program Files (x86)\MiKTeX 2.9\tex\generic\oberdiek\infwarerr.sty"
Package: infwarerr 2010/04/08 v1.3 Providing info/warning/message (HO)
)
("C:\Program Files (x86)\MiKTeX 2.9\tex\generic\oberdiek\ltxcmds.sty"
Package: ltxcmds 2011/04/18 v1.20 LaTeX kernel commands for general use (HO)
)
\Gread@gobject=\count103
))
\Gin@req@height=\dimen126
\Gin@req@width=\dimen127
)
("C:\Program Files (x86)\MiKTeX 2.9\tex\latex\oberdiek\epstopdf.sty"
Package: epstopdf 2010/02/09 v2.5 Conversion with epstopdf on the fly (HO)

("C:\Program Files (x86)\MiKTeX 2.9\tex\latex\oberdiek\epstopdf-base.sty"
Package: epstopdf-base 2010/02/09 v2.5 Base part for package epstopdf

("C:\Program Files (x86)\MiKTeX 2.9\tex\latex\oberdiek\grfext.sty"
Package: grfext 2010/08/19 v1.1 Managing graphics extensions (HO)

("C:\Program Files (x86)\MiKTeX 2.9\tex\generic\oberdiek\kvdefinekeys.sty"
Package: kvdefinekeys 2011/04/07 v1.3 Defining keys (HO)
))
("C:\Program Files (x86)\MiKTeX 2.9\tex\latex\oberdiek\kvoptions.sty"
Package: kvoptions 2010/12/23 v3.10 Keyval support for LaTeX options (HO)

("C:\Program Files (x86)\MiKTeX 2.9\tex\generic\oberdiek\kvsetkeys.sty"
Package: kvsetkeys 2011/04/07 v1.13 Key value parser (HO)

("C:\Program Files (x86)\MiKTeX 2.9\tex\generic\oberdiek\etexcmds.sty"
Package: etexcmds 2011/02/16 v1.5 Prefix for e-TeX command names (HO)

("C:\Program Files (x86)\MiKTeX 2.9\tex\generic\oberdiek\ifluatex.sty"
Package: ifluatex 2010/03/01 v1.3 Provides the ifluatex switch (HO)
Package ifluatex Info: LuaTeX not detected.
)
Package etexcmds Info: Could not find \expanded.
(etexcmds)             That can mean that you are not using pdfTeX 1.50 or
(etexcmds)             that some package has redefined \expanded.
(etexcmds)             In the latter case, load this package earlier.
)))
("C:\Program Files (x86)\MiKTeX 2.9\tex\generic\oberdiek\pdftexcmds.sty"
Package: pdftexcmds 2011/04/22 v0.16 Utilities of pdfTeX for LuaTeX (HO)

("C:\Program Files (x86)\MiKTeX 2.9\tex\generic\oberdiek\ifpdf.sty"
Package: ifpdf 2011/01/30 v2.3 Provides the ifpdf switch (HO)
Package ifpdf Info: pdfTeX in PDF mode is detected.
)
Package pdftexcmds Info: LuaTeX not detected.
Package pdftexcmds Info: \pdf@primitive is available.
Package pdftexcmds Info: \pdf@ifprimitive is available.
Package pdftexcmds Info: \pdfdraftmode found.
)
Package grfext Info: Graphics extension search list:
(grfext)             [.png,.pdf,.jpg,.mps,.jpeg,.jbig2,.jb2,.PNG,.PDF,.JPG,.JPE
G,.JBIG2,.JB2,.eps]
(grfext)             \AppendGraphicsExtensions on input line 452.
))
("C:\Program Files (x86)\MiKTeX 2.9\tex\latex\algorithms\algorithm.sty"
Package: algorithm 2009/08/24 v0.1 Document Style `algorithm' - floating enviro
nment

("C:\Program Files (x86)\MiKTeX 2.9\tex\latex\float\float.sty"
Package: float 2001/11/08 v1.3d Float enhancements (AL)
\c@float@type=\count104
\float@exts=\toks21
\float@box=\box29
\@float@everytoks=\toks22
\@floatcapt=\box30
)
("C:\Program Files (x86)\MiKTeX 2.9\tex\latex\base\ifthen.sty"
Package: ifthen 2001/05/26 v1.1c Standard LaTeX ifthen package (DPC)
)
\@float@every@algorithm=\toks23
\c@algorithm=\count105
)
("C:\Program Files (x86)\MiKTeX 2.9\tex\latex\algorithms\algorithmic.sty"
Package: algorithmic 2009/08/24 v0.1 Document Style `algorithmic'
\c@ALC@unique=\count106
\c@ALC@line=\count107
\c@ALC@rem=\count108
\c@ALC@depth=\count109
\ALC@tlm=\skip47
\algorithmicindent=\skip48
)
(C:\Users\asendorf\Dropbox\Research\Writeups_Papers_Conferences\IEEE_Paper\book
tabs.sty
Package: booktabs 2005/04/14 v1.61803 publication quality tables
\heavyrulewidth=\dimen128
\lightrulewidth=\dimen129
\cmidrulewidth=\dimen130
\belowrulesep=\dimen131
\belowbottomsep=\dimen132
\aboverulesep=\dimen133
\abovetopsep=\dimen134
\cmidrulesep=\dimen135
\cmidrulekern=\dimen136
\defaultaddspace=\dimen137
\@cmidla=\count110
\@cmidlb=\count111
\@aboverulesep=\dimen138
\@belowrulesep=\dimen139
\@thisruleclass=\count112
\@lastruleclass=\count113
\@thisrulewidth=\dimen140
)
(C:\Users\asendorf\Dropbox\Research\Writeups_Papers_Conferences\IEEE_Paper\subf
igure.sty
Package: subfigure 1995/03/06 v2.0 subfigure package

Package: subfigure 1995/03/06 v2.0
\c@subfigure=\count114
\c@lofdepth=\count115
\c@subtable=\count116
\c@lotdepth=\count117
)
(C:\Users\asendorf\Dropbox\Research\Writeups_Papers_Conferences\IEEE_Paper\comm
ent.sty
\CommentStream=\write3
 Excluding comment 'comment')
("C:\Program Files (x86)\MiKTeX 2.9\tex\latex\graphics\color.sty"
Package: color 2005/11/14 v1.0j Standard LaTeX Color (DPC)

("C:\Program Files (x86)\MiKTeX 2.9\tex\latex\00miktex\color.cfg"
File: color.cfg 2007/01/18 v1.5 color configuration of teTeX/TeXLive
)
Package color Info: Driver file: pdftex.def on input line 130.
)
(C:\Users\asendorf\Dropbox\Research\Writeups_Papers_Conferences\IEEE_Paper\IEEE
_RMT_MSD_header.tex
\c@prop=\count118
\c@conj=\count119
\c@Th=\count120
\c@Corr=\count121
)
(C:\Users\asendorf\Dropbox\Research\Writeups_Papers_Conferences\IEEE_Paper\IEEE
_RMT_MSD.aux)
LaTeX Font Info:    Checking defaults for OML/cmm/m/it on input line 19.
LaTeX Font Info:    ... okay on input line 19.
LaTeX Font Info:    Checking defaults for T1/cmr/m/n on input line 19.
LaTeX Font Info:    ... okay on input line 19.
LaTeX Font Info:    Checking defaults for OT1/cmr/m/n on input line 19.
LaTeX Font Info:    ... okay on input line 19.
LaTeX Font Info:    Checking defaults for OMS/cmsy/m/n on input line 19.
LaTeX Font Info:    ... okay on input line 19.
LaTeX Font Info:    Checking defaults for OMX/cmex/m/n on input line 19.
LaTeX Font Info:    ... okay on input line 19.
LaTeX Font Info:    Checking defaults for U/cmr/m/n on input line 19.
LaTeX Font Info:    ... okay on input line 19.
 ("C:\Program Files (x86)\MiKTeX 2.9\tex\context\base\supp-pdf.mkii"
[Loading MPS to PDF converter (version 2006.09.02).]
\scratchcounter=\count122
\scratchdimen=\dimen141
\scratchbox=\box31
\nofMPsegments=\count123
\nofMParguments=\count124
\everyMPshowfont=\toks24
\MPscratchCnt=\count125
\MPscratchDim=\dimen142
\MPnumerator=\count126
\makeMPintoPDFobject=\count127
\everyMPtoPDFconversion=\toks25
)
(C:\Users\asendorf\Dropbox\Research\Writeups_Papers_Conferences\IEEE_Paper\abst
ract.tex
LaTeX Font Info:    Try loading font information for U+msa on input line 1.
 ("C:\Program Files (x86)\MiKTeX 2.9\tex\latex\amsfonts\umsa.fd"
File: umsa.fd 2009/06/22 v3.00 AMS symbols A
)
LaTeX Font Info:    Try loading font information for U+msb on input line 1.

("C:\Program Files (x86)\MiKTeX 2.9\tex\latex\amsfonts\umsb.fd"
File: umsb.fd 2009/06/22 v3.00 AMS symbols B
)
LaTeX Font Info:    Font shape `OT1/ptm/bx/n' in size <6> not available
(Font)              Font shape `OT1/ptm/b/n' tried instead on input line 1.
)
Underfull \hbox (badness 3792) in paragraph at lines 61--63
[]\OT1/ptm/b/it/9 Index Terms\OT1/ptm/b/n/9 ---Matched sub-space de-tec-tor, de
-ter-min-is-tic,
 []


(C:\Users\asendorf\Dropbox\Research\Writeups_Papers_Conferences\IEEE_Paper\intr
oduction.tex) [1{C:/ProgramData/MiKTeX/2.9/pdftex/config/pdftex.map}


]
(C:\Users\asendorf\Dropbox\Research\Writeups_Papers_Conferences\IEEE_Paper\prob
_state.tex
Overfull \hbox (12.19104pt too wide) detected at line 16
[]\OML/cmm/m/it/10 y \OT1/cmr/m/n/10 = [] \OML/cmm/m/it/10 ;
 []


Overfull \hbox (45.31242pt too wide) detected at line 28
[]\OML/cmm/m/it/10 y \OT1/cmr/m/n/10 = [] \OML/cmm/m/it/10 ;
 []

)
(C:\Users\asendorf\Dropbox\Research\Writeups_Papers_Conferences\IEEE_Paper\rmt.
tex
Underfull \hbox (badness 10000) in paragraph at lines 6--7

 []

** ATTENTION: \proof is deprecated (line 18). Use \IEEEproof instead.
[2]
Underfull \hbox (badness 10000) in paragraph at lines 31--33

 []

** ATTENTION: \proof is deprecated (line 40). Use \IEEEproof instead.

Underfull \hbox (badness 1895) in paragraph at lines 44--46
\OT1/ptm/m/n/10 our deriva-tions in Sec-tions IV[], V[], and VI[]. We ap-ply
 []


Underfull \hbox (badness 10000) in paragraph at lines 44--46

 []

** ATTENTION: \proof is deprecated (line 64). Use \IEEEproof instead.

Overfull \hbox (22.21152pt too wide) detected at line 72
[] [] \OMS/cmsy/m/n/10 ) N [] \OML/cmm/m/it/10 ;
 []

** ATTENTION: \proof is deprecated (line 75). Use \IEEEproof instead.

Underfull \hbox (badness 10000) in paragraph at lines 85--87

 []

** ATTENTION: \proof is deprecated (line 94). Use \IEEEproof instead.
)
(C:\Users\asendorf\Dropbox\Research\Writeups_Papers_Conferences\IEEE_Paper\msd_
stoch.tex
Overfull \hbox (27.89063pt too wide) has occurred while \output is active
[]\OT1/ptm/m/n/7 ASENDORF AND NADAKUDITI: THE PERFORMANCE OF A MATCHED SUBSPACE
 DETECTOR THAT USES SUBSPACES ESTIMATED FROM FINITE, NOISY, TRAINING DATA 3
 []

[3] [4]
Overfull \hbox (212.90134pt too wide) in paragraph at lines 80--88
 [][] 
 []

)
(C:\Users\asendorf\Dropbox\Research\Writeups_Papers_Conferences\IEEE_Paper\msd_
determ.tex
Overfull \hbox (23.27011pt too wide) detected at line 49
\OML/cmm/m/it/10 S[] \OT1/cmr/m/n/10 := [] \OML/cmm/m/it/10 ;      A[] \OT1/cmr
/m/n/10 := [] \OML/cmm/m/it/10 :
 []


Overfull \hbox (27.89063pt too wide) has occurred while \output is active
[]\OT1/ptm/m/n/7 ASENDORF AND NADAKUDITI: THE PERFORMANCE OF A MATCHED SUBSPACE
 DETECTOR THAT USES SUBSPACES ESTIMATED FROM FINITE, NOISY, TRAINING DATA 5
 []

[5])
(C:\Users\asendorf\Dropbox\Research\Writeups_Papers_Conferences\IEEE_Paper\roc_
theory.tex [6])
(C:\Users\asendorf\Dropbox\Research\Writeups_Papers_Conferences\IEEE_Paper\resu
lts.tex <figures/stoch_errorbar_small.pdf, id=46, 641.39626pt x 459.7175pt>
File: figures/stoch_errorbar_small.pdf Graphic file (type pdf)

<use figures/stoch_errorbar_small.pdf>
Package pdftex.def Info: figures/stoch_errorbar_small.pdf used on input line 17
.
(pdftex.def)             Requested size: 108.405pt x 77.69498pt.

<figures/stoch_errorbar_med.pdf, id=47, 641.39626pt x 457.71pt>
File: figures/stoch_errorbar_med.pdf Graphic file (type pdf)

<use figures/stoch_errorbar_med.pdf>
Package pdftex.def Info: figures/stoch_errorbar_med.pdf used on input line 21.
(pdftex.def)             Requested size: 108.405pt x 77.3557pt.

<figures/stoch_errorbar_large.pdf, id=48, 641.39626pt x 458.71375pt>
File: figures/stoch_errorbar_large.pdf Graphic file (type pdf)

<use figures/stoch_errorbar_large.pdf>
Package pdftex.def Info: figures/stoch_errorbar_large.pdf used on input line 25
.
(pdftex.def)             Requested size: 108.405pt x 77.52534pt.

<figures/stoch_n_effect.pdf, id=49, 632.3625pt x 461.725pt>
File: figures/stoch_n_effect.pdf Graphic file (type pdf)

<use figures/stoch_n_effect.pdf>
Package pdftex.def Info: figures/stoch_n_effect.pdf used on input line 29.
(pdftex.def)             Requested size: 108.405pt x 79.14743pt.

<figures/oracle_rmt.pdf, id=50, 633.36626pt x 463.7325pt>
File: figures/oracle_rmt.pdf Graphic file (type pdf)

<use figures/oracle_rmt.pdf>
Package pdftex.def Info: figures/oracle_rmt.pdf used on input line 40.
(pdftex.def)             Requested size: 216.81pt x 158.74251pt.

Overfull \hbox (27.89063pt too wide) has occurred while \output is active
[]\OT1/ptm/m/n/7 ASENDORF AND NADAKUDITI: THE PERFORMANCE OF A MATCHED SUBSPACE
 DETECTOR THAT USES SUBSPACES ESTIMATED FROM FINITE, NOISY, TRAINING DATA 7
 []

[7] <figures/stoch_roc_pred.pdf, id=55, 649.42625pt x 503.8825pt>
File: figures/stoch_roc_pred.pdf Graphic file (type pdf)

<use figures/stoch_roc_pred.pdf>
Package pdftex.def Info: figures/stoch_roc_pred.pdf used on input line 52.
(pdftex.def)             Requested size: 216.81pt x 168.21927pt.

<figures/determ_roc_pred.pdf, id=56, 647.41875pt x 485.815pt>
File: figures/determ_roc_pred.pdf Graphic file (type pdf)

<use figures/determ_roc_pred.pdf>
Package pdftex.def Info: figures/determ_roc_pred.pdf used on input line 59.
(pdftex.def)             Requested size: 216.81pt x 162.69157pt.
 [8 <C:/Users/asendorf/Dropbox/Research/Writeups_Papers_Conferences/IEEE_Paper/
figures/stoch_errorbar_small.pdf> <C:/Users/asendorf/Dropbox/Research/Writeups_
Papers_Conferences/IEEE_Paper/figures/stoch_errorbar_med.pdf> <C:/Users/asendor
f/Dropbox/Research/Writeups_Papers_Conferences/IEEE_Paper/figures/stoch_errorba
r_large.pdf> <C:/Users/asendorf/Dropbox/Research/Writeups_Papers_Conferences/IE
EE_Paper/figures/stoch_n_effect.pdf> <C:/Users/asendorf/Dropbox/Research/Writeu
ps_Papers_Conferences/IEEE_Paper/figures/oracle_rmt.pdf> <C:/Users/asendorf/Dro
pbox/Research/Writeups_Papers_Conferences/IEEE_Paper/figures/stoch_roc_pred.pdf
>]
<figures/stoch_m_large.pdf, id=100, 632.3625pt x 461.725pt>
File: figures/stoch_m_large.pdf Graphic file (type pdf)

<use figures/stoch_m_large.pdf>
Package pdftex.def Info: figures/stoch_m_large.pdf used on input line 72.
(pdftex.def)             Requested size: 216.81pt x 158.3019pt.

<figures/stoch_m_small.pdf, id=101, 635.37375pt x 461.725pt>
File: figures/stoch_m_small.pdf Graphic file (type pdf)

<use figures/stoch_m_small.pdf>
Package pdftex.def Info: figures/stoch_m_small.pdf used on input line 79.
(pdftex.def)             Requested size: 216.81pt x 157.5551pt.

<figures/stoch_khat.pdf, id=102, 655.44875pt x 488.82625pt>
File: figures/stoch_khat.pdf Graphic file (type pdf)

<use figures/stoch_khat.pdf>
Package pdftex.def Info: figures/stoch_khat.pdf used on input line 93.
(pdftex.def)             Requested size: 216.81pt x 161.69356pt.

Overfull \hbox (27.89063pt too wide) has occurred while \output is active
[]\OT1/ptm/m/n/7 ASENDORF AND NADAKUDITI: THE PERFORMANCE OF A MATCHED SUBSPACE
 DETECTOR THAT USES SUBSPACES ESTIMATED FROM FINITE, NOISY, TRAINING DATA 9
 []

[9 <C:/Users/asendorf/Dropbox/Research/Writeups_Papers_Conferences/IEEE_Paper/f
igures/determ_roc_pred.pdf> <C:/Users/asendorf/Dropbox/Research/Writeups_Papers
_Conferences/IEEE_Paper/figures/stoch_m_large.pdf> <C:/Users/asendorf/Dropbox/R
esearch/Writeups_Papers_Conferences/IEEE_Paper/figures/stoch_m_small.pdf>]
<figures/stoch_samples.pdf, id=132, 615.29875pt x 460.72125pt>
File: figures/stoch_samples.pdf Graphic file (type pdf)

<use figures/stoch_samples.pdf>
Package pdftex.def Info: figures/stoch_samples.pdf used on input line 106.
(pdftex.def)             Requested size: 216.81pt x 162.33748pt.

<figures/determ_rmt_theory_contour_large_keff.pdf, id=133, 480.79625pt x 459.71
75pt>
File: figures/determ_rmt_theory_contour_large_keff.pdf Graphic file (type pdf)
 <use figures/determ_rmt_theory_contour_large_keff.pdf>
Package pdftex.def Info: figures/determ_rmt_theory_contour_large_keff.pdf used 
on input line 116.
(pdftex.def)             Requested size: 180.67499pt x 172.75839pt.

<figures/determ_rmt_theory_contour_small_keff.pdf, id=134, 480.79625pt x 458.71
375pt>
File: figures/determ_rmt_theory_contour_small_keff.pdf Graphic file (type pdf)
 <use figures/determ_rmt_theory_contour_small_keff.pdf>
Package pdftex.def Info: figures/determ_rmt_theory_contour_small_keff.pdf used 
on input line 123.
(pdftex.def)             Requested size: 180.67499pt x 172.3812pt.
 [10 <C:/Users/asendorf/Dropbox/Research/Writeups_Papers_Conferences/IEEE_Paper
/figures/stoch_khat.pdf> <C:/Users/asendorf/Dropbox/Research/Writeups_Papers_Co
nferences/IEEE_Paper/figures/stoch_samples.pdf> <C:/Users/asendorf/Dropbox/Rese
arch/Writeups_Papers_Conferences/IEEE_Paper/figures/determ_rmt_theory_contour_l
arge_keff.pdf> <C:/Users/asendorf/Dropbox/Research/Writeups_Papers_Conferences/
IEEE_Paper/figures/determ_rmt_theory_contour_small_keff.pdf>])
(C:\Users\asendorf\Dropbox\Research\Writeups_Papers_Conferences\IEEE_Paper\conc
lusion.tex)
(C:\Users\asendorf\Dropbox\Research\Writeups_Papers_Conferences\IEEE_Paper\appe
ndix.tex
** ATTENTION: \proof is deprecated (line 1). Use \IEEEproof instead.

Overfull \hbox (2.66127pt too wide) detected at line 41
\OML/cmm/m/it/10 M[] [] [] [] []
 []


Overfull \hbox (31.39063pt too wide) has occurred while \output is active
[]\OT1/ptm/m/n/7 ASENDORF AND NADAKUDITI: THE PERFORMANCE OF A MATCHED SUBSPACE
 DETECTOR THAT USES SUBSPACES ESTIMATED FROM FINITE, NOISY, TRAINING DATA 11
 []

[11]
Overfull \hbox (41.52008pt too wide) detected at line 45
\OML/cmm/m/it/10 M[] [] [] [] []
 []

)
(C:\Users\asendorf\Dropbox\Research\Writeups_Papers_Conferences\IEEE_Paper\IEEE
_RMT_MSD.bbl
LaTeX Font Info:    Try loading font information for OT1+pcr on input line 98.
 ("C:\Program Files (x86)\MiKTeX 2.9\tex\latex\psnfss\ot1pcr.fd"
File: ot1pcr.fd 2001/06/04 font definitions for OT1/pcr.
))
[12]
Overfull \hbox (31.39063pt too wide) has occurred while \output is active
[]\OT1/ptm/m/n/7 ASENDORF AND NADAKUDITI: THE PERFORMANCE OF A MATCHED SUBSPACE
 DETECTOR THAT USES SUBSPACES ESTIMATED FROM FINITE, NOISY, TRAINING DATA 13
 []

[13

]
(C:\Users\asendorf\Dropbox\Research\Writeups_Papers_Conferences\IEEE_Paper\IEEE
_RMT_MSD.aux) ) 
Here is how much of TeX's memory you used:
 3852 strings out of 494045
 58562 string characters out of 3145960
 129060 words of memory out of 3000000
 7009 multiletter control sequences out of 15000+200000
 55263 words of font info for 111 fonts, out of 3000000 for 9000
 718 hyphenation exceptions out of 8191
 42i,15n,28p,1516b,296s stack positions out of 5000i,500n,10000p,200000b,50000s
{C:/Program Files (x86)/MiKTeX 2.9/fonts/enc/dvips/fontname/8r.e
nc}<C:/Program Files (x86)/MiKTeX 2.9/fonts/type1/public/amsfonts/cm/cmbx10.pfb
><C:/Program Files (x86)/MiKTeX 2.9/fonts/type1/public/amsfonts/cm/cmbx8.pfb><C
:/Program Files (x86)/MiKTeX 2.9/fonts/type1/public/amsfonts/cm/cmex10.pfb><C:/
Program Files (x86)/MiKTeX 2.9/fonts/type1/public/amsfonts/cmextra/cmex7.pfb><C
:/Program Files (x86)/MiKTeX 2.9/fonts/type1/public/amsfonts/cmextra/cmex8.pfb>
<C:/Program Files (x86)/MiKTeX 2.9/fonts/type1/public/amsfonts/cm/cmmi10.pfb><C
:/Program Files (x86)/MiKTeX 2.9/fonts/type1/public/amsfonts/cm/cmmi5.pfb><C:/P
rogram Files (x86)/MiKTeX 2.9/fonts/type1/public/amsfonts/cm/cmmi6.pfb><C:/Prog
ram Files (x86)/MiKTeX 2.9/fonts/type1/public/amsfonts/cm/cmmi7.pfb><C:/Program
 Files (x86)/MiKTeX 2.9/fonts/type1/public/amsfonts/cm/cmmi8.pfb><C:/Program Fi
les (x86)/MiKTeX 2.9/fonts/type1/public/amsfonts/cm/cmmi9.pfb><C:/Program Files
 (x86)/MiKTeX 2.9/fonts/type1/public/amsfonts/cm/cmr10.pfb><C:/Program Files (x
86)/MiKTeX 2.9/fonts/type1/public/amsfonts/cm/cmr5.pfb><C:/Program Files (x86)/
MiKTeX 2.9/fonts/type1/public/amsfonts/cm/cmr6.pfb><C:/Program Files (x86)/MiKT
eX 2.9/fonts/type1/public/amsfonts/cm/cmr7.pfb><C:/Program Files (x86)/MiKTeX 2
.9/fonts/type1/public/amsfonts/cm/cmr8.pfb><C:/Program Files (x86)/MiKTeX 2.9/f
onts/type1/public/amsfonts/cm/cmsy10.pfb><C:/Program Files (x86)/MiKTeX 2.9/fon
ts/type1/public/amsfonts/cm/cmsy6.pfb><C:/Program Files (x86)/MiKTeX 2.9/fonts/
type1/public/amsfonts/cm/cmsy7.pfb><C:/Program Files (x86)/MiKTeX 2.9/fonts/typ
e1/public/amsfonts/cm/cmsy8.pfb><C:/Program Files (x86)/MiKTeX 2.9/fonts/type1/
public/amsfonts/cm/cmsy9.pfb><C:/Program Files (x86)/MiKTeX 2.9/fonts/type1/pub
lic/amsfonts/symbols/msam10.pfb><C:/Program Files (x86)/MiKTeX 2.9/fonts/type1/
public/amsfonts/symbols/msbm10.pfb><C:/Program Files (x86)/MiKTeX 2.9/fonts/typ
e1/urw/courier/ucrr8a.pfb><C:/Program Files (x86)/MiKTeX 2.9/fonts/type1/urw/ti
mes/utmb8a.pfb><C:/Program Files (x86)/MiKTeX 2.9/fonts/type1/urw/times/utmbi8a
.pfb><C:/Program Files (x86)/MiKTeX 2.9/fonts/type1/urw/times/utmr8a.pfb><C:/Pr
ogram Files (x86)/MiKTeX 2.9/fonts/type1/urw/times/utmri8a.pfb>
Output written on IEEE_RMT_MSD.pdf (13 pages, 989636 bytes).
PDF statistics:
 263 PDF objects out of 1000 (max. 8388607)
 0 named destinations out of 1000 (max. 500000)
 66 words of extra memory for PDF output out of 10000 (max. 10000000)

