\BOOKMARK [0][-]{i.0}{Table of Contents}{}
\BOOKMARK [0][-]{section*.2}{List of Figures}{}
\BOOKMARK [0][-]{section*.3}{List of Tables}{}
\BOOKMARK [0][-]{section*.4}{Abstract}{}
\BOOKMARK [0][-]{chapter.1}{Introduction}{}
\BOOKMARK [1][-]{section.1.1}{Multi-Modal Data Fusion}{chapter.1}
\BOOKMARK [1][-]{section.1.2}{Canonical Correlation Analysis \(CCA\)}{chapter.1}
\BOOKMARK [1][-]{section.1.3}{Contributions and Outline}{chapter.1}
\BOOKMARK [0][-]{chapter.2}{Background: Canonical Correlation Analysis \(CCA\)}{}
\BOOKMARK [1][-]{section.2.1}{Mathematical Formulation of CCA}{chapter.2}
\BOOKMARK [1][-]{section.2.2}{Empirical CCA}{chapter.2}
\BOOKMARK [1][-]{section.2.3}{Performance of Empirical CCA}{chapter.2}
\BOOKMARK [1][-]{section.2.4}{Informative CCA \(ICCA\)}{chapter.2}
\BOOKMARK [0][-]{chapter.3}{Performance of Matched Subspace Detectors Using Finite Training Data}{}
\BOOKMARK [1][-]{section.3.1}{Introduction}{chapter.3}
\BOOKMARK [1][-]{section.3.2}{Data Models and Parameter Estimation}{chapter.3}
\BOOKMARK [1][-]{section.3.3}{Standard Detector Derivations}{chapter.3}
\BOOKMARK [1][-]{section.3.4}{Problem Statements}{chapter.3}
\BOOKMARK [1][-]{section.3.5}{Pertinent Results from Random Matrix Theory}{chapter.3}
\BOOKMARK [1][-]{section.3.6}{Derivation of New RMT Matched Subspace Detectors}{chapter.3}
\BOOKMARK [1][-]{section.3.7}{Theoretical ROC Curve Predictions}{chapter.3}
\BOOKMARK [1][-]{section.3.8}{Discussion and Insights}{chapter.3}
\BOOKMARK [1][-]{section.3.9}{Conclusion}{chapter.3}
\BOOKMARK [0][-]{chapter.4}{Useful Subspace Components in Deterministic Matched Subspace Detectors}{}
\BOOKMARK [1][-]{section.4.1}{Introduction}{chapter.4}
\BOOKMARK [1][-]{section.4.2}{Problem Formulation}{chapter.4}
\BOOKMARK [1][-]{section.4.3}{Useful Components In Energy Detectors}{chapter.4}
\BOOKMARK [1][-]{section.4.4}{Application to Deterministic Matched Subspace Detectors}{chapter.4}
\BOOKMARK [1][-]{section.4.5}{Extension - Weighted Energy Detector}{chapter.4}
\BOOKMARK [1][-]{section.4.6}{Conclusion}{chapter.4}
\BOOKMARK [0][-]{chapter.5}{Low-Rank Gauss-Gauss Detection with Two Datasets}{}
\BOOKMARK [1][-]{section.5.1}{Data Model}{chapter.5}
\BOOKMARK [1][-]{section.5.2}{LRT Detector Derivation}{chapter.5}
\BOOKMARK [1][-]{section.5.3}{CCA Detector Equivalency}{chapter.5}
\BOOKMARK [1][-]{section.5.4}{Empirical Detectors}{chapter.5}
\BOOKMARK [0][-]{chapter.6}{Regularized CCA \(RCCA\)}{}
\BOOKMARK [1][-]{section.6.1}{Mathematical Formulation of RCCA}{chapter.6}
\BOOKMARK [1][-]{section.6.2}{Empirical RCCA}{chapter.6}
\BOOKMARK [1][-]{section.6.3}{Performance of Empirical RCCA}{chapter.6}
\BOOKMARK [1][-]{section.6.4}{Informative RCCA \(IRCCA\)}{chapter.6}
\BOOKMARK [1][-]{section.6.5}{Limiting as }{chapter.6}
\BOOKMARK [1][-]{section.6.6}{Conclusion}{chapter.6}
\BOOKMARK [0][-]{chapter.7}{Significance Tests}{}
\BOOKMARK [1][-]{section.7.1}{Distribution of CCA Correlations}{chapter.7}
\BOOKMARK [1][-]{section.7.2}{Distribution of ICCA Correlations}{chapter.7}
\BOOKMARK [1][-]{section.7.3}{Distribution of RCCA Correlations}{chapter.7}
\BOOKMARK [0][-]{chapter.8}{Kernel CCA \(KCCA\)}{}
\BOOKMARK [1][-]{section.8.1}{KCCA Derivation}{chapter.8}
\BOOKMARK [1][-]{section.8.2}{Informative KCCA \(IKCCA\)}{chapter.8}
\BOOKMARK [0][-]{chapter.9}{Multiset CCA \(MCCA\)}{}
\BOOKMARK [1][-]{section.9.1}{Mathematical Formulation of MCCA}{chapter.9}
\BOOKMARK [1][-]{section.9.2}{Theoretical and Empirical MCCA Derivations}{chapter.9}
\BOOKMARK [0][-]{chapter.10}{Future Work}{}
\BOOKMARK [1][-]{section.10.1}{Real World Datasets}{chapter.10}
\BOOKMARK [1][-]{section.10.2}{Future Work in CCA and ICCA}{chapter.10}
\BOOKMARK [1][-]{section.10.3}{Future Work in RCCA and IRCCA}{chapter.10}
\BOOKMARK [1][-]{section.10.4}{Future Work in KCCA and ICCA}{chapter.10}
\BOOKMARK [1][-]{section.10.5}{Future Work in MCCA}{chapter.10}
\BOOKMARK [1][-]{section.10.6}{Timeline}{chapter.10}
\BOOKMARK [0][-]{section*.43}{Appendices}{}
\BOOKMARK [0][-]{Theoretical and Empirical MCCA Derivations.0}{Theoretical and Empirical MCCA Derivations}{}
\BOOKMARK [1][-]{section.A.1}{Problem 1a}{Theoretical and Empirical MCCA Derivations.0}
\BOOKMARK [1][-]{section.A.2}{Problem 1b}{Theoretical and Empirical MCCA Derivations.0}
\BOOKMARK [1][-]{section.A.3}{Problem 1c}{Theoretical and Empirical MCCA Derivations.0}
\BOOKMARK [1][-]{section.A.4}{Problem 1d}{Theoretical and Empirical MCCA Derivations.0}
\BOOKMARK [1][-]{section.A.5}{Problem 2a}{Theoretical and Empirical MCCA Derivations.0}
\BOOKMARK [1][-]{section.A.6}{Problem 2b}{Theoretical and Empirical MCCA Derivations.0}
\BOOKMARK [1][-]{section.A.7}{Problem 2c}{Theoretical and Empirical MCCA Derivations.0}
\BOOKMARK [1][-]{section.A.8}{Problem 2d}{Theoretical and Empirical MCCA Derivations.0}
\BOOKMARK [1][-]{section.A.9}{Problem 3a}{Theoretical and Empirical MCCA Derivations.0}
\BOOKMARK [1][-]{section.A.10}{Problem 3b}{Theoretical and Empirical MCCA Derivations.0}
\BOOKMARK [1][-]{section.A.11}{Problem 3c}{Theoretical and Empirical MCCA Derivations.0}
\BOOKMARK [1][-]{section.A.12}{Problem 3d}{Theoretical and Empirical MCCA Derivations.0}
\BOOKMARK [1][-]{section.A.13}{Problem 4a}{Theoretical and Empirical MCCA Derivations.0}
\BOOKMARK [1][-]{section.A.14}{Problem 4b}{Theoretical and Empirical MCCA Derivations.0}
\BOOKMARK [1][-]{section.A.15}{Problem 4c}{Theoretical and Empirical MCCA Derivations.0}
\BOOKMARK [1][-]{section.A.16}{Problem 4d}{Theoretical and Empirical MCCA Derivations.0}
\BOOKMARK [1][-]{section.A.17}{Problems 5a-d Theory}{Theoretical and Empirical MCCA Derivations.0}
\BOOKMARK [1][-]{section.A.18}{Problem 5a Empirical}{Theoretical and Empirical MCCA Derivations.0}
\BOOKMARK [1][-]{section.A.19}{Problem 5b Empirical}{Theoretical and Empirical MCCA Derivations.0}
\BOOKMARK [1][-]{section.A.20}{Problem 5c Empirical}{Theoretical and Empirical MCCA Derivations.0}
\BOOKMARK [1][-]{section.A.21}{Problem 5d Empirical}{Theoretical and Empirical MCCA Derivations.0}
\BOOKMARK [0][-]{section*.45}{Bibliography}{}
