This is pdfTeX, Version 3.1415926-1.40.10 (TeX Live 2009/Debian) (format=pdflatex 2012.6.27)  13 OCT 2012 12:51
entering extended mode
 %&-line parsing enabled.
**IEEE_RMT_MSD.tex
(./IEEE_RMT_MSD.tex
LaTeX2e <2009/09/24>
Babel <v3.8l> and hyphenation patterns for english, usenglishmax, dumylang, noh
yphenation, loaded.
(./IEEEtran.cls
Document Class: IEEEtran 2007/03/05 V1.7a by Michael Shell
-- See the "IEEEtran_HOWTO" manual for usage information.
-- http://www.michaelshell.org/tex/ieeetran/
\@IEEEtrantmpdimenA=\dimen102
\@IEEEtrantmpdimenB=\dimen103
\@IEEEtrantmpcountA=\count79
\@IEEEtrantmpcountB=\count80
\@IEEEtrantmptoksA=\toks14
LaTeX Font Info:    Try loading font information for OT1+ptm on input line 366.

(/usr/share/texmf-texlive/tex/latex/psnfss/ot1ptm.fd
File: ot1ptm.fd 2001/06/04 font definitions for OT1/ptm.
)
-- Using 8.5in x 11in (letter) paper.
-- Using PDF output.
\@IEEEnormalsizeunitybaselineskip=\dimen104
-- This is a 10 point document.
\CLASSINFOnormalsizebaselineskip=\dimen105
\CLASSINFOnormalsizeunitybaselineskip=\dimen106
\IEEEnormaljot=\dimen107
LaTeX Font Info:    Font shape `OT1/ptm/bx/n' in size <5> not available
(Font)              Font shape `OT1/ptm/b/n' tried instead on input line 724.
LaTeX Font Info:    Font shape `OT1/ptm/bx/it' in size <5> not available
(Font)              Font shape `OT1/ptm/b/it' tried instead on input line 724.
LaTeX Font Info:    Font shape `OT1/ptm/bx/n' in size <7> not available
(Font)              Font shape `OT1/ptm/b/n' tried instead on input line 724.
LaTeX Font Info:    Font shape `OT1/ptm/bx/it' in size <7> not available
(Font)              Font shape `OT1/ptm/b/it' tried instead on input line 724.
LaTeX Font Info:    Font shape `OT1/ptm/bx/n' in size <8> not available
(Font)              Font shape `OT1/ptm/b/n' tried instead on input line 724.
LaTeX Font Info:    Font shape `OT1/ptm/bx/it' in size <8> not available
(Font)              Font shape `OT1/ptm/b/it' tried instead on input line 724.
LaTeX Font Info:    Font shape `OT1/ptm/bx/n' in size <9> not available
(Font)              Font shape `OT1/ptm/b/n' tried instead on input line 724.
LaTeX Font Info:    Font shape `OT1/ptm/bx/it' in size <9> not available
(Font)              Font shape `OT1/ptm/b/it' tried instead on input line 724.
LaTeX Font Info:    Font shape `OT1/ptm/bx/n' in size <10> not available
(Font)              Font shape `OT1/ptm/b/n' tried instead on input line 724.
LaTeX Font Info:    Font shape `OT1/ptm/bx/it' in size <10> not available
(Font)              Font shape `OT1/ptm/b/it' tried instead on input line 724.
LaTeX Font Info:    Font shape `OT1/ptm/bx/n' in size <11> not available
(Font)              Font shape `OT1/ptm/b/n' tried instead on input line 724.
LaTeX Font Info:    Font shape `OT1/ptm/bx/it' in size <11> not available
(Font)              Font shape `OT1/ptm/b/it' tried instead on input line 724.
LaTeX Font Info:    Font shape `OT1/ptm/bx/n' in size <12> not available
(Font)              Font shape `OT1/ptm/b/n' tried instead on input line 724.
LaTeX Font Info:    Font shape `OT1/ptm/bx/it' in size <12> not available
(Font)              Font shape `OT1/ptm/b/it' tried instead on input line 724.
LaTeX Font Info:    Font shape `OT1/ptm/bx/n' in size <17> not available
(Font)              Font shape `OT1/ptm/b/n' tried instead on input line 724.
LaTeX Font Info:    Font shape `OT1/ptm/bx/it' in size <17> not available
(Font)              Font shape `OT1/ptm/b/it' tried instead on input line 724.
LaTeX Font Info:    Font shape `OT1/ptm/bx/n' in size <20> not available
(Font)              Font shape `OT1/ptm/b/n' tried instead on input line 724.
LaTeX Font Info:    Font shape `OT1/ptm/bx/it' in size <20> not available
(Font)              Font shape `OT1/ptm/b/it' tried instead on input line 724.
LaTeX Font Info:    Font shape `OT1/ptm/bx/n' in size <24> not available
(Font)              Font shape `OT1/ptm/b/n' tried instead on input line 724.
LaTeX Font Info:    Font shape `OT1/ptm/bx/it' in size <24> not available
(Font)              Font shape `OT1/ptm/b/it' tried instead on input line 724.
\IEEEilabelindentA=\dimen108
\IEEEilabelindentB=\dimen109
\IEEEilabelindent=\dimen110
\IEEEelabelindent=\dimen111
\IEEEdlabelindent=\dimen112
\IEEElabelindent=\dimen113
\IEEEiednormlabelsep=\dimen114
\IEEEiedmathlabelsep=\dimen115
\IEEEiedtopsep=\skip41
\c@section=\count81
\c@subsection=\count82
\c@subsubsection=\count83
\c@paragraph=\count84
\c@IEEEsubequation=\count85
\abovecaptionskip=\skip42
\belowcaptionskip=\skip43
\c@figure=\count86
\c@table=\count87
\@IEEEeqnnumcols=\count88
\@IEEEeqncolcnt=\count89
\@IEEEtmpitemindent=\dimen116
\c@IEEEbiography=\count90
\@IEEEtranrubishbin=\box26
) (/usr/share/texmf-texlive/tex/latex/amsmath/amstext.sty
Package: amstext 2000/06/29 v2.01

(/usr/share/texmf-texlive/tex/latex/amsmath/amsgen.sty
File: amsgen.sty 1999/11/30 v2.0
\@emptytoks=\toks15
\ex@=\dimen117
))
(/usr/share/texmf-texlive/tex/latex/amsmath/amsmath.sty
Package: amsmath 2000/07/18 v2.13 AMS math features
\@mathmargin=\skip44

For additional information on amsmath, use the `?' option.
(/usr/share/texmf-texlive/tex/latex/amsmath/amsbsy.sty
Package: amsbsy 1999/11/29 v1.2d
\pmbraise@=\dimen118
)
(/usr/share/texmf-texlive/tex/latex/amsmath/amsopn.sty
Package: amsopn 1999/12/14 v2.01 operator names
)
\inf@bad=\count91
LaTeX Info: Redefining \frac on input line 211.
\uproot@=\count92
\leftroot@=\count93
LaTeX Info: Redefining \overline on input line 307.
\classnum@=\count94
\DOTSCASE@=\count95
LaTeX Info: Redefining \ldots on input line 379.
LaTeX Info: Redefining \dots on input line 382.
LaTeX Info: Redefining \cdots on input line 467.
\Mathstrutbox@=\box27
\strutbox@=\box28
\big@size=\dimen119
LaTeX Font Info:    Redeclaring font encoding OML on input line 567.
LaTeX Font Info:    Redeclaring font encoding OMS on input line 568.
\macc@depth=\count96
\c@MaxMatrixCols=\count97
\dotsspace@=\muskip10
\c@parentequation=\count98
\dspbrk@lvl=\count99
\tag@help=\toks16
\row@=\count100
\column@=\count101
\maxfields@=\count102
\andhelp@=\toks17
\eqnshift@=\dimen120
\alignsep@=\dimen121
\tagshift@=\dimen122
\tagwidth@=\dimen123
\totwidth@=\dimen124
\lineht@=\dimen125
\@envbody=\toks18
\multlinegap=\skip45
\multlinetaggap=\skip46
\mathdisplay@stack=\toks19
LaTeX Info: Redefining \[ on input line 2666.
LaTeX Info: Redefining \] on input line 2667.
)
(/usr/share/texmf-texlive/tex/latex/amsfonts/amssymb.sty
Package: amssymb 2009/06/22 v3.00

(/usr/share/texmf-texlive/tex/latex/amsfonts/amsfonts.sty
Package: amsfonts 2009/06/22 v3.00 Basic AMSFonts support
\symAMSa=\mathgroup4
\symAMSb=\mathgroup5
LaTeX Font Info:    Overwriting math alphabet `\mathfrak' in version `bold'
(Font)                  U/euf/m/n --> U/euf/b/n on input line 96.
))
(/usr/share/texmf-texlive/tex/latex/graphics/graphicx.sty
Package: graphicx 1999/02/16 v1.0f Enhanced LaTeX Graphics (DPC,SPQR)

(/usr/share/texmf-texlive/tex/latex/graphics/keyval.sty
Package: keyval 1999/03/16 v1.13 key=value parser (DPC)
\KV@toks@=\toks20
)
(/usr/share/texmf-texlive/tex/latex/graphics/graphics.sty
Package: graphics 2009/02/05 v1.0o Standard LaTeX Graphics (DPC,SPQR)

(/usr/share/texmf-texlive/tex/latex/graphics/trig.sty
Package: trig 1999/03/16 v1.09 sin cos tan (DPC)
)
(/etc/texmf/tex/latex/config/graphics.cfg
File: graphics.cfg 2009/08/28 v1.8 graphics configuration of TeX Live
)
Package graphics Info: Driver file: pdftex.def on input line 91.

(/usr/share/texmf-texlive/tex/latex/pdftex-def/pdftex.def
File: pdftex.def 2010/03/12 v0.04p Graphics/color for pdfTeX
\Gread@gobject=\count103
))
\Gin@req@height=\dimen126
\Gin@req@width=\dimen127
)
(/usr/share/texmf-texlive/tex/latex/oberdiek/epstopdf.sty
Package: epstopdf 2009/10/17 v2.4 Conversion with epstopdf on the fly (HO)

(/usr/share/texmf-texlive/tex/latex/oberdiek/epstopdf-base.sty
Package: epstopdf-base 2009/10/17 v2.4 Base part for package epstopdf

(/usr/share/texmf-texlive/tex/generic/oberdiek/infwarerr.sty
Package: infwarerr 2007/09/09 v1.2 Providing info/warning/message (HO)
)
(/usr/share/texmf-texlive/tex/latex/oberdiek/grfext.sty
Package: grfext 2007/09/30 v1.0 Managing graphics extensions (HO)
)
(/usr/share/texmf-texlive/tex/latex/oberdiek/kvoptions.sty
Package: kvoptions 2009/08/13 v3.4 Keyval support for LaTeX options (HO)

(/usr/share/texmf-texlive/tex/generic/oberdiek/kvsetkeys.sty
Package: kvsetkeys 2009/07/30 v1.5 Key value parser with default handler suppor
t (HO)

(/usr/share/texmf-texlive/tex/generic/oberdiek/etexcmds.sty
Package: etexcmds 2007/12/12 v1.2 Prefix for e-TeX command names (HO)
Package etexcmds Info: Could not find \expanded.
(etexcmds)             That can mean that you are not using pdfTeX 1.50 or
(etexcmds)             that some package has redefined \expanded.
(etexcmds)             In the latter case, load this package earlier.
)))
(/usr/share/texmf-texlive/tex/generic/oberdiek/pdftexcmds.sty
Package: pdftexcmds 2009/09/23 v0.6 LuaTeX support for pdfTeX utility functions
 (HO)

(/usr/share/texmf-texlive/tex/generic/oberdiek/ifluatex.sty
Package: ifluatex 2009/04/17 v1.2 Provides the ifluatex switch (HO)
Package ifluatex Info: LuaTeX not detected.
)
(/usr/share/texmf-texlive/tex/generic/oberdiek/ltxcmds.sty
Package: ltxcmds 2009/08/05 v1.0 Some LaTeX kernel commands for general use (HO
)
)
Package pdftexcmds Info: LuaTeX not detected.
Package pdftexcmds Info: \pdf@primitive is available.
Package pdftexcmds Info: \pdf@ifprimitive is available.
)

Package epstopdf Warning: Shell escape feature is not enabled.

Package grfext Info: Graphics extension search list:
(grfext)             [.png,.pdf,.jpg,.mps,.jpeg,.jbig2,.jb2,.PNG,.PDF,.JPG,.JPE
G,.JBIG2,.JB2,.eps]
(grfext)             \AppendGraphicsExtensions on input line 433.
(/usr/share/texmf-texlive/tex/latex/latexconfig/epstopdf-sys.cfg
File: epstopdf-sys.cfg 2009/10/26 v1.1 Configuration of epstopdf for TeX Live
)))
(/usr/share/texmf-texlive/tex/latex/algorithms/algorithm.sty
Package: algorithm 2009/08/24 v0.1 Document Style `algorithm' - floating enviro
nment

(/usr/share/texmf-texlive/tex/latex/float/float.sty
Package: float 2001/11/08 v1.3d Float enhancements (AL)
\c@float@type=\count104
\float@exts=\toks21
\float@box=\box29
\@float@everytoks=\toks22
\@floatcapt=\box30
)
(/usr/share/texmf-texlive/tex/latex/base/ifthen.sty
Package: ifthen 2001/05/26 v1.1c Standard LaTeX ifthen package (DPC)
)
\@float@every@algorithm=\toks23
\c@algorithm=\count105
)
(/usr/share/texmf-texlive/tex/latex/algorithms/algorithmic.sty
Package: algorithmic 2009/08/24 v0.1 Document Style `algorithmic'
\c@ALC@unique=\count106
\c@ALC@line=\count107
\c@ALC@rem=\count108
\c@ALC@depth=\count109
\ALC@tlm=\skip47
\algorithmicindent=\skip48
) (./booktabs.sty
Package: booktabs 2005/04/14 v1.61803 publication quality tables
\heavyrulewidth=\dimen128
\lightrulewidth=\dimen129
\cmidrulewidth=\dimen130
\belowrulesep=\dimen131
\belowbottomsep=\dimen132
\aboverulesep=\dimen133
\abovetopsep=\dimen134
\cmidrulesep=\dimen135
\cmidrulekern=\dimen136
\defaultaddspace=\dimen137
\@cmidla=\count110
\@cmidlb=\count111
\@aboverulesep=\dimen138
\@belowrulesep=\dimen139
\@thisruleclass=\count112
\@lastruleclass=\count113
\@thisrulewidth=\dimen140
) (/usr/share/texmf-texlive/tex/latex/subfigure/subfigure.sty
Package: subfigure 2002/03/15 v2.1.5 subfigure package
\subfigtopskip=\skip49
\subfigcapskip=\skip50
\subfigcaptopadj=\dimen141
\subfigbottomskip=\skip51
\subfigcapmargin=\dimen142
\subfiglabelskip=\skip52
\c@subfigure=\count114
\c@lofdepth=\count115
\c@subtable=\count116
\c@lotdepth=\count117

****************************************
* Local config file subfigure.cfg used *
****************************************
(/usr/share/texmf-texlive/tex/latex/subfigure/subfigure.cfg)
\subfig@top=\skip53
\subfig@bottom=\skip54
) (./comment.sty
\CommentStream=\write3

Excluding comment 'comment')
(/usr/share/texmf-texlive/tex/latex/graphics/color.sty
Package: color 2005/11/14 v1.0j Standard LaTeX Color (DPC)

(/etc/texmf/tex/latex/config/color.cfg
File: color.cfg 2007/01/18 v1.5 color configuration of teTeX/TeXLive
)
Package color Info: Driver file: pdftex.def on input line 130.
) (./IEEE_RMT_MSD_header.tex
\c@prop=\count118
\c@conj=\count119
\c@Th=\count120
\c@Corr=\count121
\c@Conj=\count122
\c@Remark=\count123
)
(./IEEE_RMT_MSD.aux)
\openout1 = `IEEE_RMT_MSD.aux'.

LaTeX Font Info:    Checking defaults for OML/cmm/m/it on input line 20.
LaTeX Font Info:    ... okay on input line 20.
LaTeX Font Info:    Checking defaults for T1/cmr/m/n on input line 20.
LaTeX Font Info:    ... okay on input line 20.
LaTeX Font Info:    Checking defaults for OT1/cmr/m/n on input line 20.
LaTeX Font Info:    ... okay on input line 20.
LaTeX Font Info:    Checking defaults for OMS/cmsy/m/n on input line 20.
LaTeX Font Info:    ... okay on input line 20.
LaTeX Font Info:    Checking defaults for OMX/cmex/m/n on input line 20.
LaTeX Font Info:    ... okay on input line 20.
LaTeX Font Info:    Checking defaults for U/cmr/m/n on input line 20.
LaTeX Font Info:    ... okay on input line 20.
 (/usr/share/texmf-texlive/tex/context/base/supp-pdf.mkii
[Loading MPS to PDF converter (version 2006.09.02).]
\scratchcounter=\count124
\scratchdimen=\dimen143
\scratchbox=\box31
\nofMPsegments=\count125
\nofMParguments=\count126
\everyMPshowfont=\toks24
\MPscratchCnt=\count127
\MPscratchDim=\dimen144
\MPnumerator=\count128
\everyMPtoPDFconversion=\toks25
) (./abstract.tex
LaTeX Font Info:    Try loading font information for U+msa on input line 1.
 (/usr/share/texmf-texlive/tex/latex/amsfonts/umsa.fd
File: umsa.fd 2009/06/22 v3.00 AMS symbols A
)
LaTeX Font Info:    Try loading font information for U+msb on input line 1.

(/usr/share/texmf-texlive/tex/latex/amsfonts/umsb.fd
File: umsb.fd 2009/06/22 v3.00 AMS symbols B
))
Underfull \hbox (badness 3792) in paragraph at lines 62--64
[]\OT1/ptm/b/it/9 Index Terms\OT1/ptm/b/n/9 ---Matched sub-space de-tec-tor, de
-ter-min-is-tic,
 []

(./introduction.tex [1{/var/lib/texmf/fonts/map/pdftex/updmap/pdftex.map}


])
(./data_models.tex
Underfull \hbox (badness 1635) in paragraph at lines 18--18
[][]\OT1/ptm/m/n/10 Given $[]$ and the sig-nal bear-ing train-ing data $\OML/cm
m/m/it/10 Y \OT1/cmr/m/n/10 =
 []

[2]
Overfull \hbox (19.67429pt too wide) detected at line 44
[]\OML/cmm/m/it/9 y \OT1/cmr/m/n/9 = [] \OML/cmm/m/it/9 ;
 []

) (./std_detec.tex
Overfull \hbox (27.89063pt too wide) has occurred while \output is active
[]\OT1/ptm/m/n/7 ASENDORF AND NADAKUDITI: THE PERFORMANCE OF A MATCHED SUBSPACE
 DETECTOR THAT USES SUBSPACES ESTIMATED FROM FINITE, NOISY, TRAINING DATA 3
 []

[3] <figures/stoch_oracle_plugin.pdf, id=33, 463.7325pt x 377.41pt>
File: figures/stoch_oracle_plugin.pdf Graphic file (type pdf)

<use figures/stoch_oracle_plugin.pdf>
<figures/determ_oracle_plugin.pdf, id=34, 466.74374pt x 378.41376pt>
File: figures/determ_oracle_plugin.pdf Graphic file (type pdf)

<use figures/determ_oracle_plugin.pdf>
<figures/epsilon_graph.pdf, id=35, 472.76625pt x 378.41376pt>
File: figures/epsilon_graph.pdf Graphic file (type pdf)

<use figures/epsilon_graph.pdf>) (./prob_state.tex [4 <./figures/stoch_oracle_p
lugin.pdf> <./figures/determ_oracle_plugin.pdf>]) (./rmt.tex
** ATTENTION: \proof is deprecated (line 17). Use \IEEEproof instead.

Overfull \hbox (27.89063pt too wide) has occurred while \output is active
[]\OT1/ptm/m/n/7 ASENDORF AND NADAKUDITI: THE PERFORMANCE OF A MATCHED SUBSPACE
 DETECTOR THAT USES SUBSPACES ESTIMATED FROM FINITE, NOISY, TRAINING DATA 5
 []

[5 <./figures/epsilon_graph.pdf>]
** ATTENTION: \proof is deprecated (line 37). Use \IEEEproof instead.
** ATTENTION: \proof is deprecated (line 57). Use \IEEEproof instead.
** ATTENTION: \proof is deprecated (line 78). Use \IEEEproof instead.

Overfull \hbox (22.21152pt too wide) detected at line 86
[] [] \OMS/cmsy/m/n/10 ) N [] \OML/cmm/m/it/10 ;
 []

** ATTENTION: \proof is deprecated (line 89). Use \IEEEproof instead.
) (./rmt_detecs.tex [6]
Overfull \hbox (7.50148pt too wide) detected at line 10
[] []
 []


Overfull \hbox (19.0527pt too wide) detected at line 58
[][]\OML/cmm/m/it/10 :
 []


Overfull \hbox (29.0519pt too wide) detected at line 64
\OML/cmm/m/it/9 B[] \OT1/cmr/m/n/9 := [] \OML/cmm/m/it/9 ;  A[] \OT1/cmr/m/n/9 
:= [] \OML/cmm/m/it/9 :
 []


Underfull \hbox (badness 3333) in paragraph at lines 69--75
\OT1/ptm/m/n/10 We use (17[]) and Propo-si-tion 5.1[] to es-ti-mate $\OML/cmm/m
/it/10 a[] \OT1/cmr/m/n/10 =
 []

) (./roc_theory.tex
Overfull \hbox (27.89063pt too wide) has occurred while \output is active
[]\OT1/ptm/m/n/7 ASENDORF AND NADAKUDITI: THE PERFORMANCE OF A MATCHED SUBSPACE
 DETECTOR THAT USES SUBSPACES ESTIMATED FROM FINITE, NOISY, TRAINING DATA 7
 []

[7]
Overfull \hbox (1.0723pt too wide) detected at line 24
[] []
 []

[8]) (./results.tex
<figures/stoch_n_effect1.pdf, id=80, 463.7325pt x 381.425pt>
File: figures/stoch_n_effect1.pdf Graphic file (type pdf)

<use figures/stoch_n_effect1.pdf>
<figures/stoch_n_effect4.pdf, id=81, 463.7325pt x 378.41376pt>
File: figures/stoch_n_effect4.pdf Graphic file (type pdf)

<use figures/stoch_n_effect4.pdf>
<figures/stoch_roc_pred.pdf, id=82, 465.74pt x 396.48125pt>
File: figures/stoch_roc_pred.pdf Graphic file (type pdf)

<use figures/stoch_roc_pred.pdf>
<figures/determ_roc_pred.pdf, id=83, 484.81125pt x 396.48125pt>
File: figures/determ_roc_pred.pdf Graphic file (type pdf)

<use figures/determ_roc_pred.pdf>
Overfull \hbox (27.89063pt too wide) has occurred while \output is active
[]\OT1/ptm/m/n/7 ASENDORF AND NADAKUDITI: THE PERFORMANCE OF A MATCHED SUBSPACE
 DETECTOR THAT USES SUBSPACES ESTIMATED FROM FINITE, NOISY, TRAINING DATA 9
 []

[9 <./figures/stoch_n_effect1.pdf> <./figures/stoch_n_effect4.pdf>]
<figures/stoch_m_large.pdf, id=97, 461.725pt x 378.41376pt>
File: figures/stoch_m_large.pdf Graphic file (type pdf)

<use figures/stoch_m_large.pdf>
<figures/stoch_m_small.pdf, id=98, 463.7325pt x 376.40625pt>
File: figures/stoch_m_small.pdf Graphic file (type pdf)

<use figures/stoch_m_small.pdf> [10 <./figures/stoch_roc_pred.pdf> <./figures/d
eterm_roc_pred.pdf> <./figures/stoch_m_large.pdf> <./figures/stoch_m_small.pdf>
] <figures/determ_m_large.pdf, id=142, 461.725pt x 376.40625pt>
File: figures/determ_m_large.pdf Graphic file (type pdf)

<use figures/determ_m_large.pdf>
<figures/determ_m_small.pdf, id=143, 462.72874pt x 377.41pt>
File: figures/determ_m_small.pdf Graphic file (type pdf)

<use figures/determ_m_small.pdf>
<figures/stoch_theory_epsilon_graph.pdf, id=144, 471.7625pt x 378.41376pt>
File: figures/stoch_theory_epsilon_graph.pdf Graphic file (type pdf)

<use figures/stoch_theory_epsilon_graph.pdf>
<figures/determ_theory_epsilon_graph.pdf, id=145, 471.7625pt x 378.41376pt>
File: figures/determ_theory_epsilon_graph.pdf Graphic file (type pdf)

<use figures/determ_theory_epsilon_graph.pdf>
<figures/stoch_khat_graph.pdf, id=146, 468.75125pt x 389.455pt>
File: figures/stoch_khat_graph.pdf Graphic file (type pdf)

<use figures/stoch_khat_graph.pdf>
<figures/determ_khat_graph.pdf, id=147, 467.7475pt x 390.45876pt>
File: figures/determ_khat_graph.pdf Graphic file (type pdf)

<use figures/determ_khat_graph.pdf>) (./conclusion.tex
Overfull \hbox (31.39063pt too wide) has occurred while \output is active
[]\OT1/ptm/m/n/7 ASENDORF AND NADAKUDITI: THE PERFORMANCE OF A MATCHED SUBSPACE
 DETECTOR THAT USES SUBSPACES ESTIMATED FROM FINITE, NOISY, TRAINING DATA 11
 []

[11 <./figures/determ_m_large.pdf> <./figures/determ_m_small.pdf> <./figures/st
och_theory_epsilon_graph.pdf> <./figures/determ_theory_epsilon_graph.pdf> <./fi
gures/stoch_khat_graph.pdf> <./figures/determ_khat_graph.pdf>]) (./appendix.tex
** ATTENTION: \proof is deprecated (line 2). Use \IEEEproof instead.

Underfull \hbox (badness 3815) in paragraph at lines 21--23
\OT1/ptm/m/n/10 where for $\OML/cmm/m/it/10 r \OT1/cmr/m/n/10 = 1\OML/cmm/m/it/
10 ; [] ; k$\OT1/ptm/m/n/10 , $\OML/cmm/m/it/10 j \OT1/cmr/m/n/10 = 1\OML/cmm/m
/it/10 ; [] ; k$\OT1/ptm/m/n/10 , $\OML/cmm/m/it/10 ^^V[] \OT1/cmr/m/n/10 =
 []


Overfull \hbox (7.10568pt too wide) detected at line 34
\OML/cmm/m/it/10 M[] [] [] [] [] :
 []


Overfull \hbox (3.52538pt too wide) detected at line 38
\OML/cmm/m/it/8 M[] [] [] [] []
 []

) (./IEEE_RMT_MSD.bbl [12])
Overfull \hbox (31.39063pt too wide) has occurred while \output is active
[]\OT1/ptm/m/n/7 ASENDORF AND NADAKUDITI: THE PERFORMANCE OF A MATCHED SUBSPACE
 DETECTOR THAT USES SUBSPACES ESTIMATED FROM FINITE, NOISY, TRAINING DATA 13
 []

[13] (./IEEE_RMT_MSD.aux) ) 
Here is how much of TeX's memory you used:
 3736 strings out of 495061
 53542 string characters out of 1182621
 133873 words of memory out of 3000000
 6779 multiletter control sequences out of 15000+50000
 51031 words of font info for 105 fonts, out of 3000000 for 9000
 31 hyphenation exceptions out of 8191
 41i,16n,26p,1626b,300s stack positions out of 5000i,500n,10000p,200000b,50000s
{/usr/share/texmf-texlive/fonts/enc/dvips/base/8r.en
c}</usr/share/texmf-texlive/fonts/type1/public/amsfonts/cm/cmbx10.pfb></usr/sha
re/texmf-texlive/fonts/type1/public/amsfonts/cm/cmbx8.pfb></usr/share/texmf-tex
live/fonts/type1/public/amsfonts/cm/cmex10.pfb></usr/share/texmf-texlive/fonts/
type1/public/amsfonts/cmextra/cmex7.pfb></usr/share/texmf-texlive/fonts/type1/p
ublic/amsfonts/cmextra/cmex8.pfb></usr/share/texmf-texlive/fonts/type1/public/a
msfonts/cmextra/cmex9.pfb></usr/share/texmf-texlive/fonts/type1/public/amsfonts
/cm/cmmi10.pfb></usr/share/texmf-texlive/fonts/type1/public/amsfonts/cm/cmmi5.p
fb></usr/share/texmf-texlive/fonts/type1/public/amsfonts/cm/cmmi6.pfb></usr/sha
re/texmf-texlive/fonts/type1/public/amsfonts/cm/cmmi7.pfb></usr/share/texmf-tex
live/fonts/type1/public/amsfonts/cm/cmmi8.pfb></usr/share/texmf-texlive/fonts/t
ype1/public/amsfonts/cm/cmmi9.pfb></usr/share/texmf-texlive/fonts/type1/public/
amsfonts/cm/cmr10.pfb></usr/share/texmf-texlive/fonts/type1/public/amsfonts/cm/
cmr5.pfb></usr/share/texmf-texlive/fonts/type1/public/amsfonts/cm/cmr6.pfb></us
r/share/texmf-texlive/fonts/type1/public/amsfonts/cm/cmr7.pfb></usr/share/texmf
-texlive/fonts/type1/public/amsfonts/cm/cmr8.pfb></usr/share/texmf-texlive/font
s/type1/public/amsfonts/cm/cmr9.pfb></usr/share/texmf-texlive/fonts/type1/publi
c/amsfonts/cm/cmsy10.pfb></usr/share/texmf-texlive/fonts/type1/public/amsfonts/
cm/cmsy6.pfb></usr/share/texmf-texlive/fonts/type1/public/amsfonts/cm/cmsy7.pfb
></usr/share/texmf-texlive/fonts/type1/public/amsfonts/cm/cmsy8.pfb></usr/share
/texmf-texlive/fonts/type1/public/amsfonts/cm/cmsy9.pfb></usr/share/texmf-texli
ve/fonts/type1/public/amsfonts/symbols/msam10.pfb></usr/share/texmf-texlive/fon
ts/type1/public/amsfonts/symbols/msbm10.pfb></usr/share/texmf-texlive/fonts/typ
e1/urw/times/utmb8a.pfb></usr/share/texmf-texlive/fonts/type1/urw/times/utmbi8a
.pfb></usr/share/texmf-texlive/fonts/type1/urw/times/utmr8a.pfb></usr/share/tex
mf-texlive/fonts/type1/urw/times/utmri8a.pfb>
Output written on IEEE_RMT_MSD.pdf (13 pages, 1140473 bytes).
PDF statistics:
 301 PDF objects out of 1000 (max. 8388607)
 0 named destinations out of 1000 (max. 500000)
 76 words of extra memory for PDF output out of 10000 (max. 10000000)

